

<!DOCTYPE html>
<html>
<head>
<meta charset="UTF-8">
<meta name="viewport" content="width=device-width, initial-scale=1, shrink-to-fit=no">
<title>Extent</title>
<link rel="apple-touch-icon" href="https://cdn.jsdelivr.net/gh/extent-framework/extent-github-cdn@b00a2d0486596e73dd7326beacf352c639623a0e/commons/img/logo.png">
<link rel="shortcut icon" href="https://cdn.jsdelivr.net/gh/extent-framework/extent-github-cdn@b00a2d0486596e73dd7326beacf352c639623a0e/commons/img/logo.png">
<link href="https://cdn.jsdelivr.net/gh/extent-framework/extent-github-cdn@d6562a79075e061305ccfdb82f01e5e195e2d307/spark/css/spark-style.css" rel="stylesheet" />
<link href="https://stackpath.bootstrapcdn.com/font-awesome/4.7.0/css/font-awesome.min.css" rel="stylesheet">
<script src="https://cdn.jsdelivr.net/gh/extent-framework/extent-github-cdn@7cc78ce/spark/js/jsontree.js"></script>
<style type="text/css"></style></head><body class="spa bdd-report dark">
  <div class="app">
    <div class="layout">
<div class="header navbar">
<div class="vheader">
<div class="nav-logo">
<a href="#">
<div class="logo" style="background-image: url('https://cdn.jsdelivr.net/gh/extent-framework/extent-github-cdn@b00a2d0486596e73dd7326beacf352c639623a0e/commons/img/logo.png')"></div>
</a>
</div>
<ul class="nav-left">
<li class="search-box">
<a class="search-toggle" href="#">
<i class="search-icon fa fa-search"></i>
<i class="search-icon-close fa fa-close"></i>
</a>
</li>
<li class="search-input"><input id="search-tests" class="form-control" type="text" placeholder="Search..."></li>
</ul>
<ul class="nav-right">
<li class="m-r-10">
<a href="#"><span class="badge badge-primary">LMS_Hackathon_Team16_Report</span></a>
</li>
<li class="m-r-10">
<a href="#"><span class="badge badge-primary">Sep 13, 2023 12:16:22 AM</span></a>
</li>
</ul>
</div>
</div><div class="side-nav">
<div class="side-nav-inner">
<ul class="side-nav-menu">
<li class="nav-item dropdown" onclick="toggleView('dashboard-view')">
<a id="nav-dashboard" class="dropdown-toggle" href="#">
<span class="ico"><i class="fa fa-bar-chart"></i></span>
</a>
</li>
<li class="nav-item dropdown" onclick="toggleView('test-view')">
<a id="nav-test" class="dropdown-toggle" href="#">
<span class="ico"><i class="fa fa-list"></i></span>
</a>
</li>
<li class="nav-item dropdown" onclick="toggleView('exception-view')">
<a id="nav-exception" class="dropdown-toggle" href="#">
<span class="ico"><i class="fa fa-bug"></i></span>
</a>
</li>
</ul>
</div>
</div>      <div class="vcontainer">
        <div class="main-content">
<div class="container-fluid p-4 view dashboard-view">
<div class="row">
<div class="col-md-3">
<div class="card"><div class="card-body">
<p class="m-b-0">Started</p>
<h3>Sep 13, 2023 12:16:22 AM</h3>
</div></div>
</div>
<div class="col-md-3">
<div class="card"><div class="card-body">
<p class="m-b-0">Ended</p>
<h3>Sep 13, 2023 12:17:51 AM</h3>
</div></div>
</div>
<div class="col-md-3">
<div class="card"><div class="card-body">
<p class="m-b-0 text-pass">Features Passed</p>
<h3>0</h3>
</div></div>
</div>
<div class="col-md-3">
<div class="card"><div class="card-body">
<p class="m-b-0 text-fail">Features Failed</p>
<h3>9</h3>
</div></div>
</div>
</div>
<div class="row">
<div class="col-md-4">
<div class="card">
<div class="card-header">
<h6 class="card-title">Features</h6>
</div>
<div class="card-body">
<div class="">
<canvas id='parent-analysis' width='115' height='90'></canvas>
</div>
</div>
<div class="card-footer">
<div><small data-tooltip='0%'>
<b>0</b> features passed
</small>
</div>
<div>
<small data-tooltip='100%'><b>9</b> features failed,
<b>0</b> skipped, <b data-tooltip='0%'>0</b> others
</small>
</div>
</div>
</div>
</div>
<div class="col-md-4">
<div class="card">
<div class="card-header">
<h6 class="card-title">Scenarios</h6>
</div>
<div class="card-body">
<div class="">
<canvas id='child-analysis' width='115' height='90'></canvas>
</div>
</div>
<div class="card-footer">
<div><small data-tooltip='2%'><b>2</b> scenarios passed</small></div>
<div>
<small data-tooltip='97%'><b>72</b> scenarios failed,
<b>0</b> skipped, <b data-tooltip='%'>0</b> others
</small>
</div>
</div>
</div>
</div>
<div class="col-md-4">
<div class="card">
<div class="card-header">
<h6 class="card-title">Steps</h6>
</div>
<div class="card-body">
<div class="">
<canvas id='grandchild-analysis' width='115' height='90'></canvas>
</div>
</div>
<div class="card-footer">
<div><small data-tooltip='8%'><b>18</b> steps passed</small></div>
<div>
<small data-tooltip='33%'><b>72</b> steps failed,
<b>124</b> skipped, <b data-tooltip='%'>0</b> others
</small>
</div>
</div>
</div>
</div>
</div>
<div class="row"><div class="col-md-12">
<div class="card"><div class="card-header"><p>Timeline</p></div>
<div class="card-body pt-0"><div>
<canvas id="timeline" height="120"></canvas>
</div></div>
</div>
</div></div>
<script>
var timeline = {
"Home Page Verification":62.527,"Login page verification":4.849,"Login page validation":4.776,"Forgot username /password":1.353,"Forgot username /password Validations":0.117,"Reset password":2.354,"Reset password Validations":0.553,"Dashboard Page":4.046,"Logout function":0.063
};
</script>
<div class="row">
<div class="col-lg-6 col-md-12 sysenv-container">
<div class="card">
<div class="card-header"><p>System/Environment</p></div>
<div class="card-body pb-0 pt-0"><table class="table table-sm table-bordered">
<thead><tr class="bg-gray"><th>Name</th><th>Value</th></tr></thead>
<tbody>
<tr>
<td>AppName</td>
<td>AutomationPractice</td>
</tr>
<tr>
<td>user</td>
<td>lms_Hackathon_Team16</td>
</tr>
<tr>
<td>build</td>
<td>1.1</td>
</tr>
<tr>
<td>os</td>
<td>Windows</td>
</tr>
</tbody>
</table></div>
</div>
</div>
</div>
</div>
<script>
var statusGroup = {
parentCount: 5,
passParent: 0,
failParent: 9,
warningParent: 0,
skipParent: 0,
childCount: 5,
passChild: 2,
failChild: 72,
warningChild: 0,
skipChild: 0,
infoChild: 0,
grandChildCount: 5,
passGrandChild: 18,
failGrandChild: 72,
warningGrandChild: 0,
skipGrandChild: 124,
infoGrandChild: 0,
eventsCount: 5,
};
</script><div class="test-wrapper row view test-view">
  <div class="test-list">
    <div class="test-list-tools">
<ul class="tools pull-left">
<li><a href="#"><span class="font-size-14">Tests</span></a></li>
</ul>
<ul class="tools text-right">
<li class="dropdown">
<a href="#" class="dropdown-toggle" data-toggle="dropdown"><i class="fa fa-exclamation-circle"></i></a>
<ul id="status-toggle" class="dropdown-menu dropdown-md p-v-0">
<a class="dropdown-item" status="fail" href="#"><span>Fail</span><span class="status danger"></span></a>
<div class="dropdown-divider"></div>
<a status="clear" class="dropdown-item" href="#"><span>Clear</span><span class="pull-right"><i class="fa fa-close"></i></span></a>
</ul>
</li>
</ul>
</div>    <div class="test-list-wrapper scrollable">
      <ul class="test-list-item">
        <li class="test-item"  status="fail" test-id="1"
          author=""
          tag=""
          device="">
          <div class="test-detail">
            <p class="name">Home Page Verification</p>
            <p class="text-sm">
              <span>12:16:29 AM</span> / <span>00:01:02:527</span>
              <span class="badge fail-bg log float-right">Fail</span>
            </p>
          </div>
          <div class="test-contents d-none">
<div class="detail-head">
<div class="p-v-10">
<div class="info">
<h5 class="test-status text-fail">Home Page Verification</h5>
<span class='badge badge-success'>09.13.2023 12:16:29 AM</span>
<span class='badge badge-danger'>09.13.2023 12:17:31 AM</span>
<span class='badge badge-default'>00:01:02:527</span>
&middot; <span class='uri-anchor badge badge-default'>#test-id=1</span>
<span class='badge badge-default pointer float-right ml-1 et'><i class="fa fa-chevron-down"></i></span>
<span class='badge badge-default pointer float-right ct'><i class="fa fa-chevron-up"></i></span>
</div>
<div class="m-t-10 m-l-5"></div>
</div>
</div>
<div class="accordion mt-4">
  <div class="card">
    <div class="card-header" role="tab">
      <div class="card-title">
        <div class="node" id="2"><span class="badge log fail-bg mr-2">Fail</span>Verify admin is able to land on home page</div>
      </div>
    </div>
        <div class="">
          <div class="card-body">
              <div class="step pass-bg" title="com.lms.ui.stepDefinitions.HomePage_SD.admin_launch_the_browser()">
                <span>Given Admin launch the browser</span>
      <div>
      </div>
              </div>
              <div class="step pass-bg" title="com.lms.ui.stepDefinitions.HomePage_SD.admin_gives_the_correct_lms_portal_url()">
                <span>When Admin gives the correct LMS portal URL</span>
      <div>
      </div>
              </div>
              <div class="step fail-bg" title="com.lms.ui.stepDefinitions.HomePage_SD.admin_should_land_on_the_home_page()">
                <span>Then Admin should land on the home page</span>
      <div>
        <textarea disabled class="code-block">org.junit.ComparisonFailure: expected:<[]> but was:<[Home Page]>
	at org.junit.Assert.assertEquals(Assert.java:117)
	at org.junit.Assert.assertEquals(Assert.java:146)
	at com.lms.ui.stepDefinitions.HomePage_SD.admin_should_land_on_the_home_page(HomePage_SD.java:51)
	at ✽.Admin should land on the home page(file:///C:/Users/Prasanna/git/LMS_T16_QualityEncore/LMS_T16_QualityEncore/./src/test/resources/Features/01_Main_Login_Page/01_Home_Page_Verification.feature:6)
</textarea>
      
      </div>
              </div>
          </div>
        </div>
  </div>
  <div class="card">
    <div class="card-header" role="tab">
      <div class="card-title">
        <div class="node" id="7"><span class="badge log pass-bg mr-2">Pass</span>Verify admin is able to land on home page with invalid URL</div>
      </div>
    </div>
        <div class="collapse">
          <div class="card-body">
              <div class="step pass-bg" title="com.lms.ui.stepDefinitions.HomePage_SD.admin_launch_the_browser()">
                <span>Given Admin launch the browser</span>
      <div>
      </div>
              </div>
              <div class="step pass-bg" title="com.lms.ui.stepDefinitions.HomePage_SD.admin_gives_the_invalid_lms_portal_url()">
                <span>When Admin gives the invalid LMS portal URL</span>
      <div>
      </div>
              </div>
              <div class="step pass-bg" title="com.lms.ui.stepDefinitions.HomePage_SD.admin_should_recieve_https404_page_not_found_error()">
                <span>Then Admin should recieve https404 page not found error</span>
      <div>
      </div>
              </div>
          </div>
        </div>
  </div>
  <div class="card">
    <div class="card-header" role="tab">
      <div class="card-title">
        <div class="node" id="12"><span class="badge log pass-bg mr-2">Pass</span>Verify for broken link</div>
      </div>
    </div>
        <div class="collapse">
          <div class="card-body">
              <div class="step pass-bg" title="com.lms.ui.stepDefinitions.HomePage_SD.admin_launch_the_browser()">
                <span>Given Admin launch the browser</span>
      <div>
      </div>
              </div>
              <div class="step pass-bg" title="com.lms.ui.stepDefinitions.HomePage_SD.admin_gives_the_correct_lms_portal_url()">
                <span>When Admin gives the correct LMS portal URL</span>
      <div>
      </div>
              </div>
              <div class="step pass-bg" title="com.lms.ui.stepDefinitions.HomePage_SD.http_response_equalto400_the_link_is_broken()">
                <span>Then HTTP response >equalto400 the link is broken</span>
      <div>
      </div>
              </div>
          </div>
        </div>
  </div>
  <div class="card">
    <div class="card-header" role="tab">
      <div class="card-title">
        <div class="node" id="17"><span class="badge log fail-bg mr-2">Fail</span>Verify the text spelling in the page</div>
      </div>
    </div>
        <div class="">
          <div class="card-body">
              <div class="step pass-bg" title="com.lms.ui.stepDefinitions.HomePage_SD.admin_launch_the_browser()">
                <span>Given Admin launch the browser</span>
      <div>
      </div>
              </div>
              <div class="step pass-bg" title="com.lms.ui.stepDefinitions.HomePage_SD.admin_gives_the_correct_lms_portal_url()">
                <span>When Admin gives the correct LMS portal URL</span>
      <div>
      </div>
              </div>
              <div class="step fail-bg" title="com.lms.ui.stepDefinitions.HomePage_SD.admin_should_see_correct_spellings_in_all_fields()">
                <span>Then Admin should see correct spellings in all fields</span>
      <div>
        <textarea disabled class="code-block">org.openqa.selenium.NoSuchElementException: no such element: Unable to locate element: {"method":"xpath","selector":"/html/body/div[1]/div[3]/form/div[1]/div[1]/div[4]/center/input[1]"}
  (Session info: chrome=116.0.5845.141)
For documentation on this error, please visit: https://www.selenium.dev/documentation/webdriver/troubleshooting/errors#no-such-element-exception
Build info: version: '4.12.1', revision: '8e34639b11'
System info: os.name: 'Windows 10', os.arch: 'amd64', os.version: '10.0', java.version: '20.0.1'
Driver info: org.openqa.selenium.chrome.ChromeDriver
Command: [9af595a88ebae3f4fa40f1d3ddc24e8f, findElement {using=xpath, value=/html/body/div[1]/div[3]/form/div[1]/div[1]/div[4]/center/input[1]}]
Capabilities {acceptInsecureCerts: false, browserName: chrome, browserVersion: 116.0.5845.141, chrome: {chromedriverVersion: 116.0.5845.96 (1a3918166880..., userDataDir: C:\Users\Prasanna\AppData\L...}, fedcm:accounts: true, goog:chromeOptions: {debuggerAddress: localhost:58187}, networkConnectionEnabled: false, pageLoadStrategy: normal, platformName: windows, proxy: Proxy(), se:cdp: ws://localhost:58187/devtoo..., se:cdpVersion: 116.0.5845.141, setWindowRect: true, strictFileInteractability: false, timeouts: {implicit: 0, pageLoad: 300000, script: 30000}, unhandledPromptBehavior: dismiss and notify, webauthn:extension:credBlob: true, webauthn:extension:largeBlob: true, webauthn:extension:minPinLength: true, webauthn:extension:prf: true, webauthn:virtualAuthenticators: true}
Session ID: 9af595a88ebae3f4fa40f1d3ddc24e8f
	at java.base/jdk.internal.reflect.DirectConstructorHandleAccessor.newInstance(DirectConstructorHandleAccessor.java:67)
	at java.base/java.lang.reflect.Constructor.newInstanceWithCaller(Constructor.java:500)
	at java.base/java.lang.reflect.Constructor.newInstance(Constructor.java:484)
	at org.openqa.selenium.remote.codec.w3c.W3CHttpResponseCodec.createException(W3CHttpResponseCodec.java:200)
	at org.openqa.selenium.remote.codec.w3c.W3CHttpResponseCodec.decode(W3CHttpResponseCodec.java:133)
	at org.openqa.selenium.remote.codec.w3c.W3CHttpResponseCodec.decode(W3CHttpResponseCodec.java:52)
	at org.openqa.selenium.remote.HttpCommandExecutor.execute(HttpCommandExecutor.java:191)
	at org.openqa.selenium.remote.service.DriverCommandExecutor.invokeExecute(DriverCommandExecutor.java:196)
	at org.openqa.selenium.remote.service.DriverCommandExecutor.execute(DriverCommandExecutor.java:171)
	at org.openqa.selenium.remote.RemoteWebDriver.execute(RemoteWebDriver.java:602)
	at org.openqa.selenium.remote.ElementLocation$ElementFinder$2.findElement(ElementLocation.java:165)
	at org.openqa.selenium.remote.ElementLocation.findElement(ElementLocation.java:59)
	at org.openqa.selenium.remote.RemoteWebDriver.findElement(RemoteWebDriver.java:359)
	at org.openqa.selenium.remote.RemoteWebDriver.findElement(RemoteWebDriver.java:353)
	at org.openqa.selenium.support.pagefactory.DefaultElementLocator.findElement(DefaultElementLocator.java:68)
	at org.openqa.selenium.support.pagefactory.internal.LocatingElementHandler.invoke(LocatingElementHandler.java:38)
	at jdk.proxy2/jdk.proxy2.$Proxy39.getText(Unknown Source)
	at com.lms.ui.pageObject.HomePage_obj.verifyLoginText(HomePage_obj.java:105)
	at com.lms.ui.stepDefinitions.HomePage_SD.admin_should_see_correct_spellings_in_all_fields(HomePage_SD.java:81)
	at ✽.Admin should see correct spellings in all fields(file:///C:/Users/Prasanna/git/LMS_T16_QualityEncore/LMS_T16_QualityEncore/./src/test/resources/Features/01_Main_Login_Page/01_Home_Page_Verification.feature:22)
</textarea>
      
      </div>
              </div>
          </div>
        </div>
  </div>
  <div class="card">
    <div class="card-header" role="tab">
      <div class="card-title">
        <div class="node" id="22"><span class="badge log fail-bg mr-2">Fail</span>Verify the logo of the LMS</div>
      </div>
    </div>
        <div class="">
          <div class="card-body">
              <div class="step pass-bg" title="com.lms.ui.stepDefinitions.HomePage_SD.admin_launch_the_browser()">
                <span>Given Admin launch the browser</span>
      <div>
      </div>
              </div>
              <div class="step pass-bg" title="com.lms.ui.stepDefinitions.HomePage_SD.admin_gives_the_correct_lms_portal_url()">
                <span>When Admin gives the correct LMS portal URL</span>
      <div>
      </div>
              </div>
              <div class="step fail-bg" title="com.lms.ui.stepDefinitions.HomePage_SD.admin_should_see_correct_logo_of_the_lms()">
                <span>Then Admin should see correct logo of the LMS</span>
      <div>
        <textarea disabled class="code-block">org.openqa.selenium.NoSuchElementException: no such element: Unable to locate element: {"method":"xpath","selector":"/html/body/div[1]/div[2]/div/img"}
  (Session info: chrome=116.0.5845.141)
For documentation on this error, please visit: https://www.selenium.dev/documentation/webdriver/troubleshooting/errors#no-such-element-exception
Build info: version: '4.12.1', revision: '8e34639b11'
System info: os.name: 'Windows 10', os.arch: 'amd64', os.version: '10.0', java.version: '20.0.1'
Driver info: org.openqa.selenium.chrome.ChromeDriver
Command: [9af595a88ebae3f4fa40f1d3ddc24e8f, findElement {using=xpath, value=/html/body/div[1]/div[2]/div/img}]
Capabilities {acceptInsecureCerts: false, browserName: chrome, browserVersion: 116.0.5845.141, chrome: {chromedriverVersion: 116.0.5845.96 (1a3918166880..., userDataDir: C:\Users\Prasanna\AppData\L...}, fedcm:accounts: true, goog:chromeOptions: {debuggerAddress: localhost:58187}, networkConnectionEnabled: false, pageLoadStrategy: normal, platformName: windows, proxy: Proxy(), se:cdp: ws://localhost:58187/devtoo..., se:cdpVersion: 116.0.5845.141, setWindowRect: true, strictFileInteractability: false, timeouts: {implicit: 0, pageLoad: 300000, script: 30000}, unhandledPromptBehavior: dismiss and notify, webauthn:extension:credBlob: true, webauthn:extension:largeBlob: true, webauthn:extension:minPinLength: true, webauthn:extension:prf: true, webauthn:virtualAuthenticators: true}
Session ID: 9af595a88ebae3f4fa40f1d3ddc24e8f
	at java.base/jdk.internal.reflect.DirectConstructorHandleAccessor.newInstance(DirectConstructorHandleAccessor.java:67)
	at java.base/java.lang.reflect.Constructor.newInstanceWithCaller(Constructor.java:500)
	at java.base/java.lang.reflect.Constructor.newInstance(Constructor.java:484)
	at org.openqa.selenium.remote.codec.w3c.W3CHttpResponseCodec.createException(W3CHttpResponseCodec.java:200)
	at org.openqa.selenium.remote.codec.w3c.W3CHttpResponseCodec.decode(W3CHttpResponseCodec.java:133)
	at org.openqa.selenium.remote.codec.w3c.W3CHttpResponseCodec.decode(W3CHttpResponseCodec.java:52)
	at org.openqa.selenium.remote.HttpCommandExecutor.execute(HttpCommandExecutor.java:191)
	at org.openqa.selenium.remote.service.DriverCommandExecutor.invokeExecute(DriverCommandExecutor.java:196)
	at org.openqa.selenium.remote.service.DriverCommandExecutor.execute(DriverCommandExecutor.java:171)
	at org.openqa.selenium.remote.RemoteWebDriver.execute(RemoteWebDriver.java:602)
	at org.openqa.selenium.remote.ElementLocation$ElementFinder$2.findElement(ElementLocation.java:165)
	at org.openqa.selenium.remote.ElementLocation.findElement(ElementLocation.java:59)
	at org.openqa.selenium.remote.RemoteWebDriver.findElement(RemoteWebDriver.java:359)
	at org.openqa.selenium.remote.RemoteWebDriver.findElement(RemoteWebDriver.java:353)
	at org.openqa.selenium.support.pagefactory.DefaultElementLocator.findElement(DefaultElementLocator.java:68)
	at org.openqa.selenium.support.pagefactory.internal.LocatingElementHandler.invoke(LocatingElementHandler.java:38)
	at jdk.proxy2/jdk.proxy2.$Proxy39.getWrappedElement(Unknown Source)
	at org.openqa.selenium.remote.internal.WebElementToJsonConverter.apply(WebElementToJsonConverter.java:51)
	at java.base/java.util.stream.ReferencePipeline$3$1.accept(ReferencePipeline.java:197)
	at java.base/java.util.Spliterators$ArraySpliterator.forEachRemaining(Spliterators.java:1006)
	at java.base/java.util.stream.AbstractPipeline.copyInto(AbstractPipeline.java:509)
	at java.base/java.util.stream.AbstractPipeline.wrapAndCopyInto(AbstractPipeline.java:499)
	at java.base/java.util.stream.ReduceOps$ReduceOp.evaluateSequential(ReduceOps.java:921)
	at java.base/java.util.stream.AbstractPipeline.evaluate(AbstractPipeline.java:234)
	at java.base/java.util.stream.ReferencePipeline.collect(ReferencePipeline.java:682)
	at org.openqa.selenium.remote.RemoteWebDriver.executeScript(RemoteWebDriver.java:465)
	at com.lms.ui.pageObject.HomePage_obj.Verify_Logo(HomePage_obj.java:113)
	at com.lms.ui.stepDefinitions.HomePage_SD.admin_should_see_correct_logo_of_the_lms(HomePage_SD.java:92)
	at ✽.Admin should see correct logo of the LMS(file:///C:/Users/Prasanna/git/LMS_T16_QualityEncore/LMS_T16_QualityEncore/./src/test/resources/Features/01_Main_Login_Page/01_Home_Page_Verification.feature:27)
</textarea>
      
      </div>
              </div>
          </div>
        </div>
  </div>
  <div class="card">
    <div class="card-header" role="tab">
      <div class="card-title">
        <div class="node" id="27"><span class="badge log fail-bg mr-2">Fail</span>Verify the logo properly aligned</div>
      </div>
    </div>
        <div class="">
          <div class="card-body">
              <div class="step pass-bg" title="com.lms.ui.stepDefinitions.HomePage_SD.admin_launch_the_browser()">
                <span>Given Admin launch the browser</span>
      <div>
      </div>
              </div>
              <div class="step pass-bg" title="com.lms.ui.stepDefinitions.HomePage_SD.admin_gives_the_correct_lms_portal_url()">
                <span>When Admin gives the correct LMS portal URL</span>
      <div>
      </div>
              </div>
              <div class="step fail-bg" title="com.lms.ui.stepDefinitions.HomePage_SD.admin_should_see_logo_is_properly_aligned()">
                <span>Then Admin should see logo is properly aligned</span>
      <div>
        <textarea disabled class="code-block">org.openqa.selenium.NoSuchElementException: no such element: Unable to locate element: {"method":"xpath","selector":"/html/body/div[1]/div[2]/div/img"}
  (Session info: chrome=116.0.5845.141)
For documentation on this error, please visit: https://www.selenium.dev/documentation/webdriver/troubleshooting/errors#no-such-element-exception
Build info: version: '4.12.1', revision: '8e34639b11'
System info: os.name: 'Windows 10', os.arch: 'amd64', os.version: '10.0', java.version: '20.0.1'
Driver info: org.openqa.selenium.chrome.ChromeDriver
Command: [9af595a88ebae3f4fa40f1d3ddc24e8f, findElement {using=xpath, value=/html/body/div[1]/div[2]/div/img}]
Capabilities {acceptInsecureCerts: false, browserName: chrome, browserVersion: 116.0.5845.141, chrome: {chromedriverVersion: 116.0.5845.96 (1a3918166880..., userDataDir: C:\Users\Prasanna\AppData\L...}, fedcm:accounts: true, goog:chromeOptions: {debuggerAddress: localhost:58187}, networkConnectionEnabled: false, pageLoadStrategy: normal, platformName: windows, proxy: Proxy(), se:cdp: ws://localhost:58187/devtoo..., se:cdpVersion: 116.0.5845.141, setWindowRect: true, strictFileInteractability: false, timeouts: {implicit: 0, pageLoad: 300000, script: 30000}, unhandledPromptBehavior: dismiss and notify, webauthn:extension:credBlob: true, webauthn:extension:largeBlob: true, webauthn:extension:minPinLength: true, webauthn:extension:prf: true, webauthn:virtualAuthenticators: true}
Session ID: 9af595a88ebae3f4fa40f1d3ddc24e8f
	at java.base/jdk.internal.reflect.DirectConstructorHandleAccessor.newInstance(DirectConstructorHandleAccessor.java:67)
	at java.base/java.lang.reflect.Constructor.newInstanceWithCaller(Constructor.java:500)
	at java.base/java.lang.reflect.Constructor.newInstance(Constructor.java:484)
	at org.openqa.selenium.remote.codec.w3c.W3CHttpResponseCodec.createException(W3CHttpResponseCodec.java:200)
	at org.openqa.selenium.remote.codec.w3c.W3CHttpResponseCodec.decode(W3CHttpResponseCodec.java:133)
	at org.openqa.selenium.remote.codec.w3c.W3CHttpResponseCodec.decode(W3CHttpResponseCodec.java:52)
	at org.openqa.selenium.remote.HttpCommandExecutor.execute(HttpCommandExecutor.java:191)
	at org.openqa.selenium.remote.service.DriverCommandExecutor.invokeExecute(DriverCommandExecutor.java:196)
	at org.openqa.selenium.remote.service.DriverCommandExecutor.execute(DriverCommandExecutor.java:171)
	at org.openqa.selenium.remote.RemoteWebDriver.execute(RemoteWebDriver.java:602)
	at org.openqa.selenium.remote.ElementLocation$ElementFinder$2.findElement(ElementLocation.java:165)
	at org.openqa.selenium.remote.ElementLocation.findElement(ElementLocation.java:59)
	at org.openqa.selenium.remote.RemoteWebDriver.findElement(RemoteWebDriver.java:359)
	at org.openqa.selenium.remote.RemoteWebDriver.findElement(RemoteWebDriver.java:353)
	at org.openqa.selenium.support.pagefactory.DefaultElementLocator.findElement(DefaultElementLocator.java:68)
	at org.openqa.selenium.support.pagefactory.internal.LocatingElementHandler.invoke(LocatingElementHandler.java:38)
	at jdk.proxy2/jdk.proxy2.$Proxy39.getLocation(Unknown Source)
	at com.lms.ui.pageObject.HomePage_obj.verify_logo_alignment_X(HomePage_obj.java:125)
	at com.lms.ui.stepDefinitions.HomePage_SD.admin_should_see_logo_is_properly_aligned(HomePage_SD.java:98)
	at ✽.Admin should see logo is properly aligned(file:///C:/Users/Prasanna/git/LMS_T16_QualityEncore/LMS_T16_QualityEncore/./src/test/resources/Features/01_Main_Login_Page/01_Home_Page_Verification.feature:32)
</textarea>
      
      </div>
              </div>
          </div>
        </div>
  </div>
  <div class="card">
    <div class="card-header" role="tab">
      <div class="card-title">
        <div class="node" id="32"><span class="badge log fail-bg mr-2">Fail</span>Verify login button is present</div>
      </div>
    </div>
        <div class="">
          <div class="card-body">
              <div class="step pass-bg" title="com.lms.ui.stepDefinitions.HomePage_SD.admin_launch_the_browser()">
                <span>Given Admin launch the browser</span>
      <div>
      </div>
              </div>
              <div class="step pass-bg" title="com.lms.ui.stepDefinitions.HomePage_SD.admin_gives_the_correct_lms_portal_url()">
                <span>When Admin gives the correct LMS portal URL</span>
      <div>
      </div>
              </div>
              <div class="step fail-bg" title="com.lms.ui.stepDefinitions.HomePage_SD.admin_should_see_login_button()">
                <span>Then Admin should see login button</span>
      <div>
        <textarea disabled class="code-block">org.openqa.selenium.NoSuchElementException: no such element: Unable to locate element: {"method":"xpath","selector":"/html/body/div[1]/div[3]/form/div[1]/div[1]/div[4]/center/input[1]"}
  (Session info: chrome=116.0.5845.141)
For documentation on this error, please visit: https://www.selenium.dev/documentation/webdriver/troubleshooting/errors#no-such-element-exception
Build info: version: '4.12.1', revision: '8e34639b11'
System info: os.name: 'Windows 10', os.arch: 'amd64', os.version: '10.0', java.version: '20.0.1'
Driver info: org.openqa.selenium.chrome.ChromeDriver
Command: [9af595a88ebae3f4fa40f1d3ddc24e8f, findElement {using=xpath, value=/html/body/div[1]/div[3]/form/div[1]/div[1]/div[4]/center/input[1]}]
Capabilities {acceptInsecureCerts: false, browserName: chrome, browserVersion: 116.0.5845.141, chrome: {chromedriverVersion: 116.0.5845.96 (1a3918166880..., userDataDir: C:\Users\Prasanna\AppData\L...}, fedcm:accounts: true, goog:chromeOptions: {debuggerAddress: localhost:58187}, networkConnectionEnabled: false, pageLoadStrategy: normal, platformName: windows, proxy: Proxy(), se:cdp: ws://localhost:58187/devtoo..., se:cdpVersion: 116.0.5845.141, setWindowRect: true, strictFileInteractability: false, timeouts: {implicit: 0, pageLoad: 300000, script: 30000}, unhandledPromptBehavior: dismiss and notify, webauthn:extension:credBlob: true, webauthn:extension:largeBlob: true, webauthn:extension:minPinLength: true, webauthn:extension:prf: true, webauthn:virtualAuthenticators: true}
Session ID: 9af595a88ebae3f4fa40f1d3ddc24e8f
	at java.base/jdk.internal.reflect.DirectConstructorHandleAccessor.newInstance(DirectConstructorHandleAccessor.java:67)
	at java.base/java.lang.reflect.Constructor.newInstanceWithCaller(Constructor.java:500)
	at java.base/java.lang.reflect.Constructor.newInstance(Constructor.java:484)
	at org.openqa.selenium.remote.codec.w3c.W3CHttpResponseCodec.createException(W3CHttpResponseCodec.java:200)
	at org.openqa.selenium.remote.codec.w3c.W3CHttpResponseCodec.decode(W3CHttpResponseCodec.java:133)
	at org.openqa.selenium.remote.codec.w3c.W3CHttpResponseCodec.decode(W3CHttpResponseCodec.java:52)
	at org.openqa.selenium.remote.HttpCommandExecutor.execute(HttpCommandExecutor.java:191)
	at org.openqa.selenium.remote.service.DriverCommandExecutor.invokeExecute(DriverCommandExecutor.java:196)
	at org.openqa.selenium.remote.service.DriverCommandExecutor.execute(DriverCommandExecutor.java:171)
	at org.openqa.selenium.remote.RemoteWebDriver.execute(RemoteWebDriver.java:602)
	at org.openqa.selenium.remote.ElementLocation$ElementFinder$2.findElement(ElementLocation.java:165)
	at org.openqa.selenium.remote.ElementLocation.findElement(ElementLocation.java:59)
	at org.openqa.selenium.remote.RemoteWebDriver.findElement(RemoteWebDriver.java:359)
	at org.openqa.selenium.remote.RemoteWebDriver.findElement(RemoteWebDriver.java:353)
	at org.openqa.selenium.support.pagefactory.DefaultElementLocator.findElement(DefaultElementLocator.java:68)
	at org.openqa.selenium.support.pagefactory.internal.LocatingElementHandler.invoke(LocatingElementHandler.java:38)
	at jdk.proxy2/jdk.proxy2.$Proxy39.isDisplayed(Unknown Source)
	at com.lms.ui.pageObject.HomePage_obj.login_visible(HomePage_obj.java:155)
	at com.lms.ui.stepDefinitions.HomePage_SD.admin_should_see_login_button(HomePage_SD.java:115)
	at ✽.Admin should see login button(file:///C:/Users/Prasanna/git/LMS_T16_QualityEncore/LMS_T16_QualityEncore/./src/test/resources/Features/01_Main_Login_Page/01_Home_Page_Verification.feature:37)
</textarea>
      
      </div>
              </div>
          </div>
        </div>
  </div>
  <div class="card">
    <div class="card-header" role="tab">
      <div class="card-title">
        <div class="node" id="37"><span class="badge log fail-bg mr-2">Fail</span>Verify login button is clickable</div>
      </div>
    </div>
        <div class="">
          <div class="card-body">
              <div class="step pass-bg" title="com.lms.ui.stepDefinitions.HomePage_SD.admin_launch_the_browser()">
                <span>Given Admin launch the browser</span>
      <div>
      </div>
              </div>
              <div class="step pass-bg" title="com.lms.ui.stepDefinitions.HomePage_SD.admin_gives_the_correct_lms_portal_url()">
                <span>When Admin gives the correct LMS portal URL</span>
      <div>
      </div>
              </div>
              <div class="step fail-bg" title="com.lms.ui.stepDefinitions.HomePage_SD.admin_should_able_to_click_the_login_button()">
                <span>Then Admin should able to click the Login button</span>
      <div>
        <textarea disabled class="code-block">org.openqa.selenium.NoSuchElementException: no such element: Unable to locate element: {"method":"xpath","selector":"/html/body/div[1]/div[3]/form/div[1]/div[1]/div[4]/center/input[1]"}
  (Session info: chrome=116.0.5845.141)
For documentation on this error, please visit: https://www.selenium.dev/documentation/webdriver/troubleshooting/errors#no-such-element-exception
Build info: version: '4.12.1', revision: '8e34639b11'
System info: os.name: 'Windows 10', os.arch: 'amd64', os.version: '10.0', java.version: '20.0.1'
Driver info: org.openqa.selenium.chrome.ChromeDriver
Command: [9af595a88ebae3f4fa40f1d3ddc24e8f, findElement {using=xpath, value=/html/body/div[1]/div[3]/form/div[1]/div[1]/div[4]/center/input[1]}]
Capabilities {acceptInsecureCerts: false, browserName: chrome, browserVersion: 116.0.5845.141, chrome: {chromedriverVersion: 116.0.5845.96 (1a3918166880..., userDataDir: C:\Users\Prasanna\AppData\L...}, fedcm:accounts: true, goog:chromeOptions: {debuggerAddress: localhost:58187}, networkConnectionEnabled: false, pageLoadStrategy: normal, platformName: windows, proxy: Proxy(), se:cdp: ws://localhost:58187/devtoo..., se:cdpVersion: 116.0.5845.141, setWindowRect: true, strictFileInteractability: false, timeouts: {implicit: 0, pageLoad: 300000, script: 30000}, unhandledPromptBehavior: dismiss and notify, webauthn:extension:credBlob: true, webauthn:extension:largeBlob: true, webauthn:extension:minPinLength: true, webauthn:extension:prf: true, webauthn:virtualAuthenticators: true}
Session ID: 9af595a88ebae3f4fa40f1d3ddc24e8f
	at java.base/jdk.internal.reflect.DirectConstructorHandleAccessor.newInstance(DirectConstructorHandleAccessor.java:67)
	at java.base/java.lang.reflect.Constructor.newInstanceWithCaller(Constructor.java:500)
	at java.base/java.lang.reflect.Constructor.newInstance(Constructor.java:484)
	at org.openqa.selenium.remote.codec.w3c.W3CHttpResponseCodec.createException(W3CHttpResponseCodec.java:200)
	at org.openqa.selenium.remote.codec.w3c.W3CHttpResponseCodec.decode(W3CHttpResponseCodec.java:133)
	at org.openqa.selenium.remote.codec.w3c.W3CHttpResponseCodec.decode(W3CHttpResponseCodec.java:52)
	at org.openqa.selenium.remote.HttpCommandExecutor.execute(HttpCommandExecutor.java:191)
	at org.openqa.selenium.remote.service.DriverCommandExecutor.invokeExecute(DriverCommandExecutor.java:196)
	at org.openqa.selenium.remote.service.DriverCommandExecutor.execute(DriverCommandExecutor.java:171)
	at org.openqa.selenium.remote.RemoteWebDriver.execute(RemoteWebDriver.java:602)
	at org.openqa.selenium.remote.ElementLocation$ElementFinder$2.findElement(ElementLocation.java:165)
	at org.openqa.selenium.remote.ElementLocation.findElement(ElementLocation.java:59)
	at org.openqa.selenium.remote.RemoteWebDriver.findElement(RemoteWebDriver.java:359)
	at org.openqa.selenium.remote.RemoteWebDriver.findElement(RemoteWebDriver.java:353)
	at org.openqa.selenium.support.pagefactory.DefaultElementLocator.findElement(DefaultElementLocator.java:68)
	at org.openqa.selenium.support.pagefactory.internal.LocatingElementHandler.invoke(LocatingElementHandler.java:38)
	at jdk.proxy2/jdk.proxy2.$Proxy39.isEnabled(Unknown Source)
	at com.lms.ui.pageObject.HomePage_obj.button_click(HomePage_obj.java:160)
	at com.lms.ui.stepDefinitions.HomePage_SD.admin_should_able_to_click_the_login_button(HomePage_SD.java:123)
	at ✽.Admin should able to click the Login button(file:///C:/Users/Prasanna/git/LMS_T16_QualityEncore/LMS_T16_QualityEncore/./src/test/resources/Features/01_Main_Login_Page/01_Home_Page_Verification.feature:42)
</textarea>
      
      </div>
              </div>
          </div>
        </div>
  </div>
</div>
          </div>
        </li>
        <li class="test-item"  status="fail" test-id="42"
          author=""
          tag=""
          device="">
          <div class="test-detail">
            <p class="name">Login page verification</p>
            <p class="text-sm">
              <span>12:17:31 AM</span> / <span>00:00:04:849</span>
              <span class="badge fail-bg log float-right">Fail</span>
            </p>
          </div>
          <div class="test-contents d-none">
<div class="detail-head">
<div class="p-v-10">
<div class="info">
<h5 class="test-status text-fail">Login page verification</h5>
<span class='badge badge-success'>09.13.2023 12:17:31 AM</span>
<span class='badge badge-danger'>09.13.2023 12:17:36 AM</span>
<span class='badge badge-default'>00:00:04:849</span>
&middot; <span class='uri-anchor badge badge-default'>#test-id=42</span>
<span class='badge badge-default pointer float-right ml-1 et'><i class="fa fa-chevron-down"></i></span>
<span class='badge badge-default pointer float-right ct'><i class="fa fa-chevron-up"></i></span>
</div>
<div class="m-t-10 m-l-5"></div>
</div>
</div>
<div class="accordion mt-4">
  <div class="card">
    <div class="card-header" role="tab">
      <div class="card-title">
        <div class="node" id="43"><span class="badge log fail-bg mr-2">Fail</span>Verify the login page</div>
      </div>
    </div>
        <div class="">
          <div class="card-body">
              <div class="step fail-bg" title="com.lms.ui.stepDefinitions.LoginPage_Verification_SD.admin_is_in_home_page()">
                <span>Given Admin is in home page</span>
      <div>
        <textarea disabled class="code-block">org.junit.ComparisonFailure: expected:<[Home Page]> but was:<[]>
	at org.junit.Assert.assertEquals(Assert.java:117)
	at org.junit.Assert.assertEquals(Assert.java:146)
	at com.lms.ui.stepDefinitions.LoginPage_Verification_SD.admin_is_in_home_page(LoginPage_Verification_SD.java:37)
	at ✽.Admin is in home page(file:///C:/Users/Prasanna/git/LMS_T16_QualityEncore/LMS_T16_QualityEncore/./src/test/resources/Features/01_Main_Login_Page/02_Login_Page_Verification.feature:5)
</textarea>
      
      </div>
              </div>
              <div class="step skip-bg" title="com.lms.ui.stepDefinitions.LoginPage_Verification_SD.admin_clicks_login_button()">
                <span>When Admin clicks Login button</span>
      <div>Step skipped
      </div>
              </div>
              <div class="step skip-bg" title="com.lms.ui.stepDefinitions.LoginPage_Verification_SD.admin_should_land_on_the_login_page()">
                <span>Then Admin should land on the login page</span>
      <div>Step skipped
      </div>
              </div>
          </div>
        </div>
  </div>
  <div class="card">
    <div class="card-header" role="tab">
      <div class="card-title">
        <div class="node" id="48"><span class="badge log fail-bg mr-2">Fail</span>Verify for broken link</div>
      </div>
    </div>
        <div class="">
          <div class="card-body">
              <div class="step fail-bg" title="com.lms.ui.stepDefinitions.LoginPage_Verification_SD.admin_is_in_home_page()">
                <span>Given Admin is in home page</span>
      <div>
        <textarea disabled class="code-block">org.junit.ComparisonFailure: expected:<[Home Page]> but was:<[]>
	at org.junit.Assert.assertEquals(Assert.java:117)
	at org.junit.Assert.assertEquals(Assert.java:146)
	at com.lms.ui.stepDefinitions.LoginPage_Verification_SD.admin_is_in_home_page(LoginPage_Verification_SD.java:37)
	at ✽.Admin is in home page(file:///C:/Users/Prasanna/git/LMS_T16_QualityEncore/LMS_T16_QualityEncore/./src/test/resources/Features/01_Main_Login_Page/02_Login_Page_Verification.feature:10)
</textarea>
      
      </div>
              </div>
              <div class="step skip-bg" title="com.lms.ui.stepDefinitions.LoginPage_Verification_SD.admin_clicks_login_button()">
                <span>When Admin clicks Login button</span>
      <div>Step skipped
      </div>
              </div>
              <div class="step skip-bg" title="com.lms.ui.stepDefinitions.LoginPage_Verification_SD.http_response_equalto400_the_link_is_broken()">
                <span>Then HTTP response > equalto400 the link is broken</span>
      <div>Step skipped
      </div>
              </div>
          </div>
        </div>
  </div>
  <div class="card">
    <div class="card-header" role="tab">
      <div class="card-title">
        <div class="node" id="53"><span class="badge log fail-bg mr-2">Fail</span>Verify tht header of the login page</div>
      </div>
    </div>
        <div class="">
          <div class="card-body">
              <div class="step fail-bg" title="com.lms.ui.stepDefinitions.LoginPage_Verification_SD.admin_is_in_home_page()">
                <span>Given Admin is in home page</span>
      <div>
        <textarea disabled class="code-block">org.junit.ComparisonFailure: expected:<[Home Page]> but was:<[]>
	at org.junit.Assert.assertEquals(Assert.java:117)
	at org.junit.Assert.assertEquals(Assert.java:146)
	at com.lms.ui.stepDefinitions.LoginPage_Verification_SD.admin_is_in_home_page(LoginPage_Verification_SD.java:37)
	at ✽.Admin is in home page(file:///C:/Users/Prasanna/git/LMS_T16_QualityEncore/LMS_T16_QualityEncore/./src/test/resources/Features/01_Main_Login_Page/02_Login_Page_Verification.feature:15)
</textarea>
      
      </div>
              </div>
              <div class="step skip-bg" title="com.lms.ui.stepDefinitions.LoginPage_Verification_SD.admin_clicks_login_button()">
                <span>When Admin clicks Login button</span>
      <div>Step skipped
      </div>
              </div>
              <div class="step skip-bg" title="com.lms.ui.stepDefinitions.LoginPage_Verification_SD.admin_should_see_please_login_to_lms_application_in_the_header()">
                <span>Then Admin should see Please login to LMS application in the header</span>
      <div>Step skipped
      </div>
              </div>
          </div>
        </div>
  </div>
  <div class="card">
    <div class="card-header" role="tab">
      <div class="card-title">
        <div class="node" id="58"><span class="badge log fail-bg mr-2">Fail</span>Verify the text spelling in login page</div>
      </div>
    </div>
        <div class="">
          <div class="card-body">
              <div class="step fail-bg" title="com.lms.ui.stepDefinitions.LoginPage_Verification_SD.admin_is_in_home_page()">
                <span>Given Admin is in home page</span>
      <div>
        <textarea disabled class="code-block">org.junit.ComparisonFailure: expected:<[Home Page]> but was:<[]>
	at org.junit.Assert.assertEquals(Assert.java:117)
	at org.junit.Assert.assertEquals(Assert.java:146)
	at com.lms.ui.stepDefinitions.LoginPage_Verification_SD.admin_is_in_home_page(LoginPage_Verification_SD.java:37)
	at ✽.Admin is in home page(file:///C:/Users/Prasanna/git/LMS_T16_QualityEncore/LMS_T16_QualityEncore/./src/test/resources/Features/01_Main_Login_Page/02_Login_Page_Verification.feature:20)
</textarea>
      
      </div>
              </div>
              <div class="step skip-bg" title="com.lms.ui.stepDefinitions.LoginPage_Verification_SD.admin_clicks_login_button()">
                <span>When Admin clicks Login button</span>
      <div>Step skipped
      </div>
              </div>
              <div class="step skip-bg" title="com.lms.ui.stepDefinitions.HomePage_SD.admin_should_see_correct_spellings_in_all_fields()">
                <span>Then Admin should see correct spellings in all fields</span>
      <div>Step skipped
      </div>
              </div>
          </div>
        </div>
  </div>
  <div class="card">
    <div class="card-header" role="tab">
      <div class="card-title">
        <div class="node" id="63"><span class="badge log fail-bg mr-2">Fail</span>Verify text field is present</div>
      </div>
    </div>
        <div class="">
          <div class="card-body">
              <div class="step fail-bg" title="com.lms.ui.stepDefinitions.LoginPage_Verification_SD.admin_is_in_home_page()">
                <span>Given Admin is in home page</span>
      <div>
        <textarea disabled class="code-block">org.junit.ComparisonFailure: expected:<[Home Page]> but was:<[]>
	at org.junit.Assert.assertEquals(Assert.java:117)
	at org.junit.Assert.assertEquals(Assert.java:146)
	at com.lms.ui.stepDefinitions.LoginPage_Verification_SD.admin_is_in_home_page(LoginPage_Verification_SD.java:37)
	at ✽.Admin is in home page(file:///C:/Users/Prasanna/git/LMS_T16_QualityEncore/LMS_T16_QualityEncore/./src/test/resources/Features/01_Main_Login_Page/02_Login_Page_Verification.feature:25)
</textarea>
      
      </div>
              </div>
              <div class="step skip-bg" title="com.lms.ui.stepDefinitions.LoginPage_Verification_SD.admin_clicks_login_button()">
                <span>When Admin clicks Login button</span>
      <div>Step skipped
      </div>
              </div>
              <div class="step skip-bg" title="com.lms.ui.stepDefinitions.LoginPage_Verification_SD.admin_should_see_two_text_field()">
                <span>Then Admin should see two text field</span>
      <div>Step skipped
      </div>
              </div>
          </div>
        </div>
  </div>
  <div class="card">
    <div class="card-header" role="tab">
      <div class="card-title">
        <div class="node" id="68"><span class="badge log fail-bg mr-2">Fail</span>Verify text on the first text field</div>
      </div>
    </div>
        <div class="">
          <div class="card-body">
              <div class="step fail-bg" title="com.lms.ui.stepDefinitions.LoginPage_Verification_SD.admin_is_in_home_page()">
                <span>Given Admin is in home page</span>
      <div>
        <textarea disabled class="code-block">org.junit.ComparisonFailure: expected:<[Home Page]> but was:<[]>
	at org.junit.Assert.assertEquals(Assert.java:117)
	at org.junit.Assert.assertEquals(Assert.java:146)
	at com.lms.ui.stepDefinitions.LoginPage_Verification_SD.admin_is_in_home_page(LoginPage_Verification_SD.java:37)
	at ✽.Admin is in home page(file:///C:/Users/Prasanna/git/LMS_T16_QualityEncore/LMS_T16_QualityEncore/./src/test/resources/Features/01_Main_Login_Page/02_Login_Page_Verification.feature:30)
</textarea>
      
      </div>
              </div>
              <div class="step skip-bg" title="com.lms.ui.stepDefinitions.LoginPage_Verification_SD.admin_clicks_login_button()">
                <span>When Admin clicks Login button</span>
      <div>Step skipped
      </div>
              </div>
              <div class="step skip-bg" title="com.lms.ui.stepDefinitions.LoginPage_Verification_SD.admin_should_user_in_the_first_text_field()">
                <span>Then Admin should user in the first text field</span>
      <div>Step skipped
      </div>
              </div>
          </div>
        </div>
  </div>
  <div class="card">
    <div class="card-header" role="tab">
      <div class="card-title">
        <div class="node" id="73"><span class="badge log fail-bg mr-2">Fail</span>Verify asterik next to user text</div>
      </div>
    </div>
        <div class="">
          <div class="card-body">
              <div class="step fail-bg" title="com.lms.ui.stepDefinitions.LoginPage_Verification_SD.admin_is_in_home_page()">
                <span>Given Admin is in home page</span>
      <div>
        <textarea disabled class="code-block">org.junit.ComparisonFailure: expected:<[Home Page]> but was:<[]>
	at org.junit.Assert.assertEquals(Assert.java:117)
	at org.junit.Assert.assertEquals(Assert.java:146)
	at com.lms.ui.stepDefinitions.LoginPage_Verification_SD.admin_is_in_home_page(LoginPage_Verification_SD.java:37)
	at ✽.Admin is in home page(file:///C:/Users/Prasanna/git/LMS_T16_QualityEncore/LMS_T16_QualityEncore/./src/test/resources/Features/01_Main_Login_Page/02_Login_Page_Verification.feature:35)
</textarea>
      
      </div>
              </div>
              <div class="step skip-bg" title="com.lms.ui.stepDefinitions.LoginPage_Verification_SD.admin_clicks_login_button()">
                <span>When Admin clicks Login button</span>
      <div>Step skipped
      </div>
              </div>
              <div class="step skip-bg" title="com.lms.ui.stepDefinitions.LoginPage_Verification_SD.admin_should_see_asterik_symbol_next_to_user_text()">
                <span>Then Admin should see asterik symbol next to user text</span>
      <div>Step skipped
      </div>
              </div>
          </div>
        </div>
  </div>
  <div class="card">
    <div class="card-header" role="tab">
      <div class="card-title">
        <div class="node" id="78"><span class="badge log fail-bg mr-2">Fail</span>Verify text on the second text field</div>
      </div>
    </div>
        <div class="">
          <div class="card-body">
              <div class="step fail-bg" title="com.lms.ui.stepDefinitions.LoginPage_Verification_SD.admin_is_in_home_page()">
                <span>Given Admin is in home page</span>
      <div>
        <textarea disabled class="code-block">org.junit.ComparisonFailure: expected:<[Home Page]> but was:<[]>
	at org.junit.Assert.assertEquals(Assert.java:117)
	at org.junit.Assert.assertEquals(Assert.java:146)
	at com.lms.ui.stepDefinitions.LoginPage_Verification_SD.admin_is_in_home_page(LoginPage_Verification_SD.java:37)
	at ✽.Admin is in home page(file:///C:/Users/Prasanna/git/LMS_T16_QualityEncore/LMS_T16_QualityEncore/./src/test/resources/Features/01_Main_Login_Page/02_Login_Page_Verification.feature:40)
</textarea>
      
      </div>
              </div>
              <div class="step skip-bg" title="com.lms.ui.stepDefinitions.LoginPage_Verification_SD.admin_clicks_login_button()">
                <span>When Admin clicks Login button</span>
      <div>Step skipped
      </div>
              </div>
              <div class="step skip-bg" title="com.lms.ui.stepDefinitions.LoginPage_Verification_SD.admin_should_password_in_the_second_text_field()">
                <span>Then Admin should password in the second text field</span>
      <div>Step skipped
      </div>
              </div>
          </div>
        </div>
  </div>
  <div class="card">
    <div class="card-header" role="tab">
      <div class="card-title">
        <div class="node" id="83"><span class="badge log fail-bg mr-2">Fail</span>Verify asterik next to password text</div>
      </div>
    </div>
        <div class="">
          <div class="card-body">
              <div class="step fail-bg" title="com.lms.ui.stepDefinitions.LoginPage_Verification_SD.admin_is_in_home_page()">
                <span>Given Admin is in home page</span>
      <div>
        <textarea disabled class="code-block">org.junit.ComparisonFailure: expected:<[Home Page]> but was:<[]>
	at org.junit.Assert.assertEquals(Assert.java:117)
	at org.junit.Assert.assertEquals(Assert.java:146)
	at com.lms.ui.stepDefinitions.LoginPage_Verification_SD.admin_is_in_home_page(LoginPage_Verification_SD.java:37)
	at ✽.Admin is in home page(file:///C:/Users/Prasanna/git/LMS_T16_QualityEncore/LMS_T16_QualityEncore/./src/test/resources/Features/01_Main_Login_Page/02_Login_Page_Verification.feature:45)
</textarea>
      
      </div>
              </div>
              <div class="step skip-bg" title="com.lms.ui.stepDefinitions.LoginPage_Verification_SD.admin_clicks_login_button()">
                <span>When Admin clicks Login button</span>
      <div>Step skipped
      </div>
              </div>
              <div class="step skip-bg" title="com.lms.ui.stepDefinitions.LoginPage_Verification_SD.admin_should_see_asterik_symbol_next_to_password_text()">
                <span>Then Admin should see asterik symbol next to password text</span>
      <div>Step skipped
      </div>
              </div>
          </div>
        </div>
  </div>
  <div class="card">
    <div class="card-header" role="tab">
      <div class="card-title">
        <div class="node" id="88"><span class="badge log fail-bg mr-2">Fail</span>Verify the alignment input field for the login</div>
      </div>
    </div>
        <div class="">
          <div class="card-body">
              <div class="step fail-bg" title="com.lms.ui.stepDefinitions.LoginPage_Verification_SD.admin_is_in_home_page()">
                <span>Given Admin is in home page</span>
      <div>
        <textarea disabled class="code-block">org.junit.ComparisonFailure: expected:<[Home Page]> but was:<[]>
	at org.junit.Assert.assertEquals(Assert.java:117)
	at org.junit.Assert.assertEquals(Assert.java:146)
	at com.lms.ui.stepDefinitions.LoginPage_Verification_SD.admin_is_in_home_page(LoginPage_Verification_SD.java:37)
	at ✽.Admin is in home page(file:///C:/Users/Prasanna/git/LMS_T16_QualityEncore/LMS_T16_QualityEncore/./src/test/resources/Features/01_Main_Login_Page/02_Login_Page_Verification.feature:50)
</textarea>
      
      </div>
              </div>
              <div class="step skip-bg" title="com.lms.ui.stepDefinitions.LoginPage_Verification_SD.admin_clicks_login_button()">
                <span>When Admin clicks Login button</span>
      <div>Step skipped
      </div>
              </div>
              <div class="step skip-bg" title="com.lms.ui.stepDefinitions.LoginPage_Verification_SD.admin_should_see_input_field_on_the_centre_of_the_page()">
                <span>Then Admin should see input field on the centre of the page</span>
      <div>Step skipped
      </div>
              </div>
          </div>
        </div>
  </div>
  <div class="card">
    <div class="card-header" role="tab">
      <div class="card-title">
        <div class="node" id="93"><span class="badge log fail-bg mr-2">Fail</span>verify Login is present</div>
      </div>
    </div>
        <div class="">
          <div class="card-body">
              <div class="step fail-bg" title="com.lms.ui.stepDefinitions.LoginPage_Verification_SD.admin_is_in_home_page()">
                <span>Given Admin is in home page</span>
      <div>
        <textarea disabled class="code-block">org.junit.ComparisonFailure: expected:<[Home Page]> but was:<[]>
	at org.junit.Assert.assertEquals(Assert.java:117)
	at org.junit.Assert.assertEquals(Assert.java:146)
	at com.lms.ui.stepDefinitions.LoginPage_Verification_SD.admin_is_in_home_page(LoginPage_Verification_SD.java:37)
	at ✽.Admin is in home page(file:///C:/Users/Prasanna/git/LMS_T16_QualityEncore/LMS_T16_QualityEncore/./src/test/resources/Features/01_Main_Login_Page/02_Login_Page_Verification.feature:55)
</textarea>
      
      </div>
              </div>
              <div class="step skip-bg" title="com.lms.ui.stepDefinitions.LoginPage_Verification_SD.admin_clicks_login_button()">
                <span>When Admin clicks Login button</span>
      <div>Step skipped
      </div>
              </div>
              <div class="step skip-bg" title="com.lms.ui.stepDefinitions.HomePage_SD.admin_should_see_login_button()">
                <span>Then Admin should see login button</span>
      <div>Step skipped
      </div>
              </div>
          </div>
        </div>
  </div>
  <div class="card">
    <div class="card-header" role="tab">
      <div class="card-title">
        <div class="node" id="98"><span class="badge log fail-bg mr-2">Fail</span>Verify the alignment of the login button</div>
      </div>
    </div>
        <div class="">
          <div class="card-body">
              <div class="step fail-bg" title="com.lms.ui.stepDefinitions.LoginPage_Verification_SD.admin_is_in_home_page()">
                <span>Given Admin is in home page</span>
      <div>
        <textarea disabled class="code-block">org.junit.ComparisonFailure: expected:<[Home Page]> but was:<[]>
	at org.junit.Assert.assertEquals(Assert.java:117)
	at org.junit.Assert.assertEquals(Assert.java:146)
	at com.lms.ui.stepDefinitions.LoginPage_Verification_SD.admin_is_in_home_page(LoginPage_Verification_SD.java:37)
	at ✽.Admin is in home page(file:///C:/Users/Prasanna/git/LMS_T16_QualityEncore/LMS_T16_QualityEncore/./src/test/resources/Features/01_Main_Login_Page/02_Login_Page_Verification.feature:60)
</textarea>
      
      </div>
              </div>
              <div class="step skip-bg" title="com.lms.ui.stepDefinitions.LoginPage_Verification_SD.admin_clicks_login_button()">
                <span>When Admin clicks Login button</span>
      <div>Step skipped
      </div>
              </div>
              <div class="step skip-bg" title="com.lms.ui.stepDefinitions.LoginPage_Verification_SD.admin_should_see_login_button_on_the_centre_of_the_page()">
                <span>Then Admin should see login button on the centre of the page</span>
      <div>Step skipped
      </div>
              </div>
          </div>
        </div>
  </div>
  <div class="card">
    <div class="card-header" role="tab">
      <div class="card-title">
        <div class="node" id="103"><span class="badge log fail-bg mr-2">Fail</span>Verify forgot username or password link</div>
      </div>
    </div>
        <div class="">
          <div class="card-body">
              <div class="step fail-bg" title="com.lms.ui.stepDefinitions.LoginPage_Verification_SD.admin_is_in_home_page()">
                <span>Given Admin is in home page</span>
      <div>
        <textarea disabled class="code-block">org.junit.ComparisonFailure: expected:<[Home Page]> but was:<[]>
	at org.junit.Assert.assertEquals(Assert.java:117)
	at org.junit.Assert.assertEquals(Assert.java:146)
	at com.lms.ui.stepDefinitions.LoginPage_Verification_SD.admin_is_in_home_page(LoginPage_Verification_SD.java:37)
	at ✽.Admin is in home page(file:///C:/Users/Prasanna/git/LMS_T16_QualityEncore/LMS_T16_QualityEncore/./src/test/resources/Features/01_Main_Login_Page/02_Login_Page_Verification.feature:65)
</textarea>
      
      </div>
              </div>
              <div class="step skip-bg" title="com.lms.ui.stepDefinitions.LoginPage_Verification_SD.admin_clicks_login_button()">
                <span>When Admin clicks Login button</span>
      <div>Step skipped
      </div>
              </div>
              <div class="step skip-bg" title="com.lms.ui.stepDefinitions.LoginPage_Verification_SD.admin_should_see_forgot_username_or_password_link()">
                <span>Then Admin should see forgot username or password link</span>
      <div>Step skipped
      </div>
              </div>
          </div>
        </div>
  </div>
  <div class="card">
    <div class="card-header" role="tab">
      <div class="card-title">
        <div class="node" id="108"><span class="badge log fail-bg mr-2">Fail</span>Verify for the Reset password link</div>
      </div>
    </div>
        <div class="">
          <div class="card-body">
              <div class="step fail-bg" title="com.lms.ui.stepDefinitions.LoginPage_Verification_SD.admin_is_in_home_page()">
                <span>Given Admin is in home page</span>
      <div>
        <textarea disabled class="code-block">org.junit.ComparisonFailure: expected:<[Home Page]> but was:<[]>
	at org.junit.Assert.assertEquals(Assert.java:117)
	at org.junit.Assert.assertEquals(Assert.java:146)
	at com.lms.ui.stepDefinitions.LoginPage_Verification_SD.admin_is_in_home_page(LoginPage_Verification_SD.java:37)
	at ✽.Admin is in home page(file:///C:/Users/Prasanna/git/LMS_T16_QualityEncore/LMS_T16_QualityEncore/./src/test/resources/Features/01_Main_Login_Page/02_Login_Page_Verification.feature:70)
</textarea>
      
      </div>
              </div>
              <div class="step skip-bg" title="com.lms.ui.stepDefinitions.LoginPage_Verification_SD.admin_clicks_login_button()">
                <span>When Admin clicks Login button</span>
      <div>Step skipped
      </div>
              </div>
              <div class="step skip-bg" title="com.lms.ui.stepDefinitions.LoginPage_Verification_SD.admin_should_see_reset_password_link()">
                <span>Then Admin should see reset password link</span>
      <div>Step skipped
      </div>
              </div>
          </div>
        </div>
  </div>
  <div class="card">
    <div class="card-header" role="tab">
      <div class="card-title">
        <div class="node" id="113"><span class="badge log fail-bg mr-2">Fail</span>Verify input descriptive test in user field</div>
      </div>
    </div>
        <div class="">
          <div class="card-body">
              <div class="step fail-bg" title="com.lms.ui.stepDefinitions.LoginPage_Verification_SD.admin_is_in_home_page()">
                <span>Given Admin is in home page</span>
      <div>
        <textarea disabled class="code-block">org.junit.ComparisonFailure: expected:<[Home Page]> but was:<[]>
	at org.junit.Assert.assertEquals(Assert.java:117)
	at org.junit.Assert.assertEquals(Assert.java:146)
	at com.lms.ui.stepDefinitions.LoginPage_Verification_SD.admin_is_in_home_page(LoginPage_Verification_SD.java:37)
	at ✽.Admin is in home page(file:///C:/Users/Prasanna/git/LMS_T16_QualityEncore/LMS_T16_QualityEncore/./src/test/resources/Features/01_Main_Login_Page/02_Login_Page_Verification.feature:75)
</textarea>
      
      </div>
              </div>
              <div class="step skip-bg" title="com.lms.ui.stepDefinitions.LoginPage_Verification_SD.admin_clicks_login_button()">
                <span>When Admin clicks Login button</span>
      <div>Step skipped
      </div>
              </div>
              <div class="step skip-bg" title="com.lms.ui.stepDefinitions.LoginPage_Verification_SD.admin_should_see_user_in_gray_color()">
                <span>Then Admin should see user in gray color</span>
      <div>Step skipped
      </div>
              </div>
          </div>
        </div>
  </div>
  <div class="card">
    <div class="card-header" role="tab">
      <div class="card-title">
        <div class="node" id="118"><span class="badge log fail-bg mr-2">Fail</span>Verify input descriptive test in password field</div>
      </div>
    </div>
        <div class="">
          <div class="card-body">
              <div class="step fail-bg" title="com.lms.ui.stepDefinitions.LoginPage_Verification_SD.admin_is_in_home_page()">
                <span>Given Admin is in home page</span>
      <div>
        <textarea disabled class="code-block">org.junit.ComparisonFailure: expected:<[Home Page]> but was:<[]>
	at org.junit.Assert.assertEquals(Assert.java:117)
	at org.junit.Assert.assertEquals(Assert.java:146)
	at com.lms.ui.stepDefinitions.LoginPage_Verification_SD.admin_is_in_home_page(LoginPage_Verification_SD.java:37)
	at ✽.Admin is in home page(file:///C:/Users/Prasanna/git/LMS_T16_QualityEncore/LMS_T16_QualityEncore/./src/test/resources/Features/01_Main_Login_Page/02_Login_Page_Verification.feature:80)
</textarea>
      
      </div>
              </div>
              <div class="step skip-bg" title="com.lms.ui.stepDefinitions.LoginPage_Verification_SD.admin_clicks_login_button()">
                <span>When Admin clicks Login button</span>
      <div>Step skipped
      </div>
              </div>
              <div class="step skip-bg" title="com.lms.ui.stepDefinitions.LoginPage_Verification_SD.admin_should_see_password_in_gray_color()">
                <span>Then Admin should see password in gray color</span>
      <div>Step skipped
      </div>
              </div>
          </div>
        </div>
  </div>
</div>
          </div>
        </li>
        <li class="test-item"  status="fail" test-id="123"
          author=""
          tag=""
          device="">
          <div class="test-detail">
            <p class="name">Login page validation</p>
            <p class="text-sm">
              <span>12:17:36 AM</span> / <span>00:00:04:776</span>
              <span class="badge fail-bg log float-right">Fail</span>
            </p>
          </div>
          <div class="test-contents d-none">
<div class="detail-head">
<div class="p-v-10">
<div class="info">
<h5 class="test-status text-fail">Login page validation</h5>
<span class='badge badge-success'>09.13.2023 12:17:36 AM</span>
<span class='badge badge-danger'>09.13.2023 12:17:41 AM</span>
<span class='badge badge-default'>00:00:04:776</span>
&middot; <span class='uri-anchor badge badge-default'>#test-id=123</span>
<span class='badge badge-default pointer float-right ml-1 et'><i class="fa fa-chevron-down"></i></span>
<span class='badge badge-default pointer float-right ct'><i class="fa fa-chevron-up"></i></span>
</div>
<div class="m-t-10 m-l-5"></div>
</div>
</div>
<div class="accordion mt-4">
  <div class="card">
    <div class="card-header" role="tab">
      <div class="card-title">
        <div class="node" id="124"><span class="badge log fail-bg mr-2">Fail</span>Validate login with valid credentials</div>
      </div>
    </div>
        <div class="">
          <div class="card-body">
              <div class="step fail-bg" title="com.lms.ui.stepDefinitions.LoginPage_Validation_SD.admin_is_in_login_page()">
                <span>Given Admin is in login page</span>
      <div>
        <textarea disabled class="code-block">org.junit.ComparisonFailure: expected:<[Login]> but was:<[]>
	at org.junit.Assert.assertEquals(Assert.java:117)
	at org.junit.Assert.assertEquals(Assert.java:146)
	at com.lms.ui.stepDefinitions.LoginPage_Validation_SD.admin_is_in_login_page(LoginPage_Validation_SD.java:36)
	at ✽.Admin is in login page(file:///C:/Users/Prasanna/git/LMS_T16_QualityEncore/LMS_T16_QualityEncore/./src/test/resources/Features/01_Main_Login_Page/03_Login_Page_Validation.feature:6)
</textarea>
      
      </div>
              </div>
              <div class="step skip-bg" title="com.lms.ui.stepDefinitions.LoginPage_Validation_SD.admin_enter_valid_credentials_and_clicks_login_button()">
                <span>When Admin enter valid credentials  and clicks login button</span>
      <div>Step skipped
      </div>
              </div>
              <div class="step skip-bg" title="com.lms.ui.stepDefinitions.LoginPage_Validation_SD.admin_should_land_on_dashboard_page()">
                <span>Then Admin should land on dashboard page</span>
      <div>Step skipped
      </div>
              </div>
          </div>
        </div>
  </div>
  <div class="card">
    <div class="card-header" role="tab">
      <div class="card-title">
        <div class="node" id="129"><span class="badge log fail-bg mr-2">Fail</span>Validate login with invalid credentials</div>
      </div>
    </div>
        <div class="">
          <div class="card-body">
              <div class="step fail-bg" title="com.lms.ui.stepDefinitions.LoginPage_Validation_SD.admin_is_in_login_page()">
                <span>Given Admin is in login page</span>
      <div>
        <textarea disabled class="code-block">org.junit.ComparisonFailure: expected:<[Login]> but was:<[]>
	at org.junit.Assert.assertEquals(Assert.java:117)
	at org.junit.Assert.assertEquals(Assert.java:146)
	at com.lms.ui.stepDefinitions.LoginPage_Validation_SD.admin_is_in_login_page(LoginPage_Validation_SD.java:36)
	at ✽.Admin is in login page(file:///C:/Users/Prasanna/git/LMS_T16_QualityEncore/LMS_T16_QualityEncore/./src/test/resources/Features/01_Main_Login_Page/03_Login_Page_Validation.feature:11)
</textarea>
      
      </div>
              </div>
              <div class="step skip-bg" title="com.lms.ui.stepDefinitions.LoginPage_Validation_SD.admin_enter_invalid_credentials_and_clicks_login_button()">
                <span>When Admin enter invalid credentials  and clicks login button</span>
      <div>Step skipped
      </div>
              </div>
              <div class="step skip-bg" title="com.lms.ui.stepDefinitions.LoginPage_Validation_SD.error_message_please_check_username_password()">
                <span>Then Error message please check username/password</span>
      <div>Step skipped
      </div>
              </div>
          </div>
        </div>
  </div>
  <div class="card">
    <div class="card-header" role="tab">
      <div class="card-title">
        <div class="node" id="134"><span class="badge log fail-bg mr-2">Fail</span>Validate login with valid credentials in username</div>
      </div>
    </div>
        <div class="">
          <div class="card-body">
              <div class="step fail-bg" title="com.lms.ui.stepDefinitions.LoginPage_Validation_SD.admin_is_in_login_page()">
                <span>Given Admin is in login page</span>
      <div>
        <textarea disabled class="code-block">org.junit.ComparisonFailure: expected:<[Login]> but was:<[]>
	at org.junit.Assert.assertEquals(Assert.java:117)
	at org.junit.Assert.assertEquals(Assert.java:146)
	at com.lms.ui.stepDefinitions.LoginPage_Validation_SD.admin_is_in_login_page(LoginPage_Validation_SD.java:36)
	at ✽.Admin is in login page(file:///C:/Users/Prasanna/git/LMS_T16_QualityEncore/LMS_T16_QualityEncore/./src/test/resources/Features/01_Main_Login_Page/03_Login_Page_Validation.feature:16)
</textarea>
      
      </div>
              </div>
              <div class="step skip-bg" title="com.lms.ui.stepDefinitions.LoginPage_Validation_SD.admin_enter_valid_username_and_clicks_login_button()">
                <span>When Admin enter valid username  and clicks login button</span>
      <div>Step skipped
      </div>
              </div>
              <div class="step skip-bg" title="com.lms.ui.stepDefinitions.LoginPage_Validation_SD.error_message_please_check_password()">
                <span>Then Error message please check password</span>
      <div>Step skipped
      </div>
              </div>
          </div>
        </div>
  </div>
  <div class="card">
    <div class="card-header" role="tab">
      <div class="card-title">
        <div class="node" id="139"><span class="badge log fail-bg mr-2">Fail</span>Validate login with valid credentials in password</div>
      </div>
    </div>
        <div class="">
          <div class="card-body">
              <div class="step fail-bg" title="com.lms.ui.stepDefinitions.LoginPage_Validation_SD.admin_is_in_login_page()">
                <span>Given Admin is in login page</span>
      <div>
        <textarea disabled class="code-block">org.junit.ComparisonFailure: expected:<[Login]> but was:<[]>
	at org.junit.Assert.assertEquals(Assert.java:117)
	at org.junit.Assert.assertEquals(Assert.java:146)
	at com.lms.ui.stepDefinitions.LoginPage_Validation_SD.admin_is_in_login_page(LoginPage_Validation_SD.java:36)
	at ✽.Admin is in login page(file:///C:/Users/Prasanna/git/LMS_T16_QualityEncore/LMS_T16_QualityEncore/./src/test/resources/Features/01_Main_Login_Page/03_Login_Page_Validation.feature:21)
</textarea>
      
      </div>
              </div>
              <div class="step skip-bg" title="com.lms.ui.stepDefinitions.LoginPage_Validation_SD.admin_enter_valid_password_and_clicks_login_button()">
                <span>When Admin enter valid  password  and clicks login button</span>
      <div>Step skipped
      </div>
              </div>
              <div class="step skip-bg" title="com.lms.ui.stepDefinitions.LoginPage_Validation_SD.error_message_please_check_username()">
                <span>Then Error message please check username</span>
      <div>Step skipped
      </div>
              </div>
          </div>
        </div>
  </div>
  <div class="card">
    <div class="card-header" role="tab">
      <div class="card-title">
        <div class="node" id="144"><span class="badge log fail-bg mr-2">Fail</span>Validate login with blank username credentials</div>
      </div>
    </div>
        <div class="">
          <div class="card-body">
              <div class="step fail-bg" title="com.lms.ui.stepDefinitions.LoginPage_Validation_SD.admin_is_in_login_page()">
                <span>Given Admin is in login page</span>
      <div>
        <textarea disabled class="code-block">org.junit.ComparisonFailure: expected:<[Login]> but was:<[]>
	at org.junit.Assert.assertEquals(Assert.java:117)
	at org.junit.Assert.assertEquals(Assert.java:146)
	at com.lms.ui.stepDefinitions.LoginPage_Validation_SD.admin_is_in_login_page(LoginPage_Validation_SD.java:36)
	at ✽.Admin is in login page(file:///C:/Users/Prasanna/git/LMS_T16_QualityEncore/LMS_T16_QualityEncore/./src/test/resources/Features/01_Main_Login_Page/03_Login_Page_Validation.feature:26)
</textarea>
      
      </div>
              </div>
              <div class="step skip-bg" title="com.lms.ui.stepDefinitions.LoginPage_Validation_SD.admin_enter_blank_in_username_and_clicks_login_button()">
                <span>When Admin enter blank in username and clicks login button</span>
      <div>Step skipped
      </div>
              </div>
              <div class="step skip-bg" title="com.lms.ui.stepDefinitions.LoginPage_Validation_SD.error_message_please_check_username_password()">
                <span>Then Error message please check username/password</span>
      <div>Step skipped
      </div>
              </div>
          </div>
        </div>
  </div>
  <div class="card">
    <div class="card-header" role="tab">
      <div class="card-title">
        <div class="node" id="149"><span class="badge log fail-bg mr-2">Fail</span>Validate login with blank password credentials</div>
      </div>
    </div>
        <div class="">
          <div class="card-body">
              <div class="step fail-bg" title="com.lms.ui.stepDefinitions.LoginPage_Validation_SD.admin_is_in_login_page()">
                <span>Given Admin is in login page</span>
      <div>
        <textarea disabled class="code-block">org.junit.ComparisonFailure: expected:<[Login]> but was:<[]>
	at org.junit.Assert.assertEquals(Assert.java:117)
	at org.junit.Assert.assertEquals(Assert.java:146)
	at com.lms.ui.stepDefinitions.LoginPage_Validation_SD.admin_is_in_login_page(LoginPage_Validation_SD.java:36)
	at ✽.Admin is in login page(file:///C:/Users/Prasanna/git/LMS_T16_QualityEncore/LMS_T16_QualityEncore/./src/test/resources/Features/01_Main_Login_Page/03_Login_Page_Validation.feature:31)
</textarea>
      
      </div>
              </div>
              <div class="step skip-bg" title="com.lms.ui.stepDefinitions.LoginPage_Validation_SD.admin_enter_blank_in_password_and_clicks_login_button()">
                <span>When Admin enter blank in password  and clicks login button</span>
      <div>Step skipped
      </div>
              </div>
              <div class="step skip-bg" title="com.lms.ui.stepDefinitions.LoginPage_Validation_SD.error_message_please_check_username_password()">
                <span>Then Error message please check username/password</span>
      <div>Step skipped
      </div>
              </div>
          </div>
        </div>
  </div>
  <div class="card">
    <div class="card-header" role="tab">
      <div class="card-title">
        <div class="node" id="154"><span class="badge log fail-bg mr-2">Fail</span>validate login with empty values in both field</div>
      </div>
    </div>
        <div class="">
          <div class="card-body">
              <div class="step fail-bg" title="com.lms.ui.stepDefinitions.LoginPage_Validation_SD.admin_is_in_login_page()">
                <span>Given Admin is in login page</span>
      <div>
        <textarea disabled class="code-block">org.junit.ComparisonFailure: expected:<[Login]> but was:<[]>
	at org.junit.Assert.assertEquals(Assert.java:117)
	at org.junit.Assert.assertEquals(Assert.java:146)
	at com.lms.ui.stepDefinitions.LoginPage_Validation_SD.admin_is_in_login_page(LoginPage_Validation_SD.java:36)
	at ✽.Admin is in login page(file:///C:/Users/Prasanna/git/LMS_T16_QualityEncore/LMS_T16_QualityEncore/./src/test/resources/Features/01_Main_Login_Page/03_Login_Page_Validation.feature:36)
</textarea>
      
      </div>
              </div>
              <div class="step skip-bg" title="com.lms.ui.stepDefinitions.LoginPage_Validation_SD.admin_clicks_login_button_with_empty_values_in_both_columns()">
                <span>When Admin clicks Login button with empty values in both columns</span>
      <div>Step skipped
      </div>
              </div>
              <div class="step skip-bg" title="com.lms.ui.stepDefinitions.LoginPage_Validation_SD.error_message_please_check_username_password()">
                <span>Then Error message please check username/password</span>
      <div>Step skipped
      </div>
              </div>
          </div>
        </div>
  </div>
  <div class="card">
    <div class="card-header" role="tab">
      <div class="card-title">
        <div class="node" id="159"><span class="badge log fail-bg mr-2">Fail</span>verify login button action through keyboard</div>
      </div>
    </div>
        <div class="">
          <div class="card-body">
              <div class="step fail-bg" title="com.lms.ui.stepDefinitions.LoginPage_Validation_SD.admin_is_in_login_page()">
                <span>Given Admin is in login page</span>
      <div>
        <textarea disabled class="code-block">org.junit.ComparisonFailure: expected:<[Login]> but was:<[]>
	at org.junit.Assert.assertEquals(Assert.java:117)
	at org.junit.Assert.assertEquals(Assert.java:146)
	at com.lms.ui.stepDefinitions.LoginPage_Validation_SD.admin_is_in_login_page(LoginPage_Validation_SD.java:36)
	at ✽.Admin is in login page(file:///C:/Users/Prasanna/git/LMS_T16_QualityEncore/LMS_T16_QualityEncore/./src/test/resources/Features/01_Main_Login_Page/03_Login_Page_Validation.feature:41)
</textarea>
      
      </div>
              </div>
              <div class="step skip-bg" title="com.lms.ui.stepDefinitions.LoginPage_Validation_SD.admin_enter_valid_credentials_and_clicks_login_button_through_keyboard()">
                <span>When Admin enter valid credentials and clicks login button through keyboard</span>
      <div>Step skipped
      </div>
              </div>
              <div class="step skip-bg" title="com.lms.ui.stepDefinitions.LoginPage_Validation_SD.admin_should_land_on_dashboard_page()">
                <span>Then Admin should land on dashboard page</span>
      <div>Step skipped
      </div>
              </div>
          </div>
        </div>
  </div>
  <div class="card">
    <div class="card-header" role="tab">
      <div class="card-title">
        <div class="node" id="164"><span class="badge log fail-bg mr-2">Fail</span>verify login button action through mouse</div>
      </div>
    </div>
        <div class="">
          <div class="card-body">
              <div class="step fail-bg" title="com.lms.ui.stepDefinitions.LoginPage_Validation_SD.admin_is_in_login_page()">
                <span>Given Admin is in login page</span>
      <div>
        <textarea disabled class="code-block">org.junit.ComparisonFailure: expected:<[Login]> but was:<[]>
	at org.junit.Assert.assertEquals(Assert.java:117)
	at org.junit.Assert.assertEquals(Assert.java:146)
	at com.lms.ui.stepDefinitions.LoginPage_Validation_SD.admin_is_in_login_page(LoginPage_Validation_SD.java:36)
	at ✽.Admin is in login page(file:///C:/Users/Prasanna/git/LMS_T16_QualityEncore/LMS_T16_QualityEncore/./src/test/resources/Features/01_Main_Login_Page/03_Login_Page_Validation.feature:46)
</textarea>
      
      </div>
              </div>
              <div class="step skip-bg" title="com.lms.ui.stepDefinitions.LoginPage_Validation_SD.admin_enter_valid_credentials_and_clicks_login_button_through_mouse()">
                <span>When Admin enter valid credentials  and clicks login button through mouse</span>
      <div>Step skipped
      </div>
              </div>
              <div class="step skip-bg" title="com.lms.ui.stepDefinitions.LoginPage_Validation_SD.admin_should_land_on_dashboard_page()">
                <span>Then Admin should land on dashboard page</span>
      <div>Step skipped
      </div>
              </div>
          </div>
        </div>
  </div>
</div>
          </div>
        </li>
        <li class="test-item"  status="fail" test-id="169"
          author=""
          tag=""
          device="">
          <div class="test-detail">
            <p class="name">Forgot username /password</p>
            <p class="text-sm">
              <span>12:17:41 AM</span> / <span>00:00:01:353</span>
              <span class="badge fail-bg log float-right">Fail</span>
            </p>
          </div>
          <div class="test-contents d-none">
<div class="detail-head">
<div class="p-v-10">
<div class="info">
<h5 class="test-status text-fail">Forgot username /password</h5>
<span class='badge badge-success'>09.13.2023 12:17:41 AM</span>
<span class='badge badge-danger'>09.13.2023 12:17:42 AM</span>
<span class='badge badge-default'>00:00:01:353</span>
&middot; <span class='uri-anchor badge badge-default'>#test-id=169</span>
<span class='badge badge-default pointer float-right ml-1 et'><i class="fa fa-chevron-down"></i></span>
<span class='badge badge-default pointer float-right ct'><i class="fa fa-chevron-up"></i></span>
</div>
<div class="m-t-10 m-l-5"></div>
</div>
</div>
<div class="accordion mt-4">
  <div class="card">
    <div class="card-header" role="tab">
      <div class="card-title">
        <div class="node" id="170"><span class="badge log fail-bg mr-2">Fail</span>Verify forgot username or password link</div>
      </div>
    </div>
        <div class="">
          <div class="card-body">
              <div class="step fail-bg" title="com.lms.ui.stepDefinitions.ForgotUsernamePassword_SD.admin_clicks_forgot_username_or_password_link()">
                <span>When Admin clicks forgot username or password link</span>
      <div>
        <textarea disabled class="code-block">org.openqa.selenium.NoSuchElementException: no such element: Unable to locate element: {"method":"xpath","selector":"//*[@id="gbwa"]/div/a"}
  (Session info: chrome=116.0.5845.141)
For documentation on this error, please visit: https://www.selenium.dev/documentation/webdriver/troubleshooting/errors#no-such-element-exception
Build info: version: '4.12.1', revision: '8e34639b11'
System info: os.name: 'Windows 10', os.arch: 'amd64', os.version: '10.0', java.version: '20.0.1'
Driver info: org.openqa.selenium.chrome.ChromeDriver
Command: [9af595a88ebae3f4fa40f1d3ddc24e8f, findElement {using=xpath, value=//*[@id="gbwa"]/div/a}]
Capabilities {acceptInsecureCerts: false, browserName: chrome, browserVersion: 116.0.5845.141, chrome: {chromedriverVersion: 116.0.5845.96 (1a3918166880..., userDataDir: C:\Users\Prasanna\AppData\L...}, fedcm:accounts: true, goog:chromeOptions: {debuggerAddress: localhost:58187}, networkConnectionEnabled: false, pageLoadStrategy: normal, platformName: windows, proxy: Proxy(), se:cdp: ws://localhost:58187/devtoo..., se:cdpVersion: 116.0.5845.141, setWindowRect: true, strictFileInteractability: false, timeouts: {implicit: 0, pageLoad: 300000, script: 30000}, unhandledPromptBehavior: dismiss and notify, webauthn:extension:credBlob: true, webauthn:extension:largeBlob: true, webauthn:extension:minPinLength: true, webauthn:extension:prf: true, webauthn:virtualAuthenticators: true}
Session ID: 9af595a88ebae3f4fa40f1d3ddc24e8f
	at java.base/jdk.internal.reflect.DirectConstructorHandleAccessor.newInstance(DirectConstructorHandleAccessor.java:67)
	at java.base/java.lang.reflect.Constructor.newInstanceWithCaller(Constructor.java:500)
	at java.base/java.lang.reflect.Constructor.newInstance(Constructor.java:484)
	at org.openqa.selenium.remote.codec.w3c.W3CHttpResponseCodec.createException(W3CHttpResponseCodec.java:200)
	at org.openqa.selenium.remote.codec.w3c.W3CHttpResponseCodec.decode(W3CHttpResponseCodec.java:133)
	at org.openqa.selenium.remote.codec.w3c.W3CHttpResponseCodec.decode(W3CHttpResponseCodec.java:52)
	at org.openqa.selenium.remote.HttpCommandExecutor.execute(HttpCommandExecutor.java:191)
	at org.openqa.selenium.remote.service.DriverCommandExecutor.invokeExecute(DriverCommandExecutor.java:196)
	at org.openqa.selenium.remote.service.DriverCommandExecutor.execute(DriverCommandExecutor.java:171)
	at org.openqa.selenium.remote.RemoteWebDriver.execute(RemoteWebDriver.java:602)
	at org.openqa.selenium.remote.ElementLocation$ElementFinder$2.findElement(ElementLocation.java:165)
	at org.openqa.selenium.remote.ElementLocation.findElement(ElementLocation.java:59)
	at org.openqa.selenium.remote.RemoteWebDriver.findElement(RemoteWebDriver.java:359)
	at org.openqa.selenium.remote.RemoteWebDriver.findElement(RemoteWebDriver.java:353)
	at org.openqa.selenium.support.pagefactory.DefaultElementLocator.findElement(DefaultElementLocator.java:68)
	at org.openqa.selenium.support.pagefactory.internal.LocatingElementHandler.invoke(LocatingElementHandler.java:38)
	at jdk.proxy2/jdk.proxy2.$Proxy39.click(Unknown Source)
	at com.lms.ui.pageObject.ForgotUserNamePassword_obj.userpasslink_click(ForgotUserNamePassword_obj.java:67)
	at com.lms.ui.stepDefinitions.ForgotUsernamePassword_SD.admin_clicks_forgot_username_or_password_link(ForgotUsernamePassword_SD.java:36)
	at ✽.Admin clicks forgot username or password link(file:///C:/Users/Prasanna/git/LMS_T16_QualityEncore/LMS_T16_QualityEncore/./src/test/resources/Features/01_Main_Login_Page/04_Forgot_Username_Password.feature:6)
</textarea>
      
      </div>
              </div>
              <div class="step skip-bg" title="com.lms.ui.stepDefinitions.ForgotUsernamePassword_SD.admin_should_land_on_forgot_username_or_password_page()">
                <span>Then Admin should land on forgot username or password page</span>
      <div>Step skipped
      </div>
              </div>
          </div>
        </div>
  </div>
  <div class="card">
    <div class="card-header" role="tab">
      <div class="card-title">
        <div class="node" id="174"><span class="badge log fail-bg mr-2">Fail</span>verify broken link</div>
      </div>
    </div>
        <div class="">
          <div class="card-body">
              <div class="step fail-bg" title="com.lms.ui.stepDefinitions.ForgotUsernamePassword_SD.admin_clicks_forgot_username_or_password_link()">
                <span>When Admin clicks forgot username or password link</span>
      <div>
        <textarea disabled class="code-block">org.openqa.selenium.NoSuchElementException: no such element: Unable to locate element: {"method":"xpath","selector":"//*[@id="gbwa"]/div/a"}
  (Session info: chrome=116.0.5845.141)
For documentation on this error, please visit: https://www.selenium.dev/documentation/webdriver/troubleshooting/errors#no-such-element-exception
Build info: version: '4.12.1', revision: '8e34639b11'
System info: os.name: 'Windows 10', os.arch: 'amd64', os.version: '10.0', java.version: '20.0.1'
Driver info: org.openqa.selenium.chrome.ChromeDriver
Command: [9af595a88ebae3f4fa40f1d3ddc24e8f, findElement {using=xpath, value=//*[@id="gbwa"]/div/a}]
Capabilities {acceptInsecureCerts: false, browserName: chrome, browserVersion: 116.0.5845.141, chrome: {chromedriverVersion: 116.0.5845.96 (1a3918166880..., userDataDir: C:\Users\Prasanna\AppData\L...}, fedcm:accounts: true, goog:chromeOptions: {debuggerAddress: localhost:58187}, networkConnectionEnabled: false, pageLoadStrategy: normal, platformName: windows, proxy: Proxy(), se:cdp: ws://localhost:58187/devtoo..., se:cdpVersion: 116.0.5845.141, setWindowRect: true, strictFileInteractability: false, timeouts: {implicit: 0, pageLoad: 300000, script: 30000}, unhandledPromptBehavior: dismiss and notify, webauthn:extension:credBlob: true, webauthn:extension:largeBlob: true, webauthn:extension:minPinLength: true, webauthn:extension:prf: true, webauthn:virtualAuthenticators: true}
Session ID: 9af595a88ebae3f4fa40f1d3ddc24e8f
	at java.base/jdk.internal.reflect.DirectConstructorHandleAccessor.newInstance(DirectConstructorHandleAccessor.java:67)
	at java.base/java.lang.reflect.Constructor.newInstanceWithCaller(Constructor.java:500)
	at java.base/java.lang.reflect.Constructor.newInstance(Constructor.java:484)
	at org.openqa.selenium.remote.codec.w3c.W3CHttpResponseCodec.createException(W3CHttpResponseCodec.java:200)
	at org.openqa.selenium.remote.codec.w3c.W3CHttpResponseCodec.decode(W3CHttpResponseCodec.java:133)
	at org.openqa.selenium.remote.codec.w3c.W3CHttpResponseCodec.decode(W3CHttpResponseCodec.java:52)
	at org.openqa.selenium.remote.HttpCommandExecutor.execute(HttpCommandExecutor.java:191)
	at org.openqa.selenium.remote.service.DriverCommandExecutor.invokeExecute(DriverCommandExecutor.java:196)
	at org.openqa.selenium.remote.service.DriverCommandExecutor.execute(DriverCommandExecutor.java:171)
	at org.openqa.selenium.remote.RemoteWebDriver.execute(RemoteWebDriver.java:602)
	at org.openqa.selenium.remote.ElementLocation$ElementFinder$2.findElement(ElementLocation.java:165)
	at org.openqa.selenium.remote.ElementLocation.findElement(ElementLocation.java:59)
	at org.openqa.selenium.remote.RemoteWebDriver.findElement(RemoteWebDriver.java:359)
	at org.openqa.selenium.remote.RemoteWebDriver.findElement(RemoteWebDriver.java:353)
	at org.openqa.selenium.support.pagefactory.DefaultElementLocator.findElement(DefaultElementLocator.java:68)
	at org.openqa.selenium.support.pagefactory.internal.LocatingElementHandler.invoke(LocatingElementHandler.java:38)
	at jdk.proxy2/jdk.proxy2.$Proxy39.click(Unknown Source)
	at com.lms.ui.pageObject.ForgotUserNamePassword_obj.userpasslink_click(ForgotUserNamePassword_obj.java:67)
	at com.lms.ui.stepDefinitions.ForgotUsernamePassword_SD.admin_clicks_forgot_username_or_password_link(ForgotUsernamePassword_SD.java:36)
	at ✽.Admin clicks forgot username or password link(file:///C:/Users/Prasanna/git/LMS_T16_QualityEncore/LMS_T16_QualityEncore/./src/test/resources/Features/01_Main_Login_Page/04_Forgot_Username_Password.feature:11)
</textarea>
      
      </div>
              </div>
              <div class="step skip-bg" title="com.lms.ui.stepDefinitions.HomePage_SD.http_response_equalto400_the_link_is_broken()">
                <span>Then HTTP response >equalto400 the link is broken</span>
      <div>Step skipped
      </div>
              </div>
          </div>
        </div>
  </div>
  <div class="card">
    <div class="card-header" role="tab">
      <div class="card-title">
        <div class="node" id="178"><span class="badge log fail-bg mr-2">Fail</span>verify input descriptive text for Email</div>
      </div>
    </div>
        <div class="">
          <div class="card-body">
              <div class="step fail-bg" title="com.lms.ui.stepDefinitions.ForgotUsernamePassword_SD.admin_clicks_forgot_username_or_password_link()">
                <span>When Admin clicks forgot username or password link</span>
      <div>
        <textarea disabled class="code-block">org.openqa.selenium.NoSuchElementException: no such element: Unable to locate element: {"method":"xpath","selector":"//*[@id="gbwa"]/div/a"}
  (Session info: chrome=116.0.5845.141)
For documentation on this error, please visit: https://www.selenium.dev/documentation/webdriver/troubleshooting/errors#no-such-element-exception
Build info: version: '4.12.1', revision: '8e34639b11'
System info: os.name: 'Windows 10', os.arch: 'amd64', os.version: '10.0', java.version: '20.0.1'
Driver info: org.openqa.selenium.chrome.ChromeDriver
Command: [9af595a88ebae3f4fa40f1d3ddc24e8f, findElement {using=xpath, value=//*[@id="gbwa"]/div/a}]
Capabilities {acceptInsecureCerts: false, browserName: chrome, browserVersion: 116.0.5845.141, chrome: {chromedriverVersion: 116.0.5845.96 (1a3918166880..., userDataDir: C:\Users\Prasanna\AppData\L...}, fedcm:accounts: true, goog:chromeOptions: {debuggerAddress: localhost:58187}, networkConnectionEnabled: false, pageLoadStrategy: normal, platformName: windows, proxy: Proxy(), se:cdp: ws://localhost:58187/devtoo..., se:cdpVersion: 116.0.5845.141, setWindowRect: true, strictFileInteractability: false, timeouts: {implicit: 0, pageLoad: 300000, script: 30000}, unhandledPromptBehavior: dismiss and notify, webauthn:extension:credBlob: true, webauthn:extension:largeBlob: true, webauthn:extension:minPinLength: true, webauthn:extension:prf: true, webauthn:virtualAuthenticators: true}
Session ID: 9af595a88ebae3f4fa40f1d3ddc24e8f
	at java.base/jdk.internal.reflect.DirectConstructorHandleAccessor.newInstance(DirectConstructorHandleAccessor.java:67)
	at java.base/java.lang.reflect.Constructor.newInstanceWithCaller(Constructor.java:500)
	at java.base/java.lang.reflect.Constructor.newInstance(Constructor.java:484)
	at org.openqa.selenium.remote.codec.w3c.W3CHttpResponseCodec.createException(W3CHttpResponseCodec.java:200)
	at org.openqa.selenium.remote.codec.w3c.W3CHttpResponseCodec.decode(W3CHttpResponseCodec.java:133)
	at org.openqa.selenium.remote.codec.w3c.W3CHttpResponseCodec.decode(W3CHttpResponseCodec.java:52)
	at org.openqa.selenium.remote.HttpCommandExecutor.execute(HttpCommandExecutor.java:191)
	at org.openqa.selenium.remote.service.DriverCommandExecutor.invokeExecute(DriverCommandExecutor.java:196)
	at org.openqa.selenium.remote.service.DriverCommandExecutor.execute(DriverCommandExecutor.java:171)
	at org.openqa.selenium.remote.RemoteWebDriver.execute(RemoteWebDriver.java:602)
	at org.openqa.selenium.remote.ElementLocation$ElementFinder$2.findElement(ElementLocation.java:165)
	at org.openqa.selenium.remote.ElementLocation.findElement(ElementLocation.java:59)
	at org.openqa.selenium.remote.RemoteWebDriver.findElement(RemoteWebDriver.java:359)
	at org.openqa.selenium.remote.RemoteWebDriver.findElement(RemoteWebDriver.java:353)
	at org.openqa.selenium.support.pagefactory.DefaultElementLocator.findElement(DefaultElementLocator.java:68)
	at org.openqa.selenium.support.pagefactory.internal.LocatingElementHandler.invoke(LocatingElementHandler.java:38)
	at jdk.proxy2/jdk.proxy2.$Proxy39.click(Unknown Source)
	at com.lms.ui.pageObject.ForgotUserNamePassword_obj.userpasslink_click(ForgotUserNamePassword_obj.java:67)
	at com.lms.ui.stepDefinitions.ForgotUsernamePassword_SD.admin_clicks_forgot_username_or_password_link(ForgotUsernamePassword_SD.java:36)
	at ✽.Admin clicks forgot username or password link(file:///C:/Users/Prasanna/git/LMS_T16_QualityEncore/LMS_T16_QualityEncore/./src/test/resources/Features/01_Main_Login_Page/04_Forgot_Username_Password.feature:16)
</textarea>
      
      </div>
              </div>
              <div class="step skip-bg" title="com.lms.ui.stepDefinitions.ForgotUsernamePassword_SD.admin_should_see_email_text_in_gray_color()">
                <span>Then Admin should see Email text in gray color</span>
      <div>Step skipped
      </div>
              </div>
          </div>
        </div>
  </div>
  <div class="card">
    <div class="card-header" role="tab">
      <div class="card-title">
        <div class="node" id="182"><span class="badge log fail-bg mr-2">Fail</span>Verify email text in text field</div>
      </div>
    </div>
        <div class="">
          <div class="card-body">
              <div class="step fail-bg" title="com.lms.ui.stepDefinitions.ForgotUsernamePassword_SD.admin_clicks_forgot_username_or_password_link()">
                <span>When Admin clicks forgot username or password link</span>
      <div>
        <textarea disabled class="code-block">org.openqa.selenium.NoSuchElementException: no such element: Unable to locate element: {"method":"xpath","selector":"//*[@id="gbwa"]/div/a"}
  (Session info: chrome=116.0.5845.141)
For documentation on this error, please visit: https://www.selenium.dev/documentation/webdriver/troubleshooting/errors#no-such-element-exception
Build info: version: '4.12.1', revision: '8e34639b11'
System info: os.name: 'Windows 10', os.arch: 'amd64', os.version: '10.0', java.version: '20.0.1'
Driver info: org.openqa.selenium.chrome.ChromeDriver
Command: [9af595a88ebae3f4fa40f1d3ddc24e8f, findElement {using=xpath, value=//*[@id="gbwa"]/div/a}]
Capabilities {acceptInsecureCerts: false, browserName: chrome, browserVersion: 116.0.5845.141, chrome: {chromedriverVersion: 116.0.5845.96 (1a3918166880..., userDataDir: C:\Users\Prasanna\AppData\L...}, fedcm:accounts: true, goog:chromeOptions: {debuggerAddress: localhost:58187}, networkConnectionEnabled: false, pageLoadStrategy: normal, platformName: windows, proxy: Proxy(), se:cdp: ws://localhost:58187/devtoo..., se:cdpVersion: 116.0.5845.141, setWindowRect: true, strictFileInteractability: false, timeouts: {implicit: 0, pageLoad: 300000, script: 30000}, unhandledPromptBehavior: dismiss and notify, webauthn:extension:credBlob: true, webauthn:extension:largeBlob: true, webauthn:extension:minPinLength: true, webauthn:extension:prf: true, webauthn:virtualAuthenticators: true}
Session ID: 9af595a88ebae3f4fa40f1d3ddc24e8f
	at java.base/jdk.internal.reflect.DirectConstructorHandleAccessor.newInstance(DirectConstructorHandleAccessor.java:67)
	at java.base/java.lang.reflect.Constructor.newInstanceWithCaller(Constructor.java:500)
	at java.base/java.lang.reflect.Constructor.newInstance(Constructor.java:484)
	at org.openqa.selenium.remote.codec.w3c.W3CHttpResponseCodec.createException(W3CHttpResponseCodec.java:200)
	at org.openqa.selenium.remote.codec.w3c.W3CHttpResponseCodec.decode(W3CHttpResponseCodec.java:133)
	at org.openqa.selenium.remote.codec.w3c.W3CHttpResponseCodec.decode(W3CHttpResponseCodec.java:52)
	at org.openqa.selenium.remote.HttpCommandExecutor.execute(HttpCommandExecutor.java:191)
	at org.openqa.selenium.remote.service.DriverCommandExecutor.invokeExecute(DriverCommandExecutor.java:196)
	at org.openqa.selenium.remote.service.DriverCommandExecutor.execute(DriverCommandExecutor.java:171)
	at org.openqa.selenium.remote.RemoteWebDriver.execute(RemoteWebDriver.java:602)
	at org.openqa.selenium.remote.ElementLocation$ElementFinder$2.findElement(ElementLocation.java:165)
	at org.openqa.selenium.remote.ElementLocation.findElement(ElementLocation.java:59)
	at org.openqa.selenium.remote.RemoteWebDriver.findElement(RemoteWebDriver.java:359)
	at org.openqa.selenium.remote.RemoteWebDriver.findElement(RemoteWebDriver.java:353)
	at org.openqa.selenium.support.pagefactory.DefaultElementLocator.findElement(DefaultElementLocator.java:68)
	at org.openqa.selenium.support.pagefactory.internal.LocatingElementHandler.invoke(LocatingElementHandler.java:38)
	at jdk.proxy2/jdk.proxy2.$Proxy39.click(Unknown Source)
	at com.lms.ui.pageObject.ForgotUserNamePassword_obj.userpasslink_click(ForgotUserNamePassword_obj.java:67)
	at com.lms.ui.stepDefinitions.ForgotUsernamePassword_SD.admin_clicks_forgot_username_or_password_link(ForgotUsernamePassword_SD.java:36)
	at ✽.Admin clicks forgot username or password link(file:///C:/Users/Prasanna/git/LMS_T16_QualityEncore/LMS_T16_QualityEncore/./src/test/resources/Features/01_Main_Login_Page/04_Forgot_Username_Password.feature:21)
</textarea>
      
      </div>
              </div>
              <div class="step skip-bg" title="com.lms.ui.stepDefinitions.ForgotUsernamePassword_SD.admin_should_see_email_in_text_field()">
                <span>Then Admin should see Email in text field</span>
      <div>Step skipped
      </div>
              </div>
          </div>
        </div>
  </div>
  <div class="card">
    <div class="card-header" role="tab">
      <div class="card-title">
        <div class="node" id="186"><span class="badge log fail-bg mr-2">Fail</span>Verify send link button is present</div>
      </div>
    </div>
        <div class="">
          <div class="card-body">
              <div class="step fail-bg" title="com.lms.ui.stepDefinitions.ForgotUsernamePassword_SD.admin_clicks_forgot_username_or_password_link()">
                <span>When Admin clicks forgot username or password link</span>
      <div>
        <textarea disabled class="code-block">org.openqa.selenium.NoSuchElementException: no such element: Unable to locate element: {"method":"xpath","selector":"//*[@id="gbwa"]/div/a"}
  (Session info: chrome=116.0.5845.141)
For documentation on this error, please visit: https://www.selenium.dev/documentation/webdriver/troubleshooting/errors#no-such-element-exception
Build info: version: '4.12.1', revision: '8e34639b11'
System info: os.name: 'Windows 10', os.arch: 'amd64', os.version: '10.0', java.version: '20.0.1'
Driver info: org.openqa.selenium.chrome.ChromeDriver
Command: [9af595a88ebae3f4fa40f1d3ddc24e8f, findElement {using=xpath, value=//*[@id="gbwa"]/div/a}]
Capabilities {acceptInsecureCerts: false, browserName: chrome, browserVersion: 116.0.5845.141, chrome: {chromedriverVersion: 116.0.5845.96 (1a3918166880..., userDataDir: C:\Users\Prasanna\AppData\L...}, fedcm:accounts: true, goog:chromeOptions: {debuggerAddress: localhost:58187}, networkConnectionEnabled: false, pageLoadStrategy: normal, platformName: windows, proxy: Proxy(), se:cdp: ws://localhost:58187/devtoo..., se:cdpVersion: 116.0.5845.141, setWindowRect: true, strictFileInteractability: false, timeouts: {implicit: 0, pageLoad: 300000, script: 30000}, unhandledPromptBehavior: dismiss and notify, webauthn:extension:credBlob: true, webauthn:extension:largeBlob: true, webauthn:extension:minPinLength: true, webauthn:extension:prf: true, webauthn:virtualAuthenticators: true}
Session ID: 9af595a88ebae3f4fa40f1d3ddc24e8f
	at java.base/jdk.internal.reflect.DirectConstructorHandleAccessor.newInstance(DirectConstructorHandleAccessor.java:67)
	at java.base/java.lang.reflect.Constructor.newInstanceWithCaller(Constructor.java:500)
	at java.base/java.lang.reflect.Constructor.newInstance(Constructor.java:484)
	at org.openqa.selenium.remote.codec.w3c.W3CHttpResponseCodec.createException(W3CHttpResponseCodec.java:200)
	at org.openqa.selenium.remote.codec.w3c.W3CHttpResponseCodec.decode(W3CHttpResponseCodec.java:133)
	at org.openqa.selenium.remote.codec.w3c.W3CHttpResponseCodec.decode(W3CHttpResponseCodec.java:52)
	at org.openqa.selenium.remote.HttpCommandExecutor.execute(HttpCommandExecutor.java:191)
	at org.openqa.selenium.remote.service.DriverCommandExecutor.invokeExecute(DriverCommandExecutor.java:196)
	at org.openqa.selenium.remote.service.DriverCommandExecutor.execute(DriverCommandExecutor.java:171)
	at org.openqa.selenium.remote.RemoteWebDriver.execute(RemoteWebDriver.java:602)
	at org.openqa.selenium.remote.ElementLocation$ElementFinder$2.findElement(ElementLocation.java:165)
	at org.openqa.selenium.remote.ElementLocation.findElement(ElementLocation.java:59)
	at org.openqa.selenium.remote.RemoteWebDriver.findElement(RemoteWebDriver.java:359)
	at org.openqa.selenium.remote.RemoteWebDriver.findElement(RemoteWebDriver.java:353)
	at org.openqa.selenium.support.pagefactory.DefaultElementLocator.findElement(DefaultElementLocator.java:68)
	at org.openqa.selenium.support.pagefactory.internal.LocatingElementHandler.invoke(LocatingElementHandler.java:38)
	at jdk.proxy2/jdk.proxy2.$Proxy39.click(Unknown Source)
	at com.lms.ui.pageObject.ForgotUserNamePassword_obj.userpasslink_click(ForgotUserNamePassword_obj.java:67)
	at com.lms.ui.stepDefinitions.ForgotUsernamePassword_SD.admin_clicks_forgot_username_or_password_link(ForgotUsernamePassword_SD.java:36)
	at ✽.Admin clicks forgot username or password link(file:///C:/Users/Prasanna/git/LMS_T16_QualityEncore/LMS_T16_QualityEncore/./src/test/resources/Features/01_Main_Login_Page/04_Forgot_Username_Password.feature:26)
</textarea>
      
      </div>
              </div>
              <div class="step skip-bg" title="com.lms.ui.stepDefinitions.ForgotUsernamePassword_SD.admin_should_see_send_link_button()">
                <span>Then Admin should see send Link  button</span>
      <div>Step skipped
      </div>
              </div>
          </div>
        </div>
  </div>
  <div class="card">
    <div class="card-header" role="tab">
      <div class="card-title">
        <div class="node" id="190"><span class="badge log fail-bg mr-2">Fail</span>Verify asterik near Email text</div>
      </div>
    </div>
        <div class="">
          <div class="card-body">
              <div class="step fail-bg" title="com.lms.ui.stepDefinitions.ForgotUsernamePassword_SD.admin_clicks_forgot_username_or_password_link()">
                <span>When Admin clicks forgot username or password link</span>
      <div>
        <textarea disabled class="code-block">org.openqa.selenium.NoSuchElementException: no such element: Unable to locate element: {"method":"xpath","selector":"//*[@id="gbwa"]/div/a"}
  (Session info: chrome=116.0.5845.141)
For documentation on this error, please visit: https://www.selenium.dev/documentation/webdriver/troubleshooting/errors#no-such-element-exception
Build info: version: '4.12.1', revision: '8e34639b11'
System info: os.name: 'Windows 10', os.arch: 'amd64', os.version: '10.0', java.version: '20.0.1'
Driver info: org.openqa.selenium.chrome.ChromeDriver
Command: [9af595a88ebae3f4fa40f1d3ddc24e8f, findElement {using=xpath, value=//*[@id="gbwa"]/div/a}]
Capabilities {acceptInsecureCerts: false, browserName: chrome, browserVersion: 116.0.5845.141, chrome: {chromedriverVersion: 116.0.5845.96 (1a3918166880..., userDataDir: C:\Users\Prasanna\AppData\L...}, fedcm:accounts: true, goog:chromeOptions: {debuggerAddress: localhost:58187}, networkConnectionEnabled: false, pageLoadStrategy: normal, platformName: windows, proxy: Proxy(), se:cdp: ws://localhost:58187/devtoo..., se:cdpVersion: 116.0.5845.141, setWindowRect: true, strictFileInteractability: false, timeouts: {implicit: 0, pageLoad: 300000, script: 30000}, unhandledPromptBehavior: dismiss and notify, webauthn:extension:credBlob: true, webauthn:extension:largeBlob: true, webauthn:extension:minPinLength: true, webauthn:extension:prf: true, webauthn:virtualAuthenticators: true}
Session ID: 9af595a88ebae3f4fa40f1d3ddc24e8f
	at java.base/jdk.internal.reflect.DirectConstructorHandleAccessor.newInstance(DirectConstructorHandleAccessor.java:67)
	at java.base/java.lang.reflect.Constructor.newInstanceWithCaller(Constructor.java:500)
	at java.base/java.lang.reflect.Constructor.newInstance(Constructor.java:484)
	at org.openqa.selenium.remote.codec.w3c.W3CHttpResponseCodec.createException(W3CHttpResponseCodec.java:200)
	at org.openqa.selenium.remote.codec.w3c.W3CHttpResponseCodec.decode(W3CHttpResponseCodec.java:133)
	at org.openqa.selenium.remote.codec.w3c.W3CHttpResponseCodec.decode(W3CHttpResponseCodec.java:52)
	at org.openqa.selenium.remote.HttpCommandExecutor.execute(HttpCommandExecutor.java:191)
	at org.openqa.selenium.remote.service.DriverCommandExecutor.invokeExecute(DriverCommandExecutor.java:196)
	at org.openqa.selenium.remote.service.DriverCommandExecutor.execute(DriverCommandExecutor.java:171)
	at org.openqa.selenium.remote.RemoteWebDriver.execute(RemoteWebDriver.java:602)
	at org.openqa.selenium.remote.ElementLocation$ElementFinder$2.findElement(ElementLocation.java:165)
	at org.openqa.selenium.remote.ElementLocation.findElement(ElementLocation.java:59)
	at org.openqa.selenium.remote.RemoteWebDriver.findElement(RemoteWebDriver.java:359)
	at org.openqa.selenium.remote.RemoteWebDriver.findElement(RemoteWebDriver.java:353)
	at org.openqa.selenium.support.pagefactory.DefaultElementLocator.findElement(DefaultElementLocator.java:68)
	at org.openqa.selenium.support.pagefactory.internal.LocatingElementHandler.invoke(LocatingElementHandler.java:38)
	at jdk.proxy2/jdk.proxy2.$Proxy39.click(Unknown Source)
	at com.lms.ui.pageObject.ForgotUserNamePassword_obj.userpasslink_click(ForgotUserNamePassword_obj.java:67)
	at com.lms.ui.stepDefinitions.ForgotUsernamePassword_SD.admin_clicks_forgot_username_or_password_link(ForgotUsernamePassword_SD.java:36)
	at ✽.Admin clicks forgot username or password link(file:///C:/Users/Prasanna/git/LMS_T16_QualityEncore/LMS_T16_QualityEncore/./src/test/resources/Features/01_Main_Login_Page/04_Forgot_Username_Password.feature:31)
</textarea>
      
      </div>
              </div>
              <div class="step skip-bg" title="com.lms.ui.stepDefinitions.ForgotUsernamePassword_SD.admin_should_see_asterik_symbol_need_email()">
                <span>Then Admin should see asterik symbol need Email</span>
      <div>Step skipped
      </div>
              </div>
          </div>
        </div>
  </div>
  <div class="card">
    <div class="card-header" role="tab">
      <div class="card-title">
        <div class="node" id="194"><span class="badge log fail-bg mr-2">Fail</span>Verify text spelling</div>
      </div>
    </div>
        <div class="">
          <div class="card-body">
              <div class="step fail-bg" title="com.lms.ui.stepDefinitions.ForgotUsernamePassword_SD.admin_clicks_forgot_username_or_password_link()">
                <span>When Admin clicks forgot username or password link</span>
      <div>
        <textarea disabled class="code-block">org.openqa.selenium.NoSuchElementException: no such element: Unable to locate element: {"method":"xpath","selector":"//*[@id="gbwa"]/div/a"}
  (Session info: chrome=116.0.5845.141)
For documentation on this error, please visit: https://www.selenium.dev/documentation/webdriver/troubleshooting/errors#no-such-element-exception
Build info: version: '4.12.1', revision: '8e34639b11'
System info: os.name: 'Windows 10', os.arch: 'amd64', os.version: '10.0', java.version: '20.0.1'
Driver info: org.openqa.selenium.chrome.ChromeDriver
Command: [9af595a88ebae3f4fa40f1d3ddc24e8f, findElement {using=xpath, value=//*[@id="gbwa"]/div/a}]
Capabilities {acceptInsecureCerts: false, browserName: chrome, browserVersion: 116.0.5845.141, chrome: {chromedriverVersion: 116.0.5845.96 (1a3918166880..., userDataDir: C:\Users\Prasanna\AppData\L...}, fedcm:accounts: true, goog:chromeOptions: {debuggerAddress: localhost:58187}, networkConnectionEnabled: false, pageLoadStrategy: normal, platformName: windows, proxy: Proxy(), se:cdp: ws://localhost:58187/devtoo..., se:cdpVersion: 116.0.5845.141, setWindowRect: true, strictFileInteractability: false, timeouts: {implicit: 0, pageLoad: 300000, script: 30000}, unhandledPromptBehavior: dismiss and notify, webauthn:extension:credBlob: true, webauthn:extension:largeBlob: true, webauthn:extension:minPinLength: true, webauthn:extension:prf: true, webauthn:virtualAuthenticators: true}
Session ID: 9af595a88ebae3f4fa40f1d3ddc24e8f
	at java.base/jdk.internal.reflect.DirectConstructorHandleAccessor.newInstance(DirectConstructorHandleAccessor.java:67)
	at java.base/java.lang.reflect.Constructor.newInstanceWithCaller(Constructor.java:500)
	at java.base/java.lang.reflect.Constructor.newInstance(Constructor.java:484)
	at org.openqa.selenium.remote.codec.w3c.W3CHttpResponseCodec.createException(W3CHttpResponseCodec.java:200)
	at org.openqa.selenium.remote.codec.w3c.W3CHttpResponseCodec.decode(W3CHttpResponseCodec.java:133)
	at org.openqa.selenium.remote.codec.w3c.W3CHttpResponseCodec.decode(W3CHttpResponseCodec.java:52)
	at org.openqa.selenium.remote.HttpCommandExecutor.execute(HttpCommandExecutor.java:191)
	at org.openqa.selenium.remote.service.DriverCommandExecutor.invokeExecute(DriverCommandExecutor.java:196)
	at org.openqa.selenium.remote.service.DriverCommandExecutor.execute(DriverCommandExecutor.java:171)
	at org.openqa.selenium.remote.RemoteWebDriver.execute(RemoteWebDriver.java:602)
	at org.openqa.selenium.remote.ElementLocation$ElementFinder$2.findElement(ElementLocation.java:165)
	at org.openqa.selenium.remote.ElementLocation.findElement(ElementLocation.java:59)
	at org.openqa.selenium.remote.RemoteWebDriver.findElement(RemoteWebDriver.java:359)
	at org.openqa.selenium.remote.RemoteWebDriver.findElement(RemoteWebDriver.java:353)
	at org.openqa.selenium.support.pagefactory.DefaultElementLocator.findElement(DefaultElementLocator.java:68)
	at org.openqa.selenium.support.pagefactory.internal.LocatingElementHandler.invoke(LocatingElementHandler.java:38)
	at jdk.proxy2/jdk.proxy2.$Proxy39.click(Unknown Source)
	at com.lms.ui.pageObject.ForgotUserNamePassword_obj.userpasslink_click(ForgotUserNamePassword_obj.java:67)
	at com.lms.ui.stepDefinitions.ForgotUsernamePassword_SD.admin_clicks_forgot_username_or_password_link(ForgotUsernamePassword_SD.java:36)
	at ✽.Admin clicks forgot username or password link(file:///C:/Users/Prasanna/git/LMS_T16_QualityEncore/LMS_T16_QualityEncore/./src/test/resources/Features/01_Main_Login_Page/04_Forgot_Username_Password.feature:36)
</textarea>
      
      </div>
              </div>
              <div class="step skip-bg" title="com.lms.ui.stepDefinitions.HomePage_SD.admin_should_see_correct_spellings_in_all_fields()">
                <span>Then Admin should see correct spellings in all fields</span>
      <div>Step skipped
      </div>
              </div>
          </div>
        </div>
  </div>
  <div class="card">
    <div class="card-header" role="tab">
      <div class="card-title">
        <div class="node" id="198"><span class="badge log fail-bg mr-2">Fail</span>Verify the alignment of the send link button</div>
      </div>
    </div>
        <div class="">
          <div class="card-body">
              <div class="step fail-bg" title="com.lms.ui.stepDefinitions.ForgotUsernamePassword_SD.admin_clicks_forgot_username_or_password_link()">
                <span>When Admin clicks forgot username or password link</span>
      <div>
        <textarea disabled class="code-block">org.openqa.selenium.NoSuchElementException: no such element: Unable to locate element: {"method":"xpath","selector":"//*[@id="gbwa"]/div/a"}
  (Session info: chrome=116.0.5845.141)
For documentation on this error, please visit: https://www.selenium.dev/documentation/webdriver/troubleshooting/errors#no-such-element-exception
Build info: version: '4.12.1', revision: '8e34639b11'
System info: os.name: 'Windows 10', os.arch: 'amd64', os.version: '10.0', java.version: '20.0.1'
Driver info: org.openqa.selenium.chrome.ChromeDriver
Command: [9af595a88ebae3f4fa40f1d3ddc24e8f, findElement {using=xpath, value=//*[@id="gbwa"]/div/a}]
Capabilities {acceptInsecureCerts: false, browserName: chrome, browserVersion: 116.0.5845.141, chrome: {chromedriverVersion: 116.0.5845.96 (1a3918166880..., userDataDir: C:\Users\Prasanna\AppData\L...}, fedcm:accounts: true, goog:chromeOptions: {debuggerAddress: localhost:58187}, networkConnectionEnabled: false, pageLoadStrategy: normal, platformName: windows, proxy: Proxy(), se:cdp: ws://localhost:58187/devtoo..., se:cdpVersion: 116.0.5845.141, setWindowRect: true, strictFileInteractability: false, timeouts: {implicit: 0, pageLoad: 300000, script: 30000}, unhandledPromptBehavior: dismiss and notify, webauthn:extension:credBlob: true, webauthn:extension:largeBlob: true, webauthn:extension:minPinLength: true, webauthn:extension:prf: true, webauthn:virtualAuthenticators: true}
Session ID: 9af595a88ebae3f4fa40f1d3ddc24e8f
	at java.base/jdk.internal.reflect.DirectConstructorHandleAccessor.newInstance(DirectConstructorHandleAccessor.java:67)
	at java.base/java.lang.reflect.Constructor.newInstanceWithCaller(Constructor.java:500)
	at java.base/java.lang.reflect.Constructor.newInstance(Constructor.java:484)
	at org.openqa.selenium.remote.codec.w3c.W3CHttpResponseCodec.createException(W3CHttpResponseCodec.java:200)
	at org.openqa.selenium.remote.codec.w3c.W3CHttpResponseCodec.decode(W3CHttpResponseCodec.java:133)
	at org.openqa.selenium.remote.codec.w3c.W3CHttpResponseCodec.decode(W3CHttpResponseCodec.java:52)
	at org.openqa.selenium.remote.HttpCommandExecutor.execute(HttpCommandExecutor.java:191)
	at org.openqa.selenium.remote.service.DriverCommandExecutor.invokeExecute(DriverCommandExecutor.java:196)
	at org.openqa.selenium.remote.service.DriverCommandExecutor.execute(DriverCommandExecutor.java:171)
	at org.openqa.selenium.remote.RemoteWebDriver.execute(RemoteWebDriver.java:602)
	at org.openqa.selenium.remote.ElementLocation$ElementFinder$2.findElement(ElementLocation.java:165)
	at org.openqa.selenium.remote.ElementLocation.findElement(ElementLocation.java:59)
	at org.openqa.selenium.remote.RemoteWebDriver.findElement(RemoteWebDriver.java:359)
	at org.openqa.selenium.remote.RemoteWebDriver.findElement(RemoteWebDriver.java:353)
	at org.openqa.selenium.support.pagefactory.DefaultElementLocator.findElement(DefaultElementLocator.java:68)
	at org.openqa.selenium.support.pagefactory.internal.LocatingElementHandler.invoke(LocatingElementHandler.java:38)
	at jdk.proxy2/jdk.proxy2.$Proxy39.click(Unknown Source)
	at com.lms.ui.pageObject.ForgotUserNamePassword_obj.userpasslink_click(ForgotUserNamePassword_obj.java:67)
	at com.lms.ui.stepDefinitions.ForgotUsernamePassword_SD.admin_clicks_forgot_username_or_password_link(ForgotUsernamePassword_SD.java:36)
	at ✽.Admin clicks forgot username or password link(file:///C:/Users/Prasanna/git/LMS_T16_QualityEncore/LMS_T16_QualityEncore/./src/test/resources/Features/01_Main_Login_Page/04_Forgot_Username_Password.feature:41)
</textarea>
      
      </div>
              </div>
              <div class="step skip-bg" title="com.lms.ui.stepDefinitions.ForgotUsernamePassword_SD.admin_should_see_send_link_button_in_center_of_the_page()">
                <span>Then Admin should see send link button in center of the page</span>
      <div>Step skipped
      </div>
              </div>
          </div>
        </div>
  </div>
</div>
          </div>
        </li>
        <li class="test-item"  status="fail" test-id="202"
          author=""
          tag=""
          device="">
          <div class="test-detail">
            <p class="name">Forgot username /password Validations</p>
            <p class="text-sm">
              <span>12:17:42 AM</span> / <span>00:00:00:117</span>
              <span class="badge fail-bg log float-right">Fail</span>
            </p>
          </div>
          <div class="test-contents d-none">
<div class="detail-head">
<div class="p-v-10">
<div class="info">
<h5 class="test-status text-fail">Forgot username /password Validations</h5>
<span class='badge badge-success'>09.13.2023 12:17:42 AM</span>
<span class='badge badge-danger'>09.13.2023 12:17:43 AM</span>
<span class='badge badge-default'>00:00:00:117</span>
&middot; <span class='uri-anchor badge badge-default'>#test-id=202</span>
<span class='badge badge-default pointer float-right ml-1 et'><i class="fa fa-chevron-down"></i></span>
<span class='badge badge-default pointer float-right ct'><i class="fa fa-chevron-up"></i></span>
</div>
<div class="m-t-10 m-l-5"></div>
</div>
</div>
<div class="accordion mt-4">
  <div class="card">
    <div class="card-header" role="tab">
      <div class="card-title">
        <div class="node" id="203"><span class="badge log fail-bg mr-2">Fail</span>Validate email sent for forgot password</div>
      </div>
    </div>
        <div class="">
          <div class="card-body">
              <div class="step fail-bg" title="com.lms.ui.stepDefinitions.ForgotUsernamePassword_SD.admin_is_in_forgot_username_and_password_page()">
                <span>Given Admin is in forgot username and password page</span>
      <div>
        <textarea disabled class="code-block">org.junit.ComparisonFailure: expected:<[forgot username and password]> but was:<[]>
	at org.junit.Assert.assertEquals(Assert.java:117)
	at org.junit.Assert.assertEquals(Assert.java:146)
	at com.lms.ui.stepDefinitions.ForgotUsernamePassword_SD.admin_is_in_forgot_username_and_password_page(ForgotUsernamePassword_SD.java:78)
	at ✽.Admin is in forgot username and password page(file:///C:/Users/Prasanna/git/LMS_T16_QualityEncore/LMS_T16_QualityEncore/./src/test/resources/Features/01_Main_Login_Page/05_Forgot_Username_Password_Validations.feature:5)
</textarea>
      
      </div>
              </div>
              <div class="step skip-bg" title="com.lms.ui.stepDefinitions.ForgotUsernamePassword_SD.admin_enters_valid_email_id_and_clicks_send_link_button()">
                <span>When Admin enters valid email id and clicks send link button</span>
      <div>Step skipped
      </div>
              </div>
              <div class="step skip-bg" title="com.lms.ui.stepDefinitions.ForgotUsernamePassword_SD.admin_should_receive_link_in_mail_for_reset_username_password()">
                <span>Then Admin should receive link in mail for reset username and password</span>
      <div>Step skipped
      </div>
              </div>
          </div>
        </div>
  </div>
  <div class="card">
    <div class="card-header" role="tab">
      <div class="card-title">
        <div class="node" id="208"><span class="badge log fail-bg mr-2">Fail</span>Validate email sent for forgot password with invalid email id</div>
      </div>
    </div>
        <div class="">
          <div class="card-body">
              <div class="step fail-bg" title="com.lms.ui.stepDefinitions.ForgotUsernamePassword_SD.admin_is_in_forgot_username_and_password_page()">
                <span>Given Admin is in forgot username and password page</span>
      <div>
        <textarea disabled class="code-block">org.junit.ComparisonFailure: expected:<[forgot username and password]> but was:<[]>
	at org.junit.Assert.assertEquals(Assert.java:117)
	at org.junit.Assert.assertEquals(Assert.java:146)
	at com.lms.ui.stepDefinitions.ForgotUsernamePassword_SD.admin_is_in_forgot_username_and_password_page(ForgotUsernamePassword_SD.java:78)
	at ✽.Admin is in forgot username and password page(file:///C:/Users/Prasanna/git/LMS_T16_QualityEncore/LMS_T16_QualityEncore/./src/test/resources/Features/01_Main_Login_Page/05_Forgot_Username_Password_Validations.feature:10)
</textarea>
      
      </div>
              </div>
              <div class="step skip-bg" title="com.lms.ui.stepDefinitions.ForgotUsernamePassword_SD.admin_enters_invalid_email_id_and_clicks_send_link_button()">
                <span>When Admin enters invalid email id and clicks send link button</span>
      <div>Step skipped
      </div>
              </div>
              <div class="step skip-bg" title="com.lms.ui.stepDefinitions.ForgotUsernamePassword_SD.admin_should_not_receive_link_in_mail_for_reset_username_password()">
                <span>Then Admin should not receive link in mail for reset username and password</span>
      <div>Step skipped
      </div>
              </div>
          </div>
        </div>
  </div>
</div>
          </div>
        </li>
        <li class="test-item"  status="fail" test-id="213"
          author=""
          tag=""
          device="">
          <div class="test-detail">
            <p class="name">Reset password</p>
            <p class="text-sm">
              <span>12:17:43 AM</span> / <span>00:00:02:354</span>
              <span class="badge fail-bg log float-right">Fail</span>
            </p>
          </div>
          <div class="test-contents d-none">
<div class="detail-head">
<div class="p-v-10">
<div class="info">
<h5 class="test-status text-fail">Reset password</h5>
<span class='badge badge-success'>09.13.2023 12:17:43 AM</span>
<span class='badge badge-danger'>09.13.2023 12:17:45 AM</span>
<span class='badge badge-default'>00:00:02:354</span>
&middot; <span class='uri-anchor badge badge-default'>#test-id=213</span>
<span class='badge badge-default pointer float-right ml-1 et'><i class="fa fa-chevron-down"></i></span>
<span class='badge badge-default pointer float-right ct'><i class="fa fa-chevron-up"></i></span>
</div>
<div class="m-t-10 m-l-5"></div>
</div>
</div>
<div class="accordion mt-4">
  <div class="card">
    <div class="card-header" role="tab">
      <div class="card-title">
        <div class="node" id="214"><span class="badge log fail-bg mr-2">Fail</span>Verify  reset password link</div>
      </div>
    </div>
        <div class="">
          <div class="card-body">
              <div class="step fail-bg" title="com.lms.ui.stepDefinitions.LoginPage_Validation_SD.admin_is_in_login_page()">
                <span>Given Admin is in login page</span>
      <div>
        <textarea disabled class="code-block">org.junit.ComparisonFailure: expected:<[Login]> but was:<[]>
	at org.junit.Assert.assertEquals(Assert.java:117)
	at org.junit.Assert.assertEquals(Assert.java:146)
	at com.lms.ui.stepDefinitions.LoginPage_Validation_SD.admin_is_in_login_page(LoginPage_Validation_SD.java:36)
	at ✽.Admin is in login page(file:///C:/Users/Prasanna/git/LMS_T16_QualityEncore/LMS_T16_QualityEncore/./src/test/resources/Features/01_Main_Login_Page/06_Reset_Password_Verification.feature:5)
</textarea>
      
      </div>
              </div>
              <div class="step skip-bg" title="com.lms.ui.stepDefinitions.ResetPassword_SD.admin_clicks_reset_password_link()">
                <span>When Admin clicks reset password link</span>
      <div>Step skipped
      </div>
              </div>
              <div class="step skip-bg" title="com.lms.ui.stepDefinitions.ResetPassword_SD.admin_should_land_on_reset_password_page()">
                <span>Then Admin should land on reset password page</span>
      <div>Step skipped
      </div>
              </div>
          </div>
        </div>
  </div>
  <div class="card">
    <div class="card-header" role="tab">
      <div class="card-title">
        <div class="node" id="219"><span class="badge log fail-bg mr-2">Fail</span>Verify  text in the page</div>
      </div>
    </div>
        <div class="">
          <div class="card-body">
              <div class="step fail-bg" title="com.lms.ui.stepDefinitions.LoginPage_Validation_SD.admin_is_in_login_page()">
                <span>Given Admin is in login page</span>
      <div>
        <textarea disabled class="code-block">org.junit.ComparisonFailure: expected:<[Login]> but was:<[]>
	at org.junit.Assert.assertEquals(Assert.java:117)
	at org.junit.Assert.assertEquals(Assert.java:146)
	at com.lms.ui.stepDefinitions.LoginPage_Validation_SD.admin_is_in_login_page(LoginPage_Validation_SD.java:36)
	at ✽.Admin is in login page(file:///C:/Users/Prasanna/git/LMS_T16_QualityEncore/LMS_T16_QualityEncore/./src/test/resources/Features/01_Main_Login_Page/06_Reset_Password_Verification.feature:10)
</textarea>
      
      </div>
              </div>
              <div class="step skip-bg" title="com.lms.ui.stepDefinitions.ResetPassword_SD.admin_clicks_reset_password_link()">
                <span>When Admin clicks reset password link</span>
      <div>Step skipped
      </div>
              </div>
              <div class="step skip-bg" title="com.lms.ui.stepDefinitions.HomePage_SD.admin_should_see_correct_spellings_in_all_fields()">
                <span>Then Admin should see correct spellings in all fields</span>
      <div>Step skipped
      </div>
              </div>
          </div>
        </div>
  </div>
  <div class="card">
    <div class="card-header" role="tab">
      <div class="card-title">
        <div class="node" id="224"><span class="badge log fail-bg mr-2">Fail</span>Verify submit button is present</div>
      </div>
    </div>
        <div class="">
          <div class="card-body">
              <div class="step fail-bg" title="com.lms.ui.stepDefinitions.LoginPage_Validation_SD.admin_is_in_login_page()">
                <span>Given Admin is in login page</span>
      <div>
        <textarea disabled class="code-block">org.junit.ComparisonFailure: expected:<[Login]> but was:<[]>
	at org.junit.Assert.assertEquals(Assert.java:117)
	at org.junit.Assert.assertEquals(Assert.java:146)
	at com.lms.ui.stepDefinitions.LoginPage_Validation_SD.admin_is_in_login_page(LoginPage_Validation_SD.java:36)
	at ✽.Admin is in login page(file:///C:/Users/Prasanna/git/LMS_T16_QualityEncore/LMS_T16_QualityEncore/./src/test/resources/Features/01_Main_Login_Page/06_Reset_Password_Verification.feature:15)
</textarea>
      
      </div>
              </div>
              <div class="step skip-bg" title="com.lms.ui.stepDefinitions.ResetPassword_SD.admin_clicks_reset_password_link()">
                <span>When Admin clicks reset password link</span>
      <div>Step skipped
      </div>
              </div>
              <div class="step skip-bg" title="com.lms.ui.stepDefinitions.ResetPassword_SD.admin_should_see_submit_button()">
                <span>Then Admin should see submit  button</span>
      <div>Step skipped
      </div>
              </div>
          </div>
        </div>
  </div>
  <div class="card">
    <div class="card-header" role="tab">
      <div class="card-title">
        <div class="node" id="229"><span class="badge log fail-bg mr-2">Fail</span>Verify the alignment of the  submit button</div>
      </div>
    </div>
        <div class="">
          <div class="card-body">
              <div class="step fail-bg" title="com.lms.ui.stepDefinitions.LoginPage_Validation_SD.admin_is_in_login_page()">
                <span>Given Admin is in login page</span>
      <div>
        <textarea disabled class="code-block">org.junit.ComparisonFailure: expected:<[Login]> but was:<[]>
	at org.junit.Assert.assertEquals(Assert.java:117)
	at org.junit.Assert.assertEquals(Assert.java:146)
	at com.lms.ui.stepDefinitions.LoginPage_Validation_SD.admin_is_in_login_page(LoginPage_Validation_SD.java:36)
	at ✽.Admin is in login page(file:///C:/Users/Prasanna/git/LMS_T16_QualityEncore/LMS_T16_QualityEncore/./src/test/resources/Features/01_Main_Login_Page/06_Reset_Password_Verification.feature:20)
</textarea>
      
      </div>
              </div>
              <div class="step skip-bg" title="com.lms.ui.stepDefinitions.ResetPassword_SD.admin_clicks_reset_password_link()">
                <span>When Admin clicks reset password link</span>
      <div>Step skipped
      </div>
              </div>
              <div class="step skip-bg" title="com.lms.ui.stepDefinitions.ResetPassword_SD.admin_should_see_submit_button_in_center_of_the_page()">
                <span>Then Admin should see submit button in center of the page</span>
      <div>Step skipped
      </div>
              </div>
          </div>
        </div>
  </div>
  <div class="card">
    <div class="card-header" role="tab">
      <div class="card-title">
        <div class="node" id="234"><span class="badge log fail-bg mr-2">Fail</span>Verify text box is present is the page</div>
      </div>
    </div>
        <div class="">
          <div class="card-body">
              <div class="step fail-bg" title="com.lms.ui.stepDefinitions.LoginPage_Validation_SD.admin_is_in_login_page()">
                <span>Given Admin is in login page</span>
      <div>
        <textarea disabled class="code-block">org.junit.ComparisonFailure: expected:<[Login]> but was:<[]>
	at org.junit.Assert.assertEquals(Assert.java:117)
	at org.junit.Assert.assertEquals(Assert.java:146)
	at com.lms.ui.stepDefinitions.LoginPage_Validation_SD.admin_is_in_login_page(LoginPage_Validation_SD.java:36)
	at ✽.Admin is in login page(file:///C:/Users/Prasanna/git/LMS_T16_QualityEncore/LMS_T16_QualityEncore/./src/test/resources/Features/01_Main_Login_Page/06_Reset_Password_Verification.feature:25)
</textarea>
      
      </div>
              </div>
              <div class="step skip-bg" title="com.lms.ui.stepDefinitions.ResetPassword_SD.admin_clicks_reset_password_link()">
                <span>When Admin clicks reset password link</span>
      <div>Step skipped
      </div>
              </div>
              <div class="step skip-bg" title="com.lms.ui.stepDefinitions.ResetPassword_SD.admin_should_see_two_text_box()">
                <span>Then Admin should see two text box</span>
      <div>Step skipped
      </div>
              </div>
          </div>
        </div>
  </div>
  <div class="card">
    <div class="card-header" role="tab">
      <div class="card-title">
        <div class="node" id="239"><span class="badge log fail-bg mr-2">Fail</span>Verify first label text</div>
      </div>
    </div>
        <div class="">
          <div class="card-body">
              <div class="step fail-bg" title="com.lms.ui.stepDefinitions.LoginPage_Validation_SD.admin_is_in_login_page()">
                <span>Given Admin is in login page</span>
      <div>
        <textarea disabled class="code-block">org.junit.ComparisonFailure: expected:<[Login]> but was:<[]>
	at org.junit.Assert.assertEquals(Assert.java:117)
	at org.junit.Assert.assertEquals(Assert.java:146)
	at com.lms.ui.stepDefinitions.LoginPage_Validation_SD.admin_is_in_login_page(LoginPage_Validation_SD.java:36)
	at ✽.Admin is in login page(file:///C:/Users/Prasanna/git/LMS_T16_QualityEncore/LMS_T16_QualityEncore/./src/test/resources/Features/01_Main_Login_Page/06_Reset_Password_Verification.feature:30)
</textarea>
      
      </div>
              </div>
              <div class="step skip-bg" title="com.lms.ui.stepDefinitions.ResetPassword_SD.admin_clicks_reset_password_link()">
                <span>When Admin clicks reset password link</span>
      <div>Step skipped
      </div>
              </div>
              <div class="step skip-bg" title="com.lms.ui.stepDefinitions.ResetPassword_SD.admin_should_see_type_in_new_password_in_the_first_label_text()">
                <span>Then Admin should see Type in new password in the first label text</span>
      <div>Step skipped
      </div>
              </div>
          </div>
        </div>
  </div>
  <div class="card">
    <div class="card-header" role="tab">
      <div class="card-title">
        <div class="node" id="244"><span class="badge log fail-bg mr-2">Fail</span>Verify second label text</div>
      </div>
    </div>
        <div class="">
          <div class="card-body">
              <div class="step fail-bg" title="com.lms.ui.stepDefinitions.LoginPage_Validation_SD.admin_is_in_login_page()">
                <span>Given Admin is in login page</span>
      <div>
        <textarea disabled class="code-block">org.junit.ComparisonFailure: expected:<[Login]> but was:<[]>
	at org.junit.Assert.assertEquals(Assert.java:117)
	at org.junit.Assert.assertEquals(Assert.java:146)
	at com.lms.ui.stepDefinitions.LoginPage_Validation_SD.admin_is_in_login_page(LoginPage_Validation_SD.java:36)
	at ✽.Admin is in login page(file:///C:/Users/Prasanna/git/LMS_T16_QualityEncore/LMS_T16_QualityEncore/./src/test/resources/Features/01_Main_Login_Page/06_Reset_Password_Verification.feature:35)
</textarea>
      
      </div>
              </div>
              <div class="step skip-bg" title="com.lms.ui.stepDefinitions.ResetPassword_SD.admin_clicks_reset_password_link()">
                <span>When Admin clicks reset password link</span>
      <div>Step skipped
      </div>
              </div>
              <div class="step skip-bg" title="com.lms.ui.stepDefinitions.ResetPassword_SD.admin_should_see_retype_password_in_the_second_label_text()">
                <span>Then Admin should see Retype password in the second label text</span>
      <div>Step skipped
      </div>
              </div>
          </div>
        </div>
  </div>
  <div class="card">
    <div class="card-header" role="tab">
      <div class="card-title">
        <div class="node" id="249"><span class="badge log fail-bg mr-2">Fail</span>verify text box is in disabled</div>
      </div>
    </div>
        <div class="">
          <div class="card-body">
              <div class="step fail-bg" title="com.lms.ui.stepDefinitions.LoginPage_Validation_SD.admin_is_in_login_page()">
                <span>Given Admin is in login page</span>
      <div>
        <textarea disabled class="code-block">org.junit.ComparisonFailure: expected:<[Login]> but was:<[]>
	at org.junit.Assert.assertEquals(Assert.java:117)
	at org.junit.Assert.assertEquals(Assert.java:146)
	at com.lms.ui.stepDefinitions.LoginPage_Validation_SD.admin_is_in_login_page(LoginPage_Validation_SD.java:36)
	at ✽.Admin is in login page(file:///C:/Users/Prasanna/git/LMS_T16_QualityEncore/LMS_T16_QualityEncore/./src/test/resources/Features/01_Main_Login_Page/06_Reset_Password_Verification.feature:40)
</textarea>
      
      </div>
              </div>
              <div class="step skip-bg" title="com.lms.ui.stepDefinitions.ResetPassword_SD.admin_clicks_reset_password_link()">
                <span>When Admin clicks reset password link</span>
      <div>Step skipped
      </div>
              </div>
              <div class="step skip-bg" title="com.lms.ui.stepDefinitions.ResetPassword_SD.admin_should_see_text_box_in_disabled_state()">
                <span>Then Admin should see text box in disabled state</span>
      <div>Step skipped
      </div>
              </div>
          </div>
        </div>
  </div>
</div>
          </div>
        </li>
        <li class="test-item"  status="fail" test-id="254"
          author=""
          tag=""
          device="">
          <div class="test-detail">
            <p class="name">Reset password Validations</p>
            <p class="text-sm">
              <span>12:17:45 AM</span> / <span>00:00:00:553</span>
              <span class="badge fail-bg log float-right">Fail</span>
            </p>
          </div>
          <div class="test-contents d-none">
<div class="detail-head">
<div class="p-v-10">
<div class="info">
<h5 class="test-status text-fail">Reset password Validations</h5>
<span class='badge badge-success'>09.13.2023 12:17:45 AM</span>
<span class='badge badge-danger'>09.13.2023 12:17:46 AM</span>
<span class='badge badge-default'>00:00:00:553</span>
&middot; <span class='uri-anchor badge badge-default'>#test-id=254</span>
<span class='badge badge-default pointer float-right ml-1 et'><i class="fa fa-chevron-down"></i></span>
<span class='badge badge-default pointer float-right ct'><i class="fa fa-chevron-up"></i></span>
</div>
<div class="m-t-10 m-l-5"></div>
</div>
</div>
<div class="accordion mt-4">
  <div class="card">
    <div class="card-header" role="tab">
      <div class="card-title">
        <div class="node" id="255"><span class="badge log fail-bg mr-2">Fail</span>verify text box is in enabled in new password field</div>
      </div>
    </div>
        <div class="">
          <div class="card-body">
              <div class="step fail-bg" title="com.lms.ui.stepDefinitions.ResetPassword_SD.admin_reset_password_page()">
                <span>Given Admin reset password page</span>
      <div>
        <textarea disabled class="code-block">org.junit.ComparisonFailure: expected:<[Reset Password]> but was:<[]>
	at org.junit.Assert.assertEquals(Assert.java:117)
	at org.junit.Assert.assertEquals(Assert.java:146)
	at com.lms.ui.stepDefinitions.ResetPassword_SD.admin_reset_password_page(ResetPassword_SD.java:89)
	at ✽.Admin reset password page(file:///C:/Users/Prasanna/git/LMS_T16_QualityEncore/LMS_T16_QualityEncore/./src/test/resources/Features/01_Main_Login_Page/07_Reset_Password_Validations.feature:6)
</textarea>
      
      </div>
              </div>
              <div class="step skip-bg" title="com.lms.ui.stepDefinitions.ResetPassword_SD.admin_clicks_on_type_in_new_password_field()">
                <span>When Admin clicks on type in new password field</span>
      <div>Step skipped
      </div>
              </div>
              <div class="step skip-bg" title="com.lms.ui.stepDefinitions.ResetPassword_SD.admin_should_see_text_box_is_enabled_state()">
                <span>Then Admin should see text box is enabled state</span>
      <div>Step skipped
      </div>
              </div>
          </div>
        </div>
  </div>
  <div class="card">
    <div class="card-header" role="tab">
      <div class="card-title">
        <div class="node" id="260"><span class="badge log fail-bg mr-2">Fail</span>verify text box is in enabled in retype password field</div>
      </div>
    </div>
        <div class="">
          <div class="card-body">
              <div class="step fail-bg" title="com.lms.ui.stepDefinitions.ResetPassword_SD.admin_reset_password_page()">
                <span>Given Admin reset password page</span>
      <div>
        <textarea disabled class="code-block">org.junit.ComparisonFailure: expected:<[Reset Password]> but was:<[]>
	at org.junit.Assert.assertEquals(Assert.java:117)
	at org.junit.Assert.assertEquals(Assert.java:146)
	at com.lms.ui.stepDefinitions.ResetPassword_SD.admin_reset_password_page(ResetPassword_SD.java:89)
	at ✽.Admin reset password page(file:///C:/Users/Prasanna/git/LMS_T16_QualityEncore/LMS_T16_QualityEncore/./src/test/resources/Features/01_Main_Login_Page/07_Reset_Password_Validations.feature:11)
</textarea>
      
      </div>
              </div>
              <div class="step skip-bg" title="com.lms.ui.stepDefinitions.ResetPassword_SD.admin_clicks_on_retype_password_field()">
                <span>When Admin clicks on retype password field</span>
      <div>Step skipped
      </div>
              </div>
              <div class="step skip-bg" title="com.lms.ui.stepDefinitions.ResetPassword_SD.admin_should_see_text_box_is_enabled_state()">
                <span>Then Admin should see text box is enabled state</span>
      <div>Step skipped
      </div>
              </div>
          </div>
        </div>
  </div>
  <div class="card">
    <div class="card-header" role="tab">
      <div class="card-title">
        <div class="node" id="265"><span class="badge log fail-bg mr-2">Fail</span>Validate reset password with valid details</div>
      </div>
    </div>
        <div class="">
          <div class="card-body">
              <div class="step fail-bg" title="com.lms.ui.stepDefinitions.ResetPassword_SD.admin_reset_password_page()">
                <span>Given Admin reset password page</span>
      <div>
        <textarea disabled class="code-block">org.junit.ComparisonFailure: expected:<[Reset Password]> but was:<[]>
	at org.junit.Assert.assertEquals(Assert.java:117)
	at org.junit.Assert.assertEquals(Assert.java:146)
	at com.lms.ui.stepDefinitions.ResetPassword_SD.admin_reset_password_page(ResetPassword_SD.java:89)
	at ✽.Admin reset password page(file:///C:/Users/Prasanna/git/LMS_T16_QualityEncore/LMS_T16_QualityEncore/./src/test/resources/Features/01_Main_Login_Page/07_Reset_Password_Validations.feature:16)
</textarea>
      
      </div>
              </div>
              <div class="step skip-bg" title="com.lms.ui.stepDefinitions.ResetPassword_SD.admin_enters_same_password_on_both_field_and_clicks_submit_button()">
                <span>When Admin enters same password on both field and clicks submit button</span>
      <div>Step skipped
      </div>
              </div>
              <div class="step skip-bg" title="com.lms.ui.stepDefinitions.ResetPassword_SD.admin_should_recieve_your_password_has_been_reset_please_click_here_to_login()">
                <span>Then Admin should recieve Your password has been reset Please click here to login</span>
      <div>Step skipped
      </div>
              </div>
          </div>
        </div>
  </div>
  <div class="card">
    <div class="card-header" role="tab">
      <div class="card-title">
        <div class="node" id="270"><span class="badge log fail-bg mr-2">Fail</span>Validate reset password with invalid details</div>
      </div>
    </div>
        <div class="">
          <div class="card-body">
              <div class="step fail-bg" title="com.lms.ui.stepDefinitions.ResetPassword_SD.admin_reset_password_page()">
                <span>Given Admin reset password page</span>
      <div>
        <textarea disabled class="code-block">org.junit.ComparisonFailure: expected:<[Reset Password]> but was:<[]>
	at org.junit.Assert.assertEquals(Assert.java:117)
	at org.junit.Assert.assertEquals(Assert.java:146)
	at com.lms.ui.stepDefinitions.ResetPassword_SD.admin_reset_password_page(ResetPassword_SD.java:89)
	at ✽.Admin reset password page(file:///C:/Users/Prasanna/git/LMS_T16_QualityEncore/LMS_T16_QualityEncore/./src/test/resources/Features/01_Main_Login_Page/07_Reset_Password_Validations.feature:21)
</textarea>
      
      </div>
              </div>
              <div class="step skip-bg" title="com.lms.ui.stepDefinitions.ResetPassword_SD.admin_enters_same_password_on_both_field_with_invalid_details_and_clicks_submit_button()">
                <span>When Admin enters same password on both field with invalid details and clicks submit button</span>
      <div>Step skipped
      </div>
              </div>
              <div class="step skip-bg" title="com.lms.ui.stepDefinitions.ResetPassword_SD.error_message_please_try_again()">
                <span>Then Error message Please try again</span>
      <div>Step skipped
      </div>
              </div>
          </div>
        </div>
  </div>
  <div class="card">
    <div class="card-header" role="tab">
      <div class="card-title">
        <div class="node" id="275"><span class="badge log fail-bg mr-2">Fail</span>Validate reset password with empty details</div>
      </div>
    </div>
        <div class="">
          <div class="card-body">
              <div class="step fail-bg" title="com.lms.ui.stepDefinitions.ResetPassword_SD.admin_reset_password_page()">
                <span>Given Admin reset password page</span>
      <div>
        <textarea disabled class="code-block">org.junit.ComparisonFailure: expected:<[Reset Password]> but was:<[]>
	at org.junit.Assert.assertEquals(Assert.java:117)
	at org.junit.Assert.assertEquals(Assert.java:146)
	at com.lms.ui.stepDefinitions.ResetPassword_SD.admin_reset_password_page(ResetPassword_SD.java:89)
	at ✽.Admin reset password page(file:///C:/Users/Prasanna/git/LMS_T16_QualityEncore/LMS_T16_QualityEncore/./src/test/resources/Features/01_Main_Login_Page/07_Reset_Password_Validations.feature:26)
</textarea>
      
      </div>
              </div>
              <div class="step skip-bg" title="com.lms.ui.stepDefinitions.ResetPassword_SD.admin_enters_empty_details_on_both_fieldand_clicks_submit_button()">
                <span>When Admin enters  empty details on both fieldand clicks submit button</span>
      <div>Step skipped
      </div>
              </div>
              <div class="step skip-bg" title="com.lms.ui.stepDefinitions.ResetPassword_SD.error_message_please_try_again()">
                <span>Then Error message Please try again</span>
      <div>Step skipped
      </div>
              </div>
          </div>
        </div>
  </div>
  <div class="card">
    <div class="card-header" role="tab">
      <div class="card-title">
        <div class="node" id="280"><span class="badge log fail-bg mr-2">Fail</span>Validate reset password mismatch values</div>
      </div>
    </div>
        <div class="">
          <div class="card-body">
              <div class="step fail-bg" title="com.lms.ui.stepDefinitions.ResetPassword_SD.admin_reset_password_page()">
                <span>Given Admin reset password page</span>
      <div>
        <textarea disabled class="code-block">org.junit.ComparisonFailure: expected:<[Reset Password]> but was:<[]>
	at org.junit.Assert.assertEquals(Assert.java:117)
	at org.junit.Assert.assertEquals(Assert.java:146)
	at com.lms.ui.stepDefinitions.ResetPassword_SD.admin_reset_password_page(ResetPassword_SD.java:89)
	at ✽.Admin reset password page(file:///C:/Users/Prasanna/git/LMS_T16_QualityEncore/LMS_T16_QualityEncore/./src/test/resources/Features/01_Main_Login_Page/07_Reset_Password_Validations.feature:31)
</textarea>
      
      </div>
              </div>
              <div class="step skip-bg" title="com.lms.ui.stepDefinitions.ResetPassword_SD.admin_enters_mismatch_values_and_clicks_submit_button()">
                <span>When Admin enters  mismatch values and clicks submit button</span>
      <div>Step skipped
      </div>
              </div>
              <div class="step skip-bg" title="com.lms.ui.stepDefinitions.ResetPassword_SD.error_message_please_try_again()">
                <span>Then Error message Please try again</span>
      <div>Step skipped
      </div>
              </div>
          </div>
        </div>
  </div>
</div>
          </div>
        </li>
        <li class="test-item"  status="fail" test-id="285"
          author=""
          tag=""
          device="">
          <div class="test-detail">
            <p class="name">Dashboard Page</p>
            <p class="text-sm">
              <span>12:17:46 AM</span> / <span>00:00:04:046</span>
              <span class="badge fail-bg log float-right">Fail</span>
            </p>
          </div>
          <div class="test-contents d-none">
<div class="detail-head">
<div class="p-v-10">
<div class="info">
<h5 class="test-status text-fail">Dashboard Page</h5>
<span class='badge badge-success'>09.13.2023 12:17:46 AM</span>
<span class='badge badge-danger'>09.13.2023 12:17:50 AM</span>
<span class='badge badge-default'>00:00:04:046</span>
&middot; <span class='uri-anchor badge badge-default'>#test-id=285</span>
<span class='badge badge-default pointer float-right ml-1 et'><i class="fa fa-chevron-down"></i></span>
<span class='badge badge-default pointer float-right ct'><i class="fa fa-chevron-up"></i></span>
</div>
<div class="m-t-10 m-l-5"></div>
</div>
</div>
<div class="accordion mt-4">
  <div class="card">
    <div class="card-header" role="tab">
      <div class="card-title">
        <div class="node" id="286"><span class="badge log fail-bg mr-2">Fail</span>Verify after login  admin lands on manage program as dashboard page</div>
      </div>
    </div>
        <div class="">
          <div class="card-body">
              <div class="step fail-bg" title="com.lms.ui.stepDefinitions.LoginPage_Validation_SD.admin_is_in_login_page()">
                <span>Given Admin is in login page</span>
      <div>
        <textarea disabled class="code-block">org.junit.ComparisonFailure: expected:<[Login]> but was:<[]>
	at org.junit.Assert.assertEquals(Assert.java:117)
	at org.junit.Assert.assertEquals(Assert.java:146)
	at com.lms.ui.stepDefinitions.LoginPage_Validation_SD.admin_is_in_login_page(LoginPage_Validation_SD.java:36)
	at ✽.Admin is in login page(file:///C:/Users/Prasanna/git/LMS_T16_QualityEncore/LMS_T16_QualityEncore/./src/test/resources/Features/02_Dashboard_Page/01_Dashboard_Page.feature:5)
</textarea>
      
      </div>
              </div>
              <div class="step skip-bg" title="com.lms.ui.stepDefinitions.LoginPage_Validation_SD.admin_enter_valid_credentials_and_clicks_login_button()">
                <span>When Admin enter valid credentials  and clicks login button</span>
      <div>Step skipped
      </div>
              </div>
              <div class="step skip-bg" title="com.lms.ui.stepDefinitions.DashboardPage_SD.admin_should_see_manage_program_as_header()">
                <span>Then Admin should see manage program as header</span>
      <div>Step skipped
      </div>
              </div>
          </div>
        </div>
  </div>
  <div class="card">
    <div class="card-header" role="tab">
      <div class="card-title">
        <div class="node" id="291"><span class="badge log fail-bg mr-2">Fail</span>Verify the response time</div>
      </div>
    </div>
        <div class="">
          <div class="card-body">
              <div class="step fail-bg" title="com.lms.ui.stepDefinitions.LoginPage_Validation_SD.admin_is_in_login_page()">
                <span>Given Admin is in login page</span>
      <div>
        <textarea disabled class="code-block">org.junit.ComparisonFailure: expected:<[Login]> but was:<[]>
	at org.junit.Assert.assertEquals(Assert.java:117)
	at org.junit.Assert.assertEquals(Assert.java:146)
	at com.lms.ui.stepDefinitions.LoginPage_Validation_SD.admin_is_in_login_page(LoginPage_Validation_SD.java:36)
	at ✽.Admin is in login page(file:///C:/Users/Prasanna/git/LMS_T16_QualityEncore/LMS_T16_QualityEncore/./src/test/resources/Features/02_Dashboard_Page/01_Dashboard_Page.feature:11)
</textarea>
      
      </div>
              </div>
              <div class="step skip-bg" title="com.lms.ui.stepDefinitions.LoginPage_Validation_SD.admin_enter_valid_credentials_and_clicks_login_button()">
                <span>When Admin enter valid credentials  and clicks login button</span>
      <div>Step skipped
      </div>
              </div>
              <div class="step skip-bg" title="com.lms.ui.stepDefinitions.DashboardPage_SD.maximum_navigation_time_in_milliseconds_defaults_to_thirty_seconds()">
                <span>Then Maximum navigation time in milliseconds defaults to thirty seconds</span>
      <div>Step skipped
      </div>
              </div>
          </div>
        </div>
  </div>
  <div class="card">
    <div class="card-header" role="tab">
      <div class="card-title">
        <div class="node" id="296"><span class="badge log fail-bg mr-2">Fail</span>Verify broken link</div>
      </div>
    </div>
        <div class="">
          <div class="card-body">
              <div class="step fail-bg" title="com.lms.ui.stepDefinitions.LoginPage_Validation_SD.admin_is_in_login_page()">
                <span>Given Admin is in login page</span>
      <div>
        <textarea disabled class="code-block">org.junit.ComparisonFailure: expected:<[Login]> but was:<[]>
	at org.junit.Assert.assertEquals(Assert.java:117)
	at org.junit.Assert.assertEquals(Assert.java:146)
	at com.lms.ui.stepDefinitions.LoginPage_Validation_SD.admin_is_in_login_page(LoginPage_Validation_SD.java:36)
	at ✽.Admin is in login page(file:///C:/Users/Prasanna/git/LMS_T16_QualityEncore/LMS_T16_QualityEncore/./src/test/resources/Features/02_Dashboard_Page/01_Dashboard_Page.feature:17)
</textarea>
      
      </div>
              </div>
              <div class="step skip-bg" title="com.lms.ui.stepDefinitions.LoginPage_Validation_SD.admin_enter_valid_credentials_and_clicks_login_button()">
                <span>When Admin enter valid credentials  and clicks login button</span>
      <div>Step skipped
      </div>
              </div>
              <div class="step skip-bg" title="com.lms.ui.stepDefinitions.HomePage_SD.http_response_equalto400_the_link_is_broken()">
                <span>Then HTTP response >equalto400 the link is broken</span>
      <div>Step skipped
      </div>
              </div>
          </div>
        </div>
  </div>
  <div class="card">
    <div class="card-header" role="tab">
      <div class="card-title">
        <div class="node" id="301"><span class="badge log fail-bg mr-2">Fail</span>Verify LMS title</div>
      </div>
    </div>
        <div class="">
          <div class="card-body">
              <div class="step fail-bg" title="com.lms.ui.stepDefinitions.LoginPage_Validation_SD.admin_is_in_login_page()">
                <span>Given Admin is in login page</span>
      <div>
        <textarea disabled class="code-block">org.junit.ComparisonFailure: expected:<[Login]> but was:<[]>
	at org.junit.Assert.assertEquals(Assert.java:117)
	at org.junit.Assert.assertEquals(Assert.java:146)
	at com.lms.ui.stepDefinitions.LoginPage_Validation_SD.admin_is_in_login_page(LoginPage_Validation_SD.java:36)
	at ✽.Admin is in login page(file:///C:/Users/Prasanna/git/LMS_T16_QualityEncore/LMS_T16_QualityEncore/./src/test/resources/Features/02_Dashboard_Page/01_Dashboard_Page.feature:23)
</textarea>
      
      </div>
              </div>
              <div class="step skip-bg" title="com.lms.ui.stepDefinitions.LoginPage_Validation_SD.admin_enter_valid_credentials_and_clicks_login_button()">
                <span>When Admin enter valid credentials  and clicks login button</span>
      <div>Step skipped
      </div>
              </div>
              <div class="step skip-bg" title="com.lms.ui.stepDefinitions.DashboardPage_SD.admin_should_see_lms_learning_management_system_as_title()">
                <span>Then Admin should see LMS -Learning management system  as title</span>
      <div>Step skipped
      </div>
              </div>
          </div>
        </div>
  </div>
  <div class="card">
    <div class="card-header" role="tab">
      <div class="card-title">
        <div class="node" id="306"><span class="badge log fail-bg mr-2">Fail</span>Verify  LMS title alignment</div>
      </div>
    </div>
        <div class="">
          <div class="card-body">
              <div class="step fail-bg" title="com.lms.ui.stepDefinitions.LoginPage_Validation_SD.admin_is_in_login_page()">
                <span>Given Admin is in login page</span>
      <div>
        <textarea disabled class="code-block">org.junit.ComparisonFailure: expected:<[Login]> but was:<[]>
	at org.junit.Assert.assertEquals(Assert.java:117)
	at org.junit.Assert.assertEquals(Assert.java:146)
	at com.lms.ui.stepDefinitions.LoginPage_Validation_SD.admin_is_in_login_page(LoginPage_Validation_SD.java:36)
	at ✽.Admin is in login page(file:///C:/Users/Prasanna/git/LMS_T16_QualityEncore/LMS_T16_QualityEncore/./src/test/resources/Features/02_Dashboard_Page/01_Dashboard_Page.feature:29)
</textarea>
      
      </div>
              </div>
              <div class="step skip-bg" title="com.lms.ui.stepDefinitions.LoginPage_Validation_SD.admin_enter_valid_credentials_and_clicks_login_button()">
                <span>When Admin enter valid credentials  and clicks login button</span>
      <div>Step skipped
      </div>
              </div>
              <div class="step skip-bg" title="com.lms.ui.stepDefinitions.DashboardPage_SD.lms_title_should_be_on_the_top_left_corner_of_page()">
                <span>Then LMS title should be on the top left corner of page</span>
      <div>Step skipped
      </div>
              </div>
          </div>
        </div>
  </div>
  <div class="card">
    <div class="card-header" role="tab">
      <div class="card-title">
        <div class="node" id="311"><span class="badge log fail-bg mr-2">Fail</span>Validate navigation bar text</div>
      </div>
    </div>
        <div class="">
          <div class="card-body">
              <div class="step fail-bg" title="com.lms.ui.stepDefinitions.LoginPage_Validation_SD.admin_is_in_login_page()">
                <span>Given Admin is in login page</span>
      <div>
        <textarea disabled class="code-block">org.junit.ComparisonFailure: expected:<[Login]> but was:<[]>
	at org.junit.Assert.assertEquals(Assert.java:117)
	at org.junit.Assert.assertEquals(Assert.java:146)
	at com.lms.ui.stepDefinitions.LoginPage_Validation_SD.admin_is_in_login_page(LoginPage_Validation_SD.java:36)
	at ✽.Admin is in login page(file:///C:/Users/Prasanna/git/LMS_T16_QualityEncore/LMS_T16_QualityEncore/./src/test/resources/Features/02_Dashboard_Page/01_Dashboard_Page.feature:35)
</textarea>
      
      </div>
              </div>
              <div class="step skip-bg" title="com.lms.ui.stepDefinitions.LoginPage_Validation_SD.admin_enter_valid_credentials_and_clicks_login_button()">
                <span>When Admin enter valid credentials  and clicks login button</span>
      <div>Step skipped
      </div>
              </div>
              <div class="step skip-bg" title="com.lms.ui.stepDefinitions.DashboardPage_SD.admin_should_see_correct_spelling_in_navigation_bar_text()">
                <span>Then Admin should see correct spelling in navigation bar text</span>
      <div>Step skipped
      </div>
              </div>
          </div>
        </div>
  </div>
  <div class="card">
    <div class="card-header" role="tab">
      <div class="card-title">
        <div class="node" id="316"><span class="badge log fail-bg mr-2">Fail</span>Validate LMS title has correct spelling ang space</div>
      </div>
    </div>
        <div class="">
          <div class="card-body">
              <div class="step fail-bg" title="com.lms.ui.stepDefinitions.LoginPage_Validation_SD.admin_is_in_login_page()">
                <span>Given Admin is in login page</span>
      <div>
        <textarea disabled class="code-block">org.junit.ComparisonFailure: expected:<[Login]> but was:<[]>
	at org.junit.Assert.assertEquals(Assert.java:117)
	at org.junit.Assert.assertEquals(Assert.java:146)
	at com.lms.ui.stepDefinitions.LoginPage_Validation_SD.admin_is_in_login_page(LoginPage_Validation_SD.java:36)
	at ✽.Admin is in login page(file:///C:/Users/Prasanna/git/LMS_T16_QualityEncore/LMS_T16_QualityEncore/./src/test/resources/Features/02_Dashboard_Page/01_Dashboard_Page.feature:41)
</textarea>
      
      </div>
              </div>
              <div class="step skip-bg" title="com.lms.ui.stepDefinitions.LoginPage_Validation_SD.admin_enter_valid_credentials_and_clicks_login_button()">
                <span>When Admin enter valid credentials  and clicks login button</span>
      <div>Step skipped
      </div>
              </div>
              <div class="step skip-bg" title="com.lms.ui.stepDefinitions.DashboardPage_SD.admin_should_see_correct_spelling_and_space_in_lms_title()">
                <span>Then Admin should see correct spelling and space in LMS title</span>
      <div>Step skipped
      </div>
              </div>
          </div>
        </div>
  </div>
  <div class="card">
    <div class="card-header" role="tab">
      <div class="card-title">
        <div class="node" id="321"><span class="badge log fail-bg mr-2">Fail</span>Validate alignment for navigation bar</div>
      </div>
    </div>
        <div class="">
          <div class="card-body">
              <div class="step fail-bg" title="com.lms.ui.stepDefinitions.LoginPage_Validation_SD.admin_is_in_login_page()">
                <span>Given Admin is in login page</span>
      <div>
        <textarea disabled class="code-block">org.junit.ComparisonFailure: expected:<[Login]> but was:<[]>
	at org.junit.Assert.assertEquals(Assert.java:117)
	at org.junit.Assert.assertEquals(Assert.java:146)
	at com.lms.ui.stepDefinitions.LoginPage_Validation_SD.admin_is_in_login_page(LoginPage_Validation_SD.java:36)
	at ✽.Admin is in login page(file:///C:/Users/Prasanna/git/LMS_T16_QualityEncore/LMS_T16_QualityEncore/./src/test/resources/Features/02_Dashboard_Page/01_Dashboard_Page.feature:47)
</textarea>
      
      </div>
              </div>
              <div class="step skip-bg" title="com.lms.ui.stepDefinitions.LoginPage_Validation_SD.admin_enter_valid_credentials_and_clicks_login_button()">
                <span>When Admin enter valid credentials  and clicks login button</span>
      <div>Step skipped
      </div>
              </div>
              <div class="step skip-bg" title="com.lms.ui.stepDefinitions.DashboardPage_SD.admin_should_see_the_navigation_bar_text_on_the_top_right_side()">
                <span>Then Admin should see the navigation bar text on the top right side</span>
      <div>Step skipped
      </div>
              </div>
          </div>
        </div>
  </div>
  <div class="card">
    <div class="card-header" role="tab">
      <div class="card-title">
        <div class="node" id="326"><span class="badge log fail-bg mr-2">Fail</span>Validate navigation bar order first Student</div>
      </div>
    </div>
        <div class="">
          <div class="card-body">
              <div class="step fail-bg" title="com.lms.ui.stepDefinitions.LoginPage_Validation_SD.admin_is_in_login_page()">
                <span>Given Admin is in login page</span>
      <div>
        <textarea disabled class="code-block">org.junit.ComparisonFailure: expected:<[Login]> but was:<[]>
	at org.junit.Assert.assertEquals(Assert.java:117)
	at org.junit.Assert.assertEquals(Assert.java:146)
	at com.lms.ui.stepDefinitions.LoginPage_Validation_SD.admin_is_in_login_page(LoginPage_Validation_SD.java:36)
	at ✽.Admin is in login page(file:///C:/Users/Prasanna/git/LMS_T16_QualityEncore/LMS_T16_QualityEncore/./src/test/resources/Features/02_Dashboard_Page/01_Dashboard_Page.feature:53)
</textarea>
      
      </div>
              </div>
              <div class="step skip-bg" title="com.lms.ui.stepDefinitions.LoginPage_Validation_SD.admin_enter_valid_credentials_and_clicks_login_button()">
                <span>When Admin enter valid credentials  and clicks login button</span>
      <div>Step skipped
      </div>
              </div>
              <div class="step skip-bg" title="com.lms.ui.stepDefinitions.DashboardPage_SD.admin_should_see_student_in_the_first_place()">
                <span>Then Admin should see student in the first place</span>
      <div>Step skipped
      </div>
              </div>
          </div>
        </div>
  </div>
  <div class="card">
    <div class="card-header" role="tab">
      <div class="card-title">
        <div class="node" id="331"><span class="badge log fail-bg mr-2">Fail</span>Validate navigation bar order second Program</div>
      </div>
    </div>
        <div class="">
          <div class="card-body">
              <div class="step fail-bg" title="com.lms.ui.stepDefinitions.LoginPage_Validation_SD.admin_is_in_login_page()">
                <span>Given Admin is in login page</span>
      <div>
        <textarea disabled class="code-block">org.junit.ComparisonFailure: expected:<[Login]> but was:<[]>
	at org.junit.Assert.assertEquals(Assert.java:117)
	at org.junit.Assert.assertEquals(Assert.java:146)
	at com.lms.ui.stepDefinitions.LoginPage_Validation_SD.admin_is_in_login_page(LoginPage_Validation_SD.java:36)
	at ✽.Admin is in login page(file:///C:/Users/Prasanna/git/LMS_T16_QualityEncore/LMS_T16_QualityEncore/./src/test/resources/Features/02_Dashboard_Page/01_Dashboard_Page.feature:58)
</textarea>
      
      </div>
              </div>
              <div class="step skip-bg" title="com.lms.ui.stepDefinitions.LoginPage_Validation_SD.admin_enter_valid_credentials_and_clicks_login_button()">
                <span>When Admin enter valid credentials  and clicks login button</span>
      <div>Step skipped
      </div>
              </div>
              <div class="step skip-bg" title="com.lms.ui.stepDefinitions.DashboardPage_SD.admin_should_see_program_in_the_second_place()">
                <span>Then Admin should see program in the second place</span>
      <div>Step skipped
      </div>
              </div>
          </div>
        </div>
  </div>
  <div class="card">
    <div class="card-header" role="tab">
      <div class="card-title">
        <div class="node" id="336"><span class="badge log fail-bg mr-2">Fail</span>Validate navigation bar order  third Batch</div>
      </div>
    </div>
        <div class="">
          <div class="card-body">
              <div class="step fail-bg" title="com.lms.ui.stepDefinitions.LoginPage_Validation_SD.admin_is_in_login_page()">
                <span>Given Admin is in login page</span>
      <div>
        <textarea disabled class="code-block">org.junit.ComparisonFailure: expected:<[Login]> but was:<[]>
	at org.junit.Assert.assertEquals(Assert.java:117)
	at org.junit.Assert.assertEquals(Assert.java:146)
	at com.lms.ui.stepDefinitions.LoginPage_Validation_SD.admin_is_in_login_page(LoginPage_Validation_SD.java:36)
	at ✽.Admin is in login page(file:///C:/Users/Prasanna/git/LMS_T16_QualityEncore/LMS_T16_QualityEncore/./src/test/resources/Features/02_Dashboard_Page/01_Dashboard_Page.feature:63)
</textarea>
      
      </div>
              </div>
              <div class="step skip-bg" title="com.lms.ui.stepDefinitions.LoginPage_Validation_SD.admin_enter_valid_credentials_and_clicks_login_button()">
                <span>When Admin enter valid credentials  and clicks login button</span>
      <div>Step skipped
      </div>
              </div>
              <div class="step skip-bg" title="com.lms.ui.stepDefinitions.DashboardPage_SD.admin_should_see_batch_in_the_third_place()">
                <span>Then Admin should see batch in the third place</span>
      <div>Step skipped
      </div>
              </div>
          </div>
        </div>
  </div>
  <div class="card">
    <div class="card-header" role="tab">
      <div class="card-title">
        <div class="node" id="341"><span class="badge log fail-bg mr-2">Fail</span>Validate navigation bar order fourth Class</div>
      </div>
    </div>
        <div class="">
          <div class="card-body">
              <div class="step fail-bg" title="com.lms.ui.stepDefinitions.LoginPage_Validation_SD.admin_is_in_login_page()">
                <span>Given Admin is in login page</span>
      <div>
        <textarea disabled class="code-block">org.junit.ComparisonFailure: expected:<[Login]> but was:<[]>
	at org.junit.Assert.assertEquals(Assert.java:117)
	at org.junit.Assert.assertEquals(Assert.java:146)
	at com.lms.ui.stepDefinitions.LoginPage_Validation_SD.admin_is_in_login_page(LoginPage_Validation_SD.java:36)
	at ✽.Admin is in login page(file:///C:/Users/Prasanna/git/LMS_T16_QualityEncore/LMS_T16_QualityEncore/./src/test/resources/Features/02_Dashboard_Page/01_Dashboard_Page.feature:68)
</textarea>
      
      </div>
              </div>
              <div class="step skip-bg" title="com.lms.ui.stepDefinitions.LoginPage_Validation_SD.admin_enter_valid_credentials_and_clicks_login_button()">
                <span>When Admin enter valid credentials  and clicks login button</span>
      <div>Step skipped
      </div>
              </div>
              <div class="step skip-bg" title="com.lms.ui.stepDefinitions.DashboardPage_SD.admin_should_see_class_in_the_fourth_place()">
                <span>Then Admin should see class in the fourth place</span>
      <div>Step skipped
      </div>
              </div>
          </div>
        </div>
  </div>
  <div class="card">
    <div class="card-header" role="tab">
      <div class="card-title">
        <div class="node" id="346"><span class="badge log fail-bg mr-2">Fail</span>Validate navigation bar order fifth User</div>
      </div>
    </div>
        <div class="">
          <div class="card-body">
              <div class="step fail-bg" title="com.lms.ui.stepDefinitions.LoginPage_Validation_SD.admin_is_in_login_page()">
                <span>Given Admin is in login page</span>
      <div>
        <textarea disabled class="code-block">org.junit.ComparisonFailure: expected:<[Login]> but was:<[]>
	at org.junit.Assert.assertEquals(Assert.java:117)
	at org.junit.Assert.assertEquals(Assert.java:146)
	at com.lms.ui.stepDefinitions.LoginPage_Validation_SD.admin_is_in_login_page(LoginPage_Validation_SD.java:36)
	at ✽.Admin is in login page(file:///C:/Users/Prasanna/git/LMS_T16_QualityEncore/LMS_T16_QualityEncore/./src/test/resources/Features/02_Dashboard_Page/01_Dashboard_Page.feature:73)
</textarea>
      
      </div>
              </div>
              <div class="step skip-bg" title="com.lms.ui.stepDefinitions.LoginPage_Validation_SD.admin_enter_valid_credentials_and_clicks_login_button()">
                <span>When Admin enter valid credentials  and clicks login button</span>
      <div>Step skipped
      </div>
              </div>
              <div class="step skip-bg" title="com.lms.ui.stepDefinitions.DashboardPage_SD.admin_should_see_student_in_the_fifth_user()">
                <span>Then Admin should see user in the  fifth user</span>
      <div>Step skipped
      </div>
              </div>
          </div>
        </div>
  </div>
  <div class="card">
    <div class="card-header" role="tab">
      <div class="card-title">
        <div class="node" id="351"><span class="badge log fail-bg mr-2">Fail</span>Validate navigation bar order sixth Assignment</div>
      </div>
    </div>
        <div class="">
          <div class="card-body">
              <div class="step fail-bg" title="com.lms.ui.stepDefinitions.LoginPage_Validation_SD.admin_is_in_login_page()">
                <span>Given Admin is in login page</span>
      <div>
        <textarea disabled class="code-block">org.junit.ComparisonFailure: expected:<[Login]> but was:<[]>
	at org.junit.Assert.assertEquals(Assert.java:117)
	at org.junit.Assert.assertEquals(Assert.java:146)
	at com.lms.ui.stepDefinitions.LoginPage_Validation_SD.admin_is_in_login_page(LoginPage_Validation_SD.java:36)
	at ✽.Admin is in login page(file:///C:/Users/Prasanna/git/LMS_T16_QualityEncore/LMS_T16_QualityEncore/./src/test/resources/Features/02_Dashboard_Page/01_Dashboard_Page.feature:78)
</textarea>
      
      </div>
              </div>
              <div class="step skip-bg" title="com.lms.ui.stepDefinitions.LoginPage_Validation_SD.admin_enter_valid_credentials_and_clicks_login_button()">
                <span>When Admin enter valid credentials  and clicks login button</span>
      <div>Step skipped
      </div>
              </div>
              <div class="step skip-bg" title="com.lms.ui.stepDefinitions.DashboardPage_SD.admin_should_see_student_in_the_sixth_assignment()">
                <span>Then Admin should see Assignment in the  sixth assignment</span>
      <div>Step skipped
      </div>
              </div>
          </div>
        </div>
  </div>
  <div class="card">
    <div class="card-header" role="tab">
      <div class="card-title">
        <div class="node" id="356"><span class="badge log fail-bg mr-2">Fail</span>Validate navigation bar order seventh Attendance</div>
      </div>
    </div>
        <div class="">
          <div class="card-body">
              <div class="step fail-bg" title="com.lms.ui.stepDefinitions.LoginPage_Validation_SD.admin_is_in_login_page()">
                <span>Given Admin is in login page</span>
      <div>
        <textarea disabled class="code-block">org.junit.ComparisonFailure: expected:<[Login]> but was:<[]>
	at org.junit.Assert.assertEquals(Assert.java:117)
	at org.junit.Assert.assertEquals(Assert.java:146)
	at com.lms.ui.stepDefinitions.LoginPage_Validation_SD.admin_is_in_login_page(LoginPage_Validation_SD.java:36)
	at ✽.Admin is in login page(file:///C:/Users/Prasanna/git/LMS_T16_QualityEncore/LMS_T16_QualityEncore/./src/test/resources/Features/02_Dashboard_Page/01_Dashboard_Page.feature:83)
</textarea>
      
      </div>
              </div>
              <div class="step skip-bg" title="com.lms.ui.stepDefinitions.LoginPage_Validation_SD.admin_enter_valid_credentials_and_clicks_login_button()">
                <span>When Admin enter valid credentials  and clicks login button</span>
      <div>Step skipped
      </div>
              </div>
              <div class="step skip-bg" title="com.lms.ui.stepDefinitions.DashboardPage_SD.admin_should_see_student_in_the_seventh_attendance()">
                <span>Then Admin should see Attendance in the  seventh attendance</span>
      <div>Step skipped
      </div>
              </div>
          </div>
        </div>
  </div>
  <div class="card">
    <div class="card-header" role="tab">
      <div class="card-title">
        <div class="node" id="361"><span class="badge log fail-bg mr-2">Fail</span>Validate navigation bar order eighth Logout</div>
      </div>
    </div>
        <div class="">
          <div class="card-body">
              <div class="step fail-bg" title="com.lms.ui.stepDefinitions.LoginPage_Validation_SD.admin_is_in_login_page()">
                <span>Given Admin is in login page</span>
      <div>
        <textarea disabled class="code-block">org.junit.ComparisonFailure: expected:<[Login]> but was:<[]>
	at org.junit.Assert.assertEquals(Assert.java:117)
	at org.junit.Assert.assertEquals(Assert.java:146)
	at com.lms.ui.stepDefinitions.LoginPage_Validation_SD.admin_is_in_login_page(LoginPage_Validation_SD.java:36)
	at ✽.Admin is in login page(file:///C:/Users/Prasanna/git/LMS_T16_QualityEncore/LMS_T16_QualityEncore/./src/test/resources/Features/02_Dashboard_Page/01_Dashboard_Page.feature:88)
</textarea>
      
      </div>
              </div>
              <div class="step skip-bg" title="com.lms.ui.stepDefinitions.LoginPage_Validation_SD.admin_enter_valid_credentials_and_clicks_login_button()">
                <span>When Admin enter valid credentials  and clicks login button</span>
      <div>Step skipped
      </div>
              </div>
              <div class="step skip-bg" title="com.lms.ui.stepDefinitions.DashboardPage_SD.admin_should_see_student_in_the_eighth_logout()">
                <span>Then Admin should see logout in the eighth logout</span>
      <div>Step skipped
      </div>
              </div>
          </div>
        </div>
  </div>
</div>
          </div>
        </li>
        <li class="test-item"  status="fail" test-id="366"
          author=""
          tag=""
          device="">
          <div class="test-detail">
            <p class="name">Logout function</p>
            <p class="text-sm">
              <span>12:17:50 AM</span> / <span>00:00:00:063</span>
              <span class="badge fail-bg log float-right">Fail</span>
            </p>
          </div>
          <div class="test-contents d-none">
<div class="detail-head">
<div class="p-v-10">
<div class="info">
<h5 class="test-status text-fail">Logout function</h5>
<span class='badge badge-success'>09.13.2023 12:17:50 AM</span>
<span class='badge badge-danger'>09.13.2023 12:17:50 AM</span>
<span class='badge badge-default'>00:00:00:063</span>
&middot; <span class='uri-anchor badge badge-default'>#test-id=366</span>
<span class='badge badge-default pointer float-right ml-1 et'><i class="fa fa-chevron-down"></i></span>
<span class='badge badge-default pointer float-right ct'><i class="fa fa-chevron-up"></i></span>
</div>
<div class="m-t-10 m-l-5"></div>
</div>
</div>
<div class="accordion mt-4">
  <div class="card">
    <div class="card-header" role="tab">
      <div class="card-title">
        <div class="node" id="367"><span class="badge log fail-bg mr-2">Fail</span>Verify Logout button function</div>
      </div>
    </div>
        <div class="">
          <div class="card-body">
              <div class="step fail-bg" title="com.lms.ui.stepDefinitions.DashboardPage_SD.admin_is_in_dashboard_page()">
                <span>Given Admin is in dashboard page</span>
      <div>
        <textarea disabled class="code-block">org.junit.ComparisonFailure: expected:<[Dashboard Page]> but was:<[]>
	at org.junit.Assert.assertEquals(Assert.java:117)
	at org.junit.Assert.assertEquals(Assert.java:146)
	at com.lms.ui.stepDefinitions.DashboardPage_SD.admin_is_in_dashboard_page(DashboardPage_SD.java:128)
	at ✽.Admin is in dashboard page(file:///C:/Users/Prasanna/git/LMS_T16_QualityEncore/LMS_T16_QualityEncore/./src/test/resources/Features/02_Dashboard_Page/02_Logout_Function.feature:6)
</textarea>
      
      </div>
              </div>
              <div class="step skip-bg" title="com.lms.ui.stepDefinitions.DashboardPage_SD.admin_click_logout_button_on_navigation_bar()">
                <span>When Admin click Logout button on navigation bar</span>
      <div>Step skipped
      </div>
              </div>
              <div class="step skip-bg" title="com.lms.ui.stepDefinitions.DashboardPage_SD.admin_should_land_on_login_in_page()">
                <span>Then Admin should land on login in page</span>
      <div>Step skipped
      </div>
              </div>
          </div>
        </div>
  </div>
</div>
          </div>
        </li>
      </ul>
    </div>
  </div>
<div class="test-content scrollable">
<div class="test-content-tools">
<ul><li><a class="back-to-test" href="#"><i class="fa fa-arrow-left"></i></a></li></ul>
</div>
<div class="test-content-detail"><div class="detail-body"></div></div>
</div></div>
<div class="test-wrapper row view exception-view attributes-view">
<div class="test-list">
<div class="test-list-tools">
<ul class="tools pull-left"><li><a href=""><span class="font-size-14">Exception</span></a></li></ul>
<ul class="tools text-right"><li><a href="#"><span class="badge badge-primary">2</span></a></li></ul>
</div>
<div class="test-list-wrapper scrollable">
<ul class="test-list-item">
<li class="test-item">
<div class="test-detail">
<span class="meta">
<span class='badge log badge-danger'>13</span>
</span>
<p class="name">org.openqa.selenium.NoSuchElementException</p>
<p class="duration text-sm">13 tests</p>
</div>
<div class="test-contents d-none">
<div class="info">
<h4>org.openqa.selenium.NoSuchElementException</h4>
<span status="fail" class='badge log badge-danger'>13 failed</span>
</div>
<table class='table table-sm mt-4'>
<thead>
<tr>
<th class="status-col">Status</th>
<th class="timestamp-col">Timestamp</th>
<th>TestName</th>
</tr>
</thead>
<tbody>
<tr class="tag-test-status" status="fail">
<td><span class="badge log fail-bg">Fail</span></td>
<td>00:17:29 AM</td>
<td>
<a href="#" class="linked" test-id='1' id='21'>Then Admin should see correct spellings in all fields</a>
<div class="">
<span class="badge badge-default">Home Page Verification.Verify the text spelling in the page.Then Admin should see correct spellings in all fields</span>
</div>
</td>
</tr>
<tr class="tag-test-status" status="fail">
<td><span class="badge log fail-bg">Fail</span></td>
<td>00:17:30 AM</td>
<td>
<a href="#" class="linked" test-id='1' id='26'>Then Admin should see correct logo of the LMS</a>
<div class="">
<span class="badge badge-default">Home Page Verification.Verify the logo of the LMS.Then Admin should see correct logo of the LMS</span>
</div>
</td>
</tr>
<tr class="tag-test-status" status="fail">
<td><span class="badge log fail-bg">Fail</span></td>
<td>00:17:31 AM</td>
<td>
<a href="#" class="linked" test-id='1' id='31'>Then Admin should see logo is properly aligned</a>
<div class="">
<span class="badge badge-default">Home Page Verification.Verify the logo properly aligned.Then Admin should see logo is properly aligned</span>
</div>
</td>
</tr>
<tr class="tag-test-status" status="fail">
<td><span class="badge log fail-bg">Fail</span></td>
<td>00:17:31 AM</td>
<td>
<a href="#" class="linked" test-id='1' id='36'>Then Admin should see login button</a>
<div class="">
<span class="badge badge-default">Home Page Verification.Verify login button is present.Then Admin should see login button</span>
</div>
</td>
</tr>
<tr class="tag-test-status" status="fail">
<td><span class="badge log fail-bg">Fail</span></td>
<td>00:17:31 AM</td>
<td>
<a href="#" class="linked" test-id='1' id='41'>Then Admin should able to click the Login button</a>
<div class="">
<span class="badge badge-default">Home Page Verification.Verify login button is clickable.Then Admin should able to click the Login button</span>
</div>
</td>
</tr>
<tr class="tag-test-status" status="fail">
<td><span class="badge log fail-bg">Fail</span></td>
<td>00:17:41 AM</td>
<td>
<a href="#" class="linked" test-id='169' id='172'>When Admin clicks forgot username or password link</a>
<div class="">
<span class="badge badge-default">Forgot username /password.Verify forgot username or password link.When Admin clicks forgot username or password link</span>
</div>
</td>
</tr>
<tr class="tag-test-status" status="fail">
<td><span class="badge log fail-bg">Fail</span></td>
<td>00:17:41 AM</td>
<td>
<a href="#" class="linked" test-id='169' id='176'>When Admin clicks forgot username or password link</a>
<div class="">
<span class="badge badge-default">Forgot username /password.verify broken link.When Admin clicks forgot username or password link</span>
</div>
</td>
</tr>
<tr class="tag-test-status" status="fail">
<td><span class="badge log fail-bg">Fail</span></td>
<td>00:17:42 AM</td>
<td>
<a href="#" class="linked" test-id='169' id='180'>When Admin clicks forgot username or password link</a>
<div class="">
<span class="badge badge-default">Forgot username /password.verify input descriptive text for Email.When Admin clicks forgot username or password link</span>
</div>
</td>
</tr>
<tr class="tag-test-status" status="fail">
<td><span class="badge log fail-bg">Fail</span></td>
<td>00:17:42 AM</td>
<td>
<a href="#" class="linked" test-id='169' id='184'>When Admin clicks forgot username or password link</a>
<div class="">
<span class="badge badge-default">Forgot username /password.Verify email text in text field.When Admin clicks forgot username or password link</span>
</div>
</td>
</tr>
<tr class="tag-test-status" status="fail">
<td><span class="badge log fail-bg">Fail</span></td>
<td>00:17:42 AM</td>
<td>
<a href="#" class="linked" test-id='169' id='188'>When Admin clicks forgot username or password link</a>
<div class="">
<span class="badge badge-default">Forgot username /password.Verify send link button is present.When Admin clicks forgot username or password link</span>
</div>
</td>
</tr>
<tr class="tag-test-status" status="fail">
<td><span class="badge log fail-bg">Fail</span></td>
<td>00:17:42 AM</td>
<td>
<a href="#" class="linked" test-id='169' id='192'>When Admin clicks forgot username or password link</a>
<div class="">
<span class="badge badge-default">Forgot username /password.Verify asterik near Email text.When Admin clicks forgot username or password link</span>
</div>
</td>
</tr>
<tr class="tag-test-status" status="fail">
<td><span class="badge log fail-bg">Fail</span></td>
<td>00:17:42 AM</td>
<td>
<a href="#" class="linked" test-id='169' id='196'>When Admin clicks forgot username or password link</a>
<div class="">
<span class="badge badge-default">Forgot username /password.Verify text spelling.When Admin clicks forgot username or password link</span>
</div>
</td>
</tr>
<tr class="tag-test-status" status="fail">
<td><span class="badge log fail-bg">Fail</span></td>
<td>00:17:42 AM</td>
<td>
<a href="#" class="linked" test-id='169' id='200'>When Admin clicks forgot username or password link</a>
<div class="">
<span class="badge badge-default">Forgot username /password.Verify the alignment of the send link button.When Admin clicks forgot username or password link</span>
</div>
</td>
</tr>
</tbody>
</table>
</div>
</li>
<li class="test-item">
<div class="test-detail">
<span class="meta">
<span class='badge log badge-danger'>59</span>
</span>
<p class="name">org.junit.ComparisonFailure</p>
<p class="duration text-sm">59 tests</p>
</div>
<div class="test-contents d-none">
<div class="info">
<h4>org.junit.ComparisonFailure</h4>
<span status="fail" class='badge log badge-danger'>59 failed</span>
</div>
<table class='table table-sm mt-4'>
<thead>
<tr>
<th class="status-col">Status</th>
<th class="timestamp-col">Timestamp</th>
<th>TestName</th>
</tr>
</thead>
<tbody>
<tr class="tag-test-status" status="fail">
<td><span class="badge log fail-bg">Fail</span></td>
<td>00:17:21 AM</td>
<td>
<a href="#" class="linked" test-id='1' id='6'>Then Admin should land on the home page</a>
<div class="">
<span class="badge badge-default">Home Page Verification.Verify admin is able to land on home page.Then Admin should land on the home page</span>
</div>
</td>
</tr>
<tr class="tag-test-status" status="fail">
<td><span class="badge log fail-bg">Fail</span></td>
<td>00:17:31 AM</td>
<td>
<a href="#" class="linked" test-id='42' id='45'>Given Admin is in home page</a>
<div class="">
<span class="badge badge-default">Login page verification.Verify the login page.Given Admin is in home page</span>
</div>
</td>
</tr>
<tr class="tag-test-status" status="fail">
<td><span class="badge log fail-bg">Fail</span></td>
<td>00:17:32 AM</td>
<td>
<a href="#" class="linked" test-id='42' id='50'>Given Admin is in home page</a>
<div class="">
<span class="badge badge-default">Login page verification.Verify for broken link.Given Admin is in home page</span>
</div>
</td>
</tr>
<tr class="tag-test-status" status="fail">
<td><span class="badge log fail-bg">Fail</span></td>
<td>00:17:32 AM</td>
<td>
<a href="#" class="linked" test-id='42' id='55'>Given Admin is in home page</a>
<div class="">
<span class="badge badge-default">Login page verification.Verify tht header of the login page.Given Admin is in home page</span>
</div>
</td>
</tr>
<tr class="tag-test-status" status="fail">
<td><span class="badge log fail-bg">Fail</span></td>
<td>00:17:32 AM</td>
<td>
<a href="#" class="linked" test-id='42' id='60'>Given Admin is in home page</a>
<div class="">
<span class="badge badge-default">Login page verification.Verify the text spelling in login page.Given Admin is in home page</span>
</div>
</td>
</tr>
<tr class="tag-test-status" status="fail">
<td><span class="badge log fail-bg">Fail</span></td>
<td>00:17:33 AM</td>
<td>
<a href="#" class="linked" test-id='42' id='65'>Given Admin is in home page</a>
<div class="">
<span class="badge badge-default">Login page verification.Verify text field is present.Given Admin is in home page</span>
</div>
</td>
</tr>
<tr class="tag-test-status" status="fail">
<td><span class="badge log fail-bg">Fail</span></td>
<td>00:17:33 AM</td>
<td>
<a href="#" class="linked" test-id='42' id='70'>Given Admin is in home page</a>
<div class="">
<span class="badge badge-default">Login page verification.Verify text on the first text field.Given Admin is in home page</span>
</div>
</td>
</tr>
<tr class="tag-test-status" status="fail">
<td><span class="badge log fail-bg">Fail</span></td>
<td>00:17:33 AM</td>
<td>
<a href="#" class="linked" test-id='42' id='75'>Given Admin is in home page</a>
<div class="">
<span class="badge badge-default">Login page verification.Verify asterik next to user text.Given Admin is in home page</span>
</div>
</td>
</tr>
<tr class="tag-test-status" status="fail">
<td><span class="badge log fail-bg">Fail</span></td>
<td>00:17:33 AM</td>
<td>
<a href="#" class="linked" test-id='42' id='80'>Given Admin is in home page</a>
<div class="">
<span class="badge badge-default">Login page verification.Verify text on the second text field.Given Admin is in home page</span>
</div>
</td>
</tr>
<tr class="tag-test-status" status="fail">
<td><span class="badge log fail-bg">Fail</span></td>
<td>00:17:34 AM</td>
<td>
<a href="#" class="linked" test-id='42' id='85'>Given Admin is in home page</a>
<div class="">
<span class="badge badge-default">Login page verification.Verify asterik next to password text.Given Admin is in home page</span>
</div>
</td>
</tr>
<tr class="tag-test-status" status="fail">
<td><span class="badge log fail-bg">Fail</span></td>
<td>00:17:35 AM</td>
<td>
<a href="#" class="linked" test-id='42' id='90'>Given Admin is in home page</a>
<div class="">
<span class="badge badge-default">Login page verification.Verify the alignment input field for the login.Given Admin is in home page</span>
</div>
</td>
</tr>
<tr class="tag-test-status" status="fail">
<td><span class="badge log fail-bg">Fail</span></td>
<td>00:17:35 AM</td>
<td>
<a href="#" class="linked" test-id='42' id='95'>Given Admin is in home page</a>
<div class="">
<span class="badge badge-default">Login page verification.verify Login is present.Given Admin is in home page</span>
</div>
</td>
</tr>
<tr class="tag-test-status" status="fail">
<td><span class="badge log fail-bg">Fail</span></td>
<td>00:17:35 AM</td>
<td>
<a href="#" class="linked" test-id='42' id='100'>Given Admin is in home page</a>
<div class="">
<span class="badge badge-default">Login page verification.Verify the alignment of the login button.Given Admin is in home page</span>
</div>
</td>
</tr>
<tr class="tag-test-status" status="fail">
<td><span class="badge log fail-bg">Fail</span></td>
<td>00:17:35 AM</td>
<td>
<a href="#" class="linked" test-id='42' id='105'>Given Admin is in home page</a>
<div class="">
<span class="badge badge-default">Login page verification.Verify forgot username or password link.Given Admin is in home page</span>
</div>
</td>
</tr>
<tr class="tag-test-status" status="fail">
<td><span class="badge log fail-bg">Fail</span></td>
<td>00:17:35 AM</td>
<td>
<a href="#" class="linked" test-id='42' id='110'>Given Admin is in home page</a>
<div class="">
<span class="badge badge-default">Login page verification.Verify for the Reset password link.Given Admin is in home page</span>
</div>
</td>
</tr>
<tr class="tag-test-status" status="fail">
<td><span class="badge log fail-bg">Fail</span></td>
<td>00:17:36 AM</td>
<td>
<a href="#" class="linked" test-id='42' id='115'>Given Admin is in home page</a>
<div class="">
<span class="badge badge-default">Login page verification.Verify input descriptive test in user field.Given Admin is in home page</span>
</div>
</td>
</tr>
<tr class="tag-test-status" status="fail">
<td><span class="badge log fail-bg">Fail</span></td>
<td>00:17:36 AM</td>
<td>
<a href="#" class="linked" test-id='42' id='120'>Given Admin is in home page</a>
<div class="">
<span class="badge badge-default">Login page verification.Verify input descriptive test in password field.Given Admin is in home page</span>
</div>
</td>
</tr>
<tr class="tag-test-status" status="fail">
<td><span class="badge log fail-bg">Fail</span></td>
<td>00:17:36 AM</td>
<td>
<a href="#" class="linked" test-id='123' id='126'>Given Admin is in login page</a>
<div class="">
<span class="badge badge-default">Login page validation.Validate login with valid credentials.Given Admin is in login page</span>
</div>
</td>
</tr>
<tr class="tag-test-status" status="fail">
<td><span class="badge log fail-bg">Fail</span></td>
<td>00:17:36 AM</td>
<td>
<a href="#" class="linked" test-id='123' id='131'>Given Admin is in login page</a>
<div class="">
<span class="badge badge-default">Login page validation.Validate login with invalid credentials.Given Admin is in login page</span>
</div>
</td>
</tr>
<tr class="tag-test-status" status="fail">
<td><span class="badge log fail-bg">Fail</span></td>
<td>00:17:37 AM</td>
<td>
<a href="#" class="linked" test-id='123' id='136'>Given Admin is in login page</a>
<div class="">
<span class="badge badge-default">Login page validation.Validate login with valid credentials in username.Given Admin is in login page</span>
</div>
</td>
</tr>
<tr class="tag-test-status" status="fail">
<td><span class="badge log fail-bg">Fail</span></td>
<td>00:17:38 AM</td>
<td>
<a href="#" class="linked" test-id='123' id='141'>Given Admin is in login page</a>
<div class="">
<span class="badge badge-default">Login page validation.Validate login with valid credentials in password.Given Admin is in login page</span>
</div>
</td>
</tr>
<tr class="tag-test-status" status="fail">
<td><span class="badge log fail-bg">Fail</span></td>
<td>00:17:40 AM</td>
<td>
<a href="#" class="linked" test-id='123' id='146'>Given Admin is in login page</a>
<div class="">
<span class="badge badge-default">Login page validation.Validate login with blank username credentials.Given Admin is in login page</span>
</div>
</td>
</tr>
<tr class="tag-test-status" status="fail">
<td><span class="badge log fail-bg">Fail</span></td>
<td>00:17:40 AM</td>
<td>
<a href="#" class="linked" test-id='123' id='151'>Given Admin is in login page</a>
<div class="">
<span class="badge badge-default">Login page validation.Validate login with blank password credentials.Given Admin is in login page</span>
</div>
</td>
</tr>
<tr class="tag-test-status" status="fail">
<td><span class="badge log fail-bg">Fail</span></td>
<td>00:17:40 AM</td>
<td>
<a href="#" class="linked" test-id='123' id='156'>Given Admin is in login page</a>
<div class="">
<span class="badge badge-default">Login page validation.validate login with empty values in both field.Given Admin is in login page</span>
</div>
</td>
</tr>
<tr class="tag-test-status" status="fail">
<td><span class="badge log fail-bg">Fail</span></td>
<td>00:17:41 AM</td>
<td>
<a href="#" class="linked" test-id='123' id='161'>Given Admin is in login page</a>
<div class="">
<span class="badge badge-default">Login page validation.verify login button action through keyboard.Given Admin is in login page</span>
</div>
</td>
</tr>
<tr class="tag-test-status" status="fail">
<td><span class="badge log fail-bg">Fail</span></td>
<td>00:17:41 AM</td>
<td>
<a href="#" class="linked" test-id='123' id='166'>Given Admin is in login page</a>
<div class="">
<span class="badge badge-default">Login page validation.verify login button action through mouse.Given Admin is in login page</span>
</div>
</td>
</tr>
<tr class="tag-test-status" status="fail">
<td><span class="badge log fail-bg">Fail</span></td>
<td>00:17:42 AM</td>
<td>
<a href="#" class="linked" test-id='202' id='205'>Given Admin is in forgot username and password page</a>
<div class="">
<span class="badge badge-default">Forgot username /password Validations.Validate email sent for forgot password.Given Admin is in forgot username and password page</span>
</div>
</td>
</tr>
<tr class="tag-test-status" status="fail">
<td><span class="badge log fail-bg">Fail</span></td>
<td>00:17:42 AM</td>
<td>
<a href="#" class="linked" test-id='202' id='210'>Given Admin is in forgot username and password page</a>
<div class="">
<span class="badge badge-default">Forgot username /password Validations.Validate email sent for forgot password with invalid email id.Given Admin is in forgot username and password page</span>
</div>
</td>
</tr>
<tr class="tag-test-status" status="fail">
<td><span class="badge log fail-bg">Fail</span></td>
<td>00:17:43 AM</td>
<td>
<a href="#" class="linked" test-id='213' id='216'>Given Admin is in login page</a>
<div class="">
<span class="badge badge-default">Reset password.Verify reset password link.Given Admin is in login page</span>
</div>
</td>
</tr>
<tr class="tag-test-status" status="fail">
<td><span class="badge log fail-bg">Fail</span></td>
<td>00:17:43 AM</td>
<td>
<a href="#" class="linked" test-id='213' id='221'>Given Admin is in login page</a>
<div class="">
<span class="badge badge-default">Reset password.Verify text in the page.Given Admin is in login page</span>
</div>
</td>
</tr>
<tr class="tag-test-status" status="fail">
<td><span class="badge log fail-bg">Fail</span></td>
<td>00:17:43 AM</td>
<td>
<a href="#" class="linked" test-id='213' id='226'>Given Admin is in login page</a>
<div class="">
<span class="badge badge-default">Reset password.Verify submit button is present.Given Admin is in login page</span>
</div>
</td>
</tr>
<tr class="tag-test-status" status="fail">
<td><span class="badge log fail-bg">Fail</span></td>
<td>00:17:43 AM</td>
<td>
<a href="#" class="linked" test-id='213' id='231'>Given Admin is in login page</a>
<div class="">
<span class="badge badge-default">Reset password.Verify the alignment of the submit button.Given Admin is in login page</span>
</div>
</td>
</tr>
<tr class="tag-test-status" status="fail">
<td><span class="badge log fail-bg">Fail</span></td>
<td>00:17:43 AM</td>
<td>
<a href="#" class="linked" test-id='213' id='236'>Given Admin is in login page</a>
<div class="">
<span class="badge badge-default">Reset password.Verify text box is present is the page.Given Admin is in login page</span>
</div>
</td>
</tr>
<tr class="tag-test-status" status="fail">
<td><span class="badge log fail-bg">Fail</span></td>
<td>00:17:44 AM</td>
<td>
<a href="#" class="linked" test-id='213' id='241'>Given Admin is in login page</a>
<div class="">
<span class="badge badge-default">Reset password.Verify first label text.Given Admin is in login page</span>
</div>
</td>
</tr>
<tr class="tag-test-status" status="fail">
<td><span class="badge log fail-bg">Fail</span></td>
<td>00:17:44 AM</td>
<td>
<a href="#" class="linked" test-id='213' id='246'>Given Admin is in login page</a>
<div class="">
<span class="badge badge-default">Reset password.Verify second label text.Given Admin is in login page</span>
</div>
</td>
</tr>
<tr class="tag-test-status" status="fail">
<td><span class="badge log fail-bg">Fail</span></td>
<td>00:17:44 AM</td>
<td>
<a href="#" class="linked" test-id='213' id='251'>Given Admin is in login page</a>
<div class="">
<span class="badge badge-default">Reset password.verify text box is in disabled.Given Admin is in login page</span>
</div>
</td>
</tr>
<tr class="tag-test-status" status="fail">
<td><span class="badge log fail-bg">Fail</span></td>
<td>00:17:45 AM</td>
<td>
<a href="#" class="linked" test-id='254' id='257'>Given Admin reset password page</a>
<div class="">
<span class="badge badge-default">Reset password Validations.verify text box is in enabled in new password field.Given Admin reset password page</span>
</div>
</td>
</tr>
<tr class="tag-test-status" status="fail">
<td><span class="badge log fail-bg">Fail</span></td>
<td>00:17:45 AM</td>
<td>
<a href="#" class="linked" test-id='254' id='262'>Given Admin reset password page</a>
<div class="">
<span class="badge badge-default">Reset password Validations.verify text box is in enabled in retype password field.Given Admin reset password page</span>
</div>
</td>
</tr>
<tr class="tag-test-status" status="fail">
<td><span class="badge log fail-bg">Fail</span></td>
<td>00:17:45 AM</td>
<td>
<a href="#" class="linked" test-id='254' id='267'>Given Admin reset password page</a>
<div class="">
<span class="badge badge-default">Reset password Validations.Validate reset password with valid details.Given Admin reset password page</span>
</div>
</td>
</tr>
<tr class="tag-test-status" status="fail">
<td><span class="badge log fail-bg">Fail</span></td>
<td>00:17:45 AM</td>
<td>
<a href="#" class="linked" test-id='254' id='272'>Given Admin reset password page</a>
<div class="">
<span class="badge badge-default">Reset password Validations.Validate reset password with invalid details.Given Admin reset password page</span>
</div>
</td>
</tr>
<tr class="tag-test-status" status="fail">
<td><span class="badge log fail-bg">Fail</span></td>
<td>00:17:45 AM</td>
<td>
<a href="#" class="linked" test-id='254' id='277'>Given Admin reset password page</a>
<div class="">
<span class="badge badge-default">Reset password Validations.Validate reset password with empty details.Given Admin reset password page</span>
</div>
</td>
</tr>
<tr class="tag-test-status" status="fail">
<td><span class="badge log fail-bg">Fail</span></td>
<td>00:17:46 AM</td>
<td>
<a href="#" class="linked" test-id='254' id='282'>Given Admin reset password page</a>
<div class="">
<span class="badge badge-default">Reset password Validations.Validate reset password mismatch values.Given Admin reset password page</span>
</div>
</td>
</tr>
<tr class="tag-test-status" status="fail">
<td><span class="badge log fail-bg">Fail</span></td>
<td>00:17:46 AM</td>
<td>
<a href="#" class="linked" test-id='285' id='288'>Given Admin is in login page</a>
<div class="">
<span class="badge badge-default">Dashboard Page.Verify after login admin lands on manage program as dashboard page.Given Admin is in login page</span>
</div>
</td>
</tr>
<tr class="tag-test-status" status="fail">
<td><span class="badge log fail-bg">Fail</span></td>
<td>00:17:46 AM</td>
<td>
<a href="#" class="linked" test-id='285' id='293'>Given Admin is in login page</a>
<div class="">
<span class="badge badge-default">Dashboard Page.Verify the response time.Given Admin is in login page</span>
</div>
</td>
</tr>
<tr class="tag-test-status" status="fail">
<td><span class="badge log fail-bg">Fail</span></td>
<td>00:17:46 AM</td>
<td>
<a href="#" class="linked" test-id='285' id='298'>Given Admin is in login page</a>
<div class="">
<span class="badge badge-default">Dashboard Page.Verify broken link.Given Admin is in login page</span>
</div>
</td>
</tr>
<tr class="tag-test-status" status="fail">
<td><span class="badge log fail-bg">Fail</span></td>
<td>00:17:46 AM</td>
<td>
<a href="#" class="linked" test-id='285' id='303'>Given Admin is in login page</a>
<div class="">
<span class="badge badge-default">Dashboard Page.Verify LMS title.Given Admin is in login page</span>
</div>
</td>
</tr>
<tr class="tag-test-status" status="fail">
<td><span class="badge log fail-bg">Fail</span></td>
<td>00:17:47 AM</td>
<td>
<a href="#" class="linked" test-id='285' id='308'>Given Admin is in login page</a>
<div class="">
<span class="badge badge-default">Dashboard Page.Verify LMS title alignment.Given Admin is in login page</span>
</div>
</td>
</tr>
<tr class="tag-test-status" status="fail">
<td><span class="badge log fail-bg">Fail</span></td>
<td>00:17:47 AM</td>
<td>
<a href="#" class="linked" test-id='285' id='313'>Given Admin is in login page</a>
<div class="">
<span class="badge badge-default">Dashboard Page.Validate navigation bar text.Given Admin is in login page</span>
</div>
</td>
</tr>
<tr class="tag-test-status" status="fail">
<td><span class="badge log fail-bg">Fail</span></td>
<td>00:17:47 AM</td>
<td>
<a href="#" class="linked" test-id='285' id='318'>Given Admin is in login page</a>
<div class="">
<span class="badge badge-default">Dashboard Page.Validate LMS title has correct spelling ang space.Given Admin is in login page</span>
</div>
</td>
</tr>
<tr class="tag-test-status" status="fail">
<td><span class="badge log fail-bg">Fail</span></td>
<td>00:17:48 AM</td>
<td>
<a href="#" class="linked" test-id='285' id='323'>Given Admin is in login page</a>
<div class="">
<span class="badge badge-default">Dashboard Page.Validate alignment for navigation bar.Given Admin is in login page</span>
</div>
</td>
</tr>
<tr class="tag-test-status" status="fail">
<td><span class="badge log fail-bg">Fail</span></td>
<td>00:17:48 AM</td>
<td>
<a href="#" class="linked" test-id='285' id='328'>Given Admin is in login page</a>
<div class="">
<span class="badge badge-default">Dashboard Page.Validate navigation bar order first Student.Given Admin is in login page</span>
</div>
</td>
</tr>
<tr class="tag-test-status" status="fail">
<td><span class="badge log fail-bg">Fail</span></td>
<td>00:17:48 AM</td>
<td>
<a href="#" class="linked" test-id='285' id='333'>Given Admin is in login page</a>
<div class="">
<span class="badge badge-default">Dashboard Page.Validate navigation bar order second Program.Given Admin is in login page</span>
</div>
</td>
</tr>
<tr class="tag-test-status" status="fail">
<td><span class="badge log fail-bg">Fail</span></td>
<td>00:17:48 AM</td>
<td>
<a href="#" class="linked" test-id='285' id='338'>Given Admin is in login page</a>
<div class="">
<span class="badge badge-default">Dashboard Page.Validate navigation bar order third Batch.Given Admin is in login page</span>
</div>
</td>
</tr>
<tr class="tag-test-status" status="fail">
<td><span class="badge log fail-bg">Fail</span></td>
<td>00:17:49 AM</td>
<td>
<a href="#" class="linked" test-id='285' id='343'>Given Admin is in login page</a>
<div class="">
<span class="badge badge-default">Dashboard Page.Validate navigation bar order fourth Class.Given Admin is in login page</span>
</div>
</td>
</tr>
<tr class="tag-test-status" status="fail">
<td><span class="badge log fail-bg">Fail</span></td>
<td>00:17:49 AM</td>
<td>
<a href="#" class="linked" test-id='285' id='348'>Given Admin is in login page</a>
<div class="">
<span class="badge badge-default">Dashboard Page.Validate navigation bar order fifth User.Given Admin is in login page</span>
</div>
</td>
</tr>
<tr class="tag-test-status" status="fail">
<td><span class="badge log fail-bg">Fail</span></td>
<td>00:17:49 AM</td>
<td>
<a href="#" class="linked" test-id='285' id='353'>Given Admin is in login page</a>
<div class="">
<span class="badge badge-default">Dashboard Page.Validate navigation bar order sixth Assignment.Given Admin is in login page</span>
</div>
</td>
</tr>
<tr class="tag-test-status" status="fail">
<td><span class="badge log fail-bg">Fail</span></td>
<td>00:17:49 AM</td>
<td>
<a href="#" class="linked" test-id='285' id='358'>Given Admin is in login page</a>
<div class="">
<span class="badge badge-default">Dashboard Page.Validate navigation bar order seventh Attendance.Given Admin is in login page</span>
</div>
</td>
</tr>
<tr class="tag-test-status" status="fail">
<td><span class="badge log fail-bg">Fail</span></td>
<td>00:17:49 AM</td>
<td>
<a href="#" class="linked" test-id='285' id='363'>Given Admin is in login page</a>
<div class="">
<span class="badge badge-default">Dashboard Page.Validate navigation bar order eighth Logout.Given Admin is in login page</span>
</div>
</td>
</tr>
<tr class="tag-test-status" status="fail">
<td><span class="badge log fail-bg">Fail</span></td>
<td>00:17:50 AM</td>
<td>
<a href="#" class="linked" test-id='366' id='369'>Given Admin is in dashboard page</a>
<div class="">
<span class="badge badge-default">Logout function.Verify Logout button function.Given Admin is in dashboard page</span>
</div>
</td>
</tr>
</tbody>
</table>
</div>
</li>
</ul>
</div>
</div>
<div class="test-content scrollable">
<div class="test-content-detail">
<div class="detail-body"></div>
</div>
</div>
</div>        </div>
      </div>
    </div>
  </div>
<script src="https://cdn.jsdelivr.net/gh/extent-framework/extent-github-cdn@d6562a79075e061305ccfdb82f01e5e195e2d307/spark/js/spark-script.js"></script>
<script type="text/javascript"></script></body>
</html>